Classic Timing Analyzer report for part1
Wed May 02 14:43:35 2007
Quartus II Version 6.1 Build 201 11/27/2006 SJ Web Edition


---------------------
; Table of Contents ;
---------------------
  1. Legal Notice
  2. Timing Analyzer Summary
  3. Timing Analyzer Settings
  4. tpd
  5. Timing Analyzer Messages



----------------
; Legal Notice ;
----------------
Copyright (C) 1991-2006 Altera Corporation
Your use of Altera Corporation's design tools, logic functions 
and other software and tools, and its AMPP partner logic 
functions, and any output files from any of the foregoing 
(including device programming or simulation files), and any 
associated documentation or information are expressly subject 
to the terms and conditions of the Altera Program License 
Subscription Agreement, Altera MegaCore Function License 
Agreement, or other applicable license agreement, including, 
without limitation, that your use is for the sole purpose of 
programming logic devices manufactured by Altera and sold by 
Altera or its authorized distributors.  Please refer to the 
applicable agreement for further details.



+-----------------------------------------------------------------------------------------------------------------------+
; Timing Analyzer Summary                                                                                               ;
+------------------------------+-------+---------------+-------------+------+----+------------+----------+--------------+
; Type                         ; Slack ; Required Time ; Actual Time ; From ; To ; From Clock ; To Clock ; Failed Paths ;
+------------------------------+-------+---------------+-------------+------+----+------------+----------+--------------+
; Worst-case tpd               ; N/A   ; None          ; 11.204 ns   ; S    ; Q  ; --         ; --       ; 0            ;
; Total number of failed paths ;       ;               ;             ;      ;    ;            ;          ; 0            ;
+------------------------------+-------+---------------+-------------+------+----+------------+----------+--------------+


+------------------------------------------------------------------------------------------------------+
; Timing Analyzer Settings                                                                             ;
+-------------------------------------------------------+--------------------+------+----+-------------+
; Option                                                ; Setting            ; From ; To ; Entity Name ;
+-------------------------------------------------------+--------------------+------+----+-------------+
; Device Name                                           ; EP2C35F672C6       ;      ;    ;             ;
; Timing Models                                         ; Final              ;      ;    ;             ;
; Default hold multicycle                               ; Same as Multicycle ;      ;    ;             ;
; Cut paths between unrelated clock domains             ; On                 ;      ;    ;             ;
; Cut off read during write signal paths                ; On                 ;      ;    ;             ;
; Cut off feedback from I/O pins                        ; On                 ;      ;    ;             ;
; Report Combined Fast/Slow Timing                      ; Off                ;      ;    ;             ;
; fmax Requirement                                      ; 50 MHz             ;      ;    ;             ;
; Ignore Clock Settings                                 ; On                 ;      ;    ;             ;
; Analyze latches as synchronous elements               ; On                 ;      ;    ;             ;
; Enable Recovery/Removal analysis                      ; Off                ;      ;    ;             ;
; Enable Clock Latency                                  ; Off                ;      ;    ;             ;
; Number of source nodes to report per destination node ; 10                 ;      ;    ;             ;
; Number of destination nodes to report                 ; 10                 ;      ;    ;             ;
; Number of paths to report                             ; 200                ;      ;    ;             ;
; Report Minimum Timing Checks                          ; Off                ;      ;    ;             ;
; Use Fast Timing Models                                ; Off                ;      ;    ;             ;
; Report IO Paths Separately                            ; Off                ;      ;    ;             ;
+-------------------------------------------------------+--------------------+------+----+-------------+


+---------------------------------------------------------+
; tpd                                                     ;
+-------+-------------------+-----------------+------+----+
; Slack ; Required P2P Time ; Actual P2P Time ; From ; To ;
+-------+-------------------+-----------------+------+----+
; N/A   ; None              ; 11.204 ns       ; S    ; Q  ;
; N/A   ; None              ; 6.227 ns        ; Clk  ; Q  ;
; N/A   ; None              ; 6.043 ns        ; R    ; Q  ;
+-------+-------------------+-----------------+------+----+


+--------------------------+
; Timing Analyzer Messages ;
+--------------------------+
Info: *******************************************************************
Info: Running Quartus II Classic Timing Analyzer
    Info: Version 6.1 Build 201 11/27/2006 SJ Web Edition
    Info: Processing started: Wed May 02 14:43:34 2007
Info: Command: quartus_tan --read_settings_files=off --write_settings_files=off part1 -c part1 --timing_analysis_only
Warning: Found combinational loop of 2 nodes
    Warning: Node "Qb"
    Warning: Node "Qa"
Info: Longest tpd from source pin "S" to destination pin "Q" is 11.204 ns
    Info: 1: + IC(0.000 ns) + CELL(0.832 ns) = 0.832 ns; Loc. = PIN_F20; Fanout = 1; PIN Node = 'S'
    Info: 2: + IC(5.531 ns) + CELL(0.393 ns) = 6.756 ns; Loc. = LCCOMB_X31_Y34_N10; Fanout = 2; COMB Node = 'S_g'
    Info: 3: + IC(0.000 ns) + CELL(1.055 ns) = 7.811 ns; Loc. = LCCOMB_X31_Y34_N22; Fanout = 2; COMB LOOP Node = 'Qa'
        Info: Loc. = LCCOMB_X31_Y34_N6; Node "Qb"
        Info: Loc. = LCCOMB_X31_Y34_N22; Node "Qa"
    Info: 4: + IC(0.605 ns) + CELL(2.788 ns) = 11.204 ns; Loc. = PIN_C12; Fanout = 0; PIN Node = 'Q'
    Info: Total cell delay = 5.068 ns ( 45.23 % )
    Info: Total interconnect delay = 6.136 ns ( 54.77 % )
Info: Quartus II Classic Timing Analyzer was successful. 0 errors, 3 warnings
    Info: Allocated 111 megabytes of memory during processing
    Info: Processing ended: Wed May 02 14:43:35 2007
    Info: Elapsed time: 00:00:01


