Analysis & Synthesis report for part3
Wed May 02 19:05:04 2007
Quartus II Version 6.1 Build 201 11/27/2006 SJ Web Edition


---------------------
; Table of Contents ;
---------------------
  1. Legal Notice
  2. Analysis & Synthesis Summary
  3. Analysis & Synthesis Settings
  4. Analysis & Synthesis Source Files Read
  5. Analysis & Synthesis Resource Usage Summary
  6. Analysis & Synthesis Resource Utilization by Entity
  7. General Register Statistics
  8. Parameter Settings for User Entity Instance: lpm_count:U1|lpm_counter:lpm_counter_component
  9. Analysis & Synthesis Messages



----------------
; Legal Notice ;
----------------
Copyright (C) 1991-2006 Altera Corporation
Your use of Altera Corporation's design tools, logic functions 
and other software and tools, and its AMPP partner logic 
functions, and any output files from any of the foregoing 
(including device programming or simulation files), and any 
associated documentation or information are expressly subject 
to the terms and conditions of the Altera Program License 
Subscription Agreement, Altera MegaCore Function License 
Agreement, or other applicable license agreement, including, 
without limitation, that your use is for the sole purpose of 
programming logic devices manufactured by Altera and sold by 
Altera or its authorized distributors.  Please refer to the 
applicable agreement for further details.



+------------------------------------------------------------------------------+
; Analysis & Synthesis Summary                                                 ;
+------------------------------------+-----------------------------------------+
; Analysis & Synthesis Status        ; Successful - Wed May 02 19:05:04 2007   ;
; Quartus II Version                 ; 6.1 Build 201 11/27/2006 SJ Web Edition ;
; Revision Name                      ; part3                                   ;
; Top-level Entity Name              ; part3                                   ;
; Family                             ; Cyclone II                              ;
; Total logic elements               ; 46                                      ;
;     Total combinational functions  ; 46                                      ;
;     Dedicated logic registers      ; 16                                      ;
; Total registers                    ; 16                                      ;
; Total pins                         ; 31                                      ;
; Total virtual pins                 ; 0                                       ;
; Total memory bits                  ; 0                                       ;
; Embedded Multiplier 9-bit elements ; 0                                       ;
; Total PLLs                         ; 0                                       ;
+------------------------------------+-----------------------------------------+


+--------------------------------------------------------------------------------------------------------------+
; Analysis & Synthesis Settings                                                                                ;
+--------------------------------------------------------------------+--------------------+--------------------+
; Option                                                             ; Setting            ; Default Value      ;
+--------------------------------------------------------------------+--------------------+--------------------+
; Device                                                             ; EP2C35F672C6       ;                    ;
; Top-level entity name                                              ; part3              ; part3              ;
; Family name                                                        ; Cyclone II         ; Stratix            ;
; Restructure Multiplexers                                           ; Auto               ; Auto               ;
; Create Debugging Nodes for IP Cores                                ; Off                ; Off                ;
; Preserve fewer node names                                          ; On                 ; On                 ;
; Disable OpenCore Plus hardware evaluation                          ; Off                ; Off                ;
; Verilog Version                                                    ; Verilog_2001       ; Verilog_2001       ;
; VHDL Version                                                       ; VHDL93             ; VHDL93             ;
; State Machine Processing                                           ; Auto               ; Auto               ;
; Safe State Machine                                                 ; Off                ; Off                ;
; Extract Verilog State Machines                                     ; On                 ; On                 ;
; Extract VHDL State Machines                                        ; On                 ; On                 ;
; Ignore Verilog initial constructs                                  ; Off                ; Off                ;
; Add Pass-Through Logic to Inferred RAMs                            ; On                 ; On                 ;
; DSP Block Balancing                                                ; Auto               ; Auto               ;
; NOT Gate Push-Back                                                 ; On                 ; On                 ;
; Power-Up Don't Care                                                ; On                 ; On                 ;
; Remove Redundant Logic Cells                                       ; Off                ; Off                ;
; Remove Duplicate Registers                                         ; On                 ; On                 ;
; Ignore CARRY Buffers                                               ; Off                ; Off                ;
; Ignore CASCADE Buffers                                             ; Off                ; Off                ;
; Ignore GLOBAL Buffers                                              ; Off                ; Off                ;
; Ignore ROW GLOBAL Buffers                                          ; Off                ; Off                ;
; Ignore LCELL Buffers                                               ; Off                ; Off                ;
; Ignore SOFT Buffers                                                ; On                 ; On                 ;
; Limit AHDL Integers to 32 Bits                                     ; Off                ; Off                ;
; Optimization Technique -- Cyclone II                               ; Balanced           ; Balanced           ;
; Carry Chain Length -- Stratix/Stratix GX/Cyclone/MAX II/Cyclone II ; 70                 ; 70                 ;
; Auto Carry Chains                                                  ; On                 ; On                 ;
; Auto Open-Drain Pins                                               ; On                 ; On                 ;
; Perform WYSIWYG Primitive Resynthesis                              ; Off                ; Off                ;
; Perform gate-level register retiming                               ; Off                ; Off                ;
; Allow register retiming to trade off Tsu/Tco with Fmax             ; On                 ; On                 ;
; Auto ROM Replacement                                               ; On                 ; On                 ;
; Auto RAM Replacement                                               ; On                 ; On                 ;
; Auto Shift Register Replacement                                    ; On                 ; On                 ;
; Auto Clock Enable Replacement                                      ; On                 ; On                 ;
; Allow Synchronous Control Signals                                  ; On                 ; On                 ;
; Force Use of Synchronous Clear Signals                             ; Off                ; Off                ;
; Auto RAM to Logic Cell Conversion                                  ; Off                ; Off                ;
; Auto Resource Sharing                                              ; Off                ; Off                ;
; Allow Any RAM Size For Recognition                                 ; Off                ; Off                ;
; Allow Any ROM Size For Recognition                                 ; Off                ; Off                ;
; Allow Any Shift Register Size For Recognition                      ; Off                ; Off                ;
; Ignore translate_off and synthesis_off directives                  ; Off                ; Off                ;
; Show Parameter Settings Tables in Synthesis Report                 ; On                 ; On                 ;
; Ignore Maximum Fan-Out Assignments                                 ; Off                ; Off                ;
; Retiming Meta-Stability Register Sequence Length                   ; 2                  ; 2                  ;
; PowerPlay Power Optimization                                       ; Normal compilation ; Normal compilation ;
; HDL message level                                                  ; Level2             ; Level2             ;
; Suppress Register Optimization Related Messages                    ; Off                ; Off                ;
; Number of Removed Registers Reported in Synthesis Report           ; 100                ; 100                ;
; Use smart compilation                                              ; Off                ; Off                ;
+--------------------------------------------------------------------+--------------------+--------------------+


+---------------------------------------------------------------------------------------------------------------------------------------------------------------------------------+
; Analysis & Synthesis Source Files Read                                                                                                                                          ;
+----------------------------------+-----------------+------------------------------+---------------------------------------------------------------------------------------------+
; File Name with User-Entered Path ; Used in Netlist ; File Type                    ; File Name with Absolute Path                                                                ;
+----------------------------------+-----------------+------------------------------+---------------------------------------------------------------------------------------------+
; lpm_count.vhd                    ; yes             ; User VHDL File               ; D:/강의관련/디지털공학/DE2/VHDL_source_files/Exercise4/solutions/part3.VHDL/lpm_count.vhd   ;
; part3.vhd                        ; yes             ; User VHDL File               ; D:/강의관련/디지털공학/DE2/VHDL_source_files/Exercise4/solutions/part3.VHDL/part3.vhd       ;
; lpm_counter.tdf                  ; yes             ; Megafunction                 ; c:/altera/61/quartus/libraries/megafunctions/lpm_counter.tdf                                ;
; lpm_constant.inc                 ; yes             ; Megafunction                 ; c:/altera/61/quartus/libraries/megafunctions/lpm_constant.inc                               ;
; lpm_decode.inc                   ; yes             ; Megafunction                 ; c:/altera/61/quartus/libraries/megafunctions/lpm_decode.inc                                 ;
; lpm_add_sub.inc                  ; yes             ; Megafunction                 ; c:/altera/61/quartus/libraries/megafunctions/lpm_add_sub.inc                                ;
; cmpconst.inc                     ; yes             ; Megafunction                 ; c:/altera/61/quartus/libraries/megafunctions/cmpconst.inc                                   ;
; lpm_compare.inc                  ; yes             ; Megafunction                 ; c:/altera/61/quartus/libraries/megafunctions/lpm_compare.inc                                ;
; lpm_counter.inc                  ; yes             ; Megafunction                 ; c:/altera/61/quartus/libraries/megafunctions/lpm_counter.inc                                ;
; dffeea.inc                       ; yes             ; Megafunction                 ; c:/altera/61/quartus/libraries/megafunctions/dffeea.inc                                     ;
; alt_synch_counter.inc            ; yes             ; Megafunction                 ; c:/altera/61/quartus/libraries/megafunctions/alt_synch_counter.inc                          ;
; alt_synch_counter_f.inc          ; yes             ; Megafunction                 ; c:/altera/61/quartus/libraries/megafunctions/alt_synch_counter_f.inc                        ;
; alt_counter_f10ke.inc            ; yes             ; Megafunction                 ; c:/altera/61/quartus/libraries/megafunctions/alt_counter_f10ke.inc                          ;
; alt_counter_stratix.inc          ; yes             ; Megafunction                 ; c:/altera/61/quartus/libraries/megafunctions/alt_counter_stratix.inc                        ;
; aglobal61.inc                    ; yes             ; Megafunction                 ; c:/altera/61/quartus/libraries/megafunctions/aglobal61.inc                                  ;
; db/cntr_mpi.tdf                  ; yes             ; Auto-Generated Megafunction  ; D:/강의관련/디지털공학/DE2/VHDL_source_files/Exercise4/solutions/part3.VHDL/db/cntr_mpi.tdf ;
+----------------------------------+-----------------+------------------------------+---------------------------------------------------------------------------------------------+


+-----------------------------------------------------+
; Analysis & Synthesis Resource Usage Summary         ;
+---------------------------------------------+-------+
; Resource                                    ; Usage ;
+---------------------------------------------+-------+
; Estimated Total logic elements              ; 46    ;
;                                             ;       ;
; Total combinational functions               ; 46    ;
; Logic element usage by number of LUT inputs ;       ;
;     -- 4 input functions                    ; 28    ;
;     -- 3 input functions                    ; 0     ;
;     -- <=2 input functions                  ; 18    ;
;                                             ;       ;
; Logic elements by mode                      ;       ;
;     -- normal mode                          ; 31    ;
;     -- arithmetic mode                      ; 15    ;
;                                             ;       ;
; Total registers                             ; 16    ;
;     -- Dedicated logic registers            ; 16    ;
;     -- I/O registers                        ; 0     ;
;                                             ;       ;
; I/O pins                                    ; 31    ;
; Maximum fan-out node                        ; SW[0] ;
; Maximum fan-out                             ; 17    ;
; Total fan-out                               ; 253   ;
; Average fan-out                             ; 2.72  ;
+---------------------------------------------+-------+


+---------------------------------------------------------------------------------------------------------------------------------------------------------------------------------------------------------------------------------------+
; Analysis & Synthesis Resource Utilization by Entity                                                                                                                                                                                   ;
+-------------------------------------------+-------------------+--------------+-------------+--------------+---------+-----------+------+--------------+-------------------------------------------------------------------------------+
; Compilation Hierarchy Node                ; LC Combinationals ; LC Registers ; Memory Bits ; DSP Elements ; DSP 9x9 ; DSP 18x18 ; Pins ; Virtual Pins ; Full Hierarchy Name                                                           ;
+-------------------------------------------+-------------------+--------------+-------------+--------------+---------+-----------+------+--------------+-------------------------------------------------------------------------------+
; |part3                                    ; 46 (1)            ; 16 (0)       ; 0           ; 0            ; 0       ; 0         ; 31   ; 0            ; |part3                                                                        ;
;    |hex7seg:digit0|                       ; 7 (7)             ; 0 (0)        ; 0           ; 0            ; 0       ; 0         ; 0    ; 0            ; |part3|hex7seg:digit0                                                         ;
;    |hex7seg:digit1|                       ; 7 (7)             ; 0 (0)        ; 0           ; 0            ; 0       ; 0         ; 0    ; 0            ; |part3|hex7seg:digit1                                                         ;
;    |hex7seg:digit2|                       ; 7 (7)             ; 0 (0)        ; 0           ; 0            ; 0       ; 0         ; 0    ; 0            ; |part3|hex7seg:digit2                                                         ;
;    |hex7seg:digit3|                       ; 7 (7)             ; 0 (0)        ; 0           ; 0            ; 0       ; 0         ; 0    ; 0            ; |part3|hex7seg:digit3                                                         ;
;    |lpm_count:U1|                         ; 17 (0)            ; 16 (0)       ; 0           ; 0            ; 0       ; 0         ; 0    ; 0            ; |part3|lpm_count:U1                                                           ;
;       |lpm_counter:lpm_counter_component| ; 17 (0)            ; 16 (0)       ; 0           ; 0            ; 0       ; 0         ; 0    ; 0            ; |part3|lpm_count:U1|lpm_counter:lpm_counter_component                         ;
;          |cntr_mpi:auto_generated|        ; 17 (17)           ; 16 (16)      ; 0           ; 0            ; 0       ; 0         ; 0    ; 0            ; |part3|lpm_count:U1|lpm_counter:lpm_counter_component|cntr_mpi:auto_generated ;
+-------------------------------------------+-------------------+--------------+-------------+--------------+---------+-----------+------+--------------+-------------------------------------------------------------------------------+
Note: For table entries with two numbers listed, the numbers in parentheses indicate the number of resources of the given type used by the specific entity alone. The numbers listed outside of parentheses indicate the total resources of the given type used by the specific entity and all of its sub-entities in the hierarchy.


+------------------------------------------------------+
; General Register Statistics                          ;
+----------------------------------------------+-------+
; Statistic                                    ; Value ;
+----------------------------------------------+-------+
; Total registers                              ; 16    ;
; Number of registers using Synchronous Clear  ; 0     ;
; Number of registers using Synchronous Load   ; 16    ;
; Number of registers using Asynchronous Clear ; 0     ;
; Number of registers using Asynchronous Load  ; 0     ;
; Number of registers using Clock Enable       ; 16    ;
; Number of registers using Preset             ; 0     ;
+----------------------------------------------+-------+


+---------------------------------------------------------------------------------------------+
; Parameter Settings for User Entity Instance: lpm_count:U1|lpm_counter:lpm_counter_component ;
+------------------------+-------------+------------------------------------------------------+
; Parameter Name         ; Value       ; Type                                                 ;
+------------------------+-------------+------------------------------------------------------+
; AUTO_CARRY_CHAINS      ; ON          ; AUTO_CARRY                                           ;
; IGNORE_CARRY_BUFFERS   ; OFF         ; IGNORE_CARRY                                         ;
; AUTO_CASCADE_CHAINS    ; ON          ; AUTO_CASCADE                                         ;
; IGNORE_CASCADE_BUFFERS ; OFF         ; IGNORE_CASCADE                                       ;
; LPM_WIDTH              ; 16          ; Signed Integer                                       ;
; LPM_DIRECTION          ; UP          ; Untyped                                              ;
; LPM_MODULUS            ; 0           ; Untyped                                              ;
; LPM_AVALUE             ; UNUSED      ; Untyped                                              ;
; LPM_SVALUE             ; UNUSED      ; Untyped                                              ;
; LPM_PORT_UPDOWN        ; PORT_UNUSED ; Untyped                                              ;
; DEVICE_FAMILY          ; Cyclone II  ; Untyped                                              ;
; CARRY_CHAIN            ; MANUAL      ; Untyped                                              ;
; CARRY_CHAIN_LENGTH     ; 48          ; CARRY_CHAIN_LENGTH                                   ;
; NOT_GATE_PUSH_BACK     ; ON          ; NOT_GATE_PUSH_BACK                                   ;
; CARRY_CNT_EN           ; SMART       ; Untyped                                              ;
; LABWIDE_SCLR           ; ON          ; Untyped                                              ;
; USE_NEW_VERSION        ; TRUE        ; Untyped                                              ;
; CBXI_PARAMETER         ; cntr_mpi    ; Untyped                                              ;
+------------------------+-------------+------------------------------------------------------+
Note: In order to hide this table in the UI and the text report file, please set the "Show Parameter Settings Tables in Synthesis Report" option in "Analysis and Synthesis Settings -> More Settings" to "Off".


+-------------------------------+
; Analysis & Synthesis Messages ;
+-------------------------------+
Info: *******************************************************************
Info: Running Quartus II Analysis & Synthesis
    Info: Version 6.1 Build 201 11/27/2006 SJ Web Edition
    Info: Processing started: Wed May 02 19:05:02 2007
Info: Command: quartus_map --read_settings_files=on --write_settings_files=off part3 -c part3
Info: Found 2 design units, including 1 entities, in source file lpm_count.vhd
    Info: Found design unit 1: lpm_count-SYN
    Info: Found entity 1: lpm_count
Info: Found 4 design units, including 2 entities, in source file part3.vhd
    Info: Found design unit 1: part3-Behavior
    Info: Found design unit 2: hex7seg-Behavior
    Info: Found entity 1: part3
    Info: Found entity 2: hex7seg
Info: Elaborating entity "part3" for the top level hierarchy
Info: Elaborating entity "lpm_count" for hierarchy "lpm_count:U1"
Info: Found 1 design units, including 1 entities, in source file c:/altera/61/quartus/libraries/megafunctions/lpm_counter.tdf
    Info: Found entity 1: lpm_counter
Info: Elaborating entity "lpm_counter" for hierarchy "lpm_count:U1|lpm_counter:lpm_counter_component"
Info: Elaborated megafunction instantiation "lpm_count:U1|lpm_counter:lpm_counter_component"
Info: Found 1 design units, including 1 entities, in source file db/cntr_mpi.tdf
    Info: Found entity 1: cntr_mpi
Info: Elaborating entity "cntr_mpi" for hierarchy "lpm_count:U1|lpm_counter:lpm_counter_component|cntr_mpi:auto_generated"
Info: Elaborating entity "hex7seg" for hierarchy "hex7seg:digit3"
Info: Implemented 77 device resources after synthesis - the final resource count might be different
    Info: Implemented 3 input pins
    Info: Implemented 28 output pins
    Info: Implemented 46 logic cells
Info: Quartus II Analysis & Synthesis was successful. 0 errors, 0 warnings
    Info: Allocated 145 megabytes of memory during processing
    Info: Processing ended: Wed May 02 19:05:04 2007
    Info: Elapsed time: 00:00:02


