Classic Timing Analyzer report for part4
Wed May 02 19:39:21 2007
Quartus II Version 6.1 Build 201 11/27/2006 SJ Web Edition


---------------------
; Table of Contents ;
---------------------
  1. Legal Notice
  2. Timing Analyzer Summary
  3. Timing Analyzer Settings
  4. Clock Settings Summary
  5. Clock Setup: 'CLOCK_50'
  6. tco
  7. Timing Analyzer Messages



----------------
; Legal Notice ;
----------------
Copyright (C) 1991-2006 Altera Corporation
Your use of Altera Corporation's design tools, logic functions 
and other software and tools, and its AMPP partner logic 
functions, and any output files from any of the foregoing 
(including device programming or simulation files), and any 
associated documentation or information are expressly subject 
to the terms and conditions of the Altera Program License 
Subscription Agreement, Altera MegaCore Function License 
Agreement, or other applicable license agreement, including, 
without limitation, that your use is for the sole purpose of 
programming logic devices manufactured by Altera and sold by 
Altera or its authorized distributors.  Please refer to the 
applicable agreement for further details.



+----------------------------------------------------------------------------------------------------------------------------------------------------------------------+
; Timing Analyzer Summary                                                                                                                                              ;
+------------------------------+-------+---------------+----------------------------------+------------------+------------------+------------+----------+--------------+
; Type                         ; Slack ; Required Time ; Actual Time                      ; From             ; To               ; From Clock ; To Clock ; Failed Paths ;
+------------------------------+-------+---------------+----------------------------------+------------------+------------------+------------+----------+--------------+
; Worst-case tco               ; N/A   ; None          ; 8.374 ns                         ; digit_flipper[0] ; HEX0[2]          ; CLOCK_50   ; --       ; 0            ;
; Clock Setup: 'CLOCK_50'      ; N/A   ; None          ; 287.36 MHz ( period = 3.480 ns ) ; slow_count[15]   ; digit_flipper[3] ; CLOCK_50   ; CLOCK_50 ; 0            ;
; Total number of failed paths ;       ;               ;                                  ;                  ;                  ;            ;          ; 0            ;
+------------------------------+-------+---------------+----------------------------------+------------------+------------------+------------+----------+--------------+


+------------------------------------------------------------------------------------------------------+
; Timing Analyzer Settings                                                                             ;
+-------------------------------------------------------+--------------------+------+----+-------------+
; Option                                                ; Setting            ; From ; To ; Entity Name ;
+-------------------------------------------------------+--------------------+------+----+-------------+
; Device Name                                           ; EP2C35F672C6       ;      ;    ;             ;
; Timing Models                                         ; Final              ;      ;    ;             ;
; Default hold multicycle                               ; Same as Multicycle ;      ;    ;             ;
; Cut paths between unrelated clock domains             ; On                 ;      ;    ;             ;
; Cut off read during write signal paths                ; On                 ;      ;    ;             ;
; Cut off feedback from I/O pins                        ; On                 ;      ;    ;             ;
; Report Combined Fast/Slow Timing                      ; Off                ;      ;    ;             ;
; Ignore Clock Settings                                 ; Off                ;      ;    ;             ;
; Analyze latches as synchronous elements               ; On                 ;      ;    ;             ;
; Enable Recovery/Removal analysis                      ; Off                ;      ;    ;             ;
; Enable Clock Latency                                  ; Off                ;      ;    ;             ;
; Number of source nodes to report per destination node ; 10                 ;      ;    ;             ;
; Number of destination nodes to report                 ; 10                 ;      ;    ;             ;
; Number of paths to report                             ; 200                ;      ;    ;             ;
; Report Minimum Timing Checks                          ; Off                ;      ;    ;             ;
; Use Fast Timing Models                                ; Off                ;      ;    ;             ;
; Report IO Paths Separately                            ; Off                ;      ;    ;             ;
+-------------------------------------------------------+--------------------+------+----+-------------+


+------------------------------------------------------------------------------------------------------------------------------------------------------------------------------------+
; Clock Settings Summary                                                                                                                                                             ;
+-----------------+--------------------+----------+------------------+---------------+--------------+----------+-----------------------+---------------------+--------+--------------+
; Clock Node Name ; Clock Setting Name ; Type     ; Fmax Requirement ; Early Latency ; Late Latency ; Based on ; Multiply Base Fmax by ; Divide Base Fmax by ; Offset ; Phase offset ;
+-----------------+--------------------+----------+------------------+---------------+--------------+----------+-----------------------+---------------------+--------+--------------+
; CLOCK_50        ;                    ; User Pin ; None             ; 0.000 ns      ; 0.000 ns     ; --       ; N/A                   ; N/A                 ; N/A    ;              ;
+-----------------+--------------------+----------+------------------+---------------+--------------+----------+-----------------------+---------------------+--------+--------------+


+-----------------------------------------------------------------------------------------------------------------------------------------------------------------------------------------------------------------------------------------------+
; Clock Setup: 'CLOCK_50'                                                                                                                                                                                                                       ;
+-----------------------------------------+-----------------------------------------------------+----------------+------------------+------------+----------+-----------------------------+---------------------------+-------------------------+
; Slack                                   ; Actual fmax (period)                                ; From           ; To               ; From Clock ; To Clock ; Required Setup Relationship ; Required Longest P2P Time ; Actual Longest P2P Time ;
+-----------------------------------------+-----------------------------------------------------+----------------+------------------+------------+----------+-----------------------------+---------------------------+-------------------------+
; N/A                                     ; 287.36 MHz ( period = 3.480 ns )                    ; slow_count[15] ; digit_flipper[0] ; CLOCK_50   ; CLOCK_50 ; None                        ; None                      ; 3.259 ns                ;
; N/A                                     ; 287.36 MHz ( period = 3.480 ns )                    ; slow_count[15] ; digit_flipper[1] ; CLOCK_50   ; CLOCK_50 ; None                        ; None                      ; 3.259 ns                ;
; N/A                                     ; 287.36 MHz ( period = 3.480 ns )                    ; slow_count[15] ; digit_flipper[3] ; CLOCK_50   ; CLOCK_50 ; None                        ; None                      ; 3.259 ns                ;
; N/A                                     ; 293.94 MHz ( period = 3.402 ns )                    ; slow_count[8]  ; digit_flipper[0] ; CLOCK_50   ; CLOCK_50 ; None                        ; None                      ; 3.188 ns                ;
; N/A                                     ; 293.94 MHz ( period = 3.402 ns )                    ; slow_count[8]  ; digit_flipper[1] ; CLOCK_50   ; CLOCK_50 ; None                        ; None                      ; 3.188 ns                ;
; N/A                                     ; 293.94 MHz ( period = 3.402 ns )                    ; slow_count[8]  ; digit_flipper[3] ; CLOCK_50   ; CLOCK_50 ; None                        ; None                      ; 3.188 ns                ;
; N/A                                     ; 294.72 MHz ( period = 3.393 ns )                    ; slow_count[0]  ; slow_count[24]   ; CLOCK_50   ; CLOCK_50 ; None                        ; None                      ; 3.186 ns                ;
; N/A                                     ; 296.12 MHz ( period = 3.377 ns )                    ; slow_count[15] ; digit_flipper[2] ; CLOCK_50   ; CLOCK_50 ; None                        ; None                      ; 3.156 ns                ;
; N/A                                     ; 298.95 MHz ( period = 3.345 ns )                    ; slow_count[5]  ; digit_flipper[0] ; CLOCK_50   ; CLOCK_50 ; None                        ; None                      ; 3.131 ns                ;
; N/A                                     ; 298.95 MHz ( period = 3.345 ns )                    ; slow_count[5]  ; digit_flipper[1] ; CLOCK_50   ; CLOCK_50 ; None                        ; None                      ; 3.131 ns                ;
; N/A                                     ; 298.95 MHz ( period = 3.345 ns )                    ; slow_count[5]  ; digit_flipper[3] ; CLOCK_50   ; CLOCK_50 ; None                        ; None                      ; 3.131 ns                ;
; N/A                                     ; 301.02 MHz ( period = 3.322 ns )                    ; slow_count[0]  ; slow_count[23]   ; CLOCK_50   ; CLOCK_50 ; None                        ; None                      ; 3.115 ns                ;
; N/A                                     ; 301.11 MHz ( period = 3.321 ns )                    ; slow_count[10] ; digit_flipper[0] ; CLOCK_50   ; CLOCK_50 ; None                        ; None                      ; 3.107 ns                ;
; N/A                                     ; 301.11 MHz ( period = 3.321 ns )                    ; slow_count[10] ; digit_flipper[1] ; CLOCK_50   ; CLOCK_50 ; None                        ; None                      ; 3.107 ns                ;
; N/A                                     ; 301.11 MHz ( period = 3.321 ns )                    ; slow_count[10] ; digit_flipper[3] ; CLOCK_50   ; CLOCK_50 ; None                        ; None                      ; 3.107 ns                ;
; N/A                                     ; 302.57 MHz ( period = 3.305 ns )                    ; slow_count[7]  ; digit_flipper[0] ; CLOCK_50   ; CLOCK_50 ; None                        ; None                      ; 3.091 ns                ;
; N/A                                     ; 302.57 MHz ( period = 3.305 ns )                    ; slow_count[7]  ; digit_flipper[1] ; CLOCK_50   ; CLOCK_50 ; None                        ; None                      ; 3.091 ns                ;
; N/A                                     ; 302.57 MHz ( period = 3.305 ns )                    ; slow_count[7]  ; digit_flipper[3] ; CLOCK_50   ; CLOCK_50 ; None                        ; None                      ; 3.091 ns                ;
; N/A                                     ; 303.12 MHz ( period = 3.299 ns )                    ; slow_count[8]  ; digit_flipper[2] ; CLOCK_50   ; CLOCK_50 ; None                        ; None                      ; 3.085 ns                ;
; N/A                                     ; 303.77 MHz ( period = 3.292 ns )                    ; slow_count[13] ; digit_flipper[0] ; CLOCK_50   ; CLOCK_50 ; None                        ; None                      ; 3.071 ns                ;
; N/A                                     ; 303.77 MHz ( period = 3.292 ns )                    ; slow_count[13] ; digit_flipper[1] ; CLOCK_50   ; CLOCK_50 ; None                        ; None                      ; 3.071 ns                ;
; N/A                                     ; 303.77 MHz ( period = 3.292 ns )                    ; slow_count[13] ; digit_flipper[3] ; CLOCK_50   ; CLOCK_50 ; None                        ; None                      ; 3.071 ns                ;
; N/A                                     ; 303.95 MHz ( period = 3.290 ns )                    ; slow_count[6]  ; digit_flipper[0] ; CLOCK_50   ; CLOCK_50 ; None                        ; None                      ; 3.076 ns                ;
; N/A                                     ; 303.95 MHz ( period = 3.290 ns )                    ; slow_count[6]  ; digit_flipper[1] ; CLOCK_50   ; CLOCK_50 ; None                        ; None                      ; 3.076 ns                ;
; N/A                                     ; 303.95 MHz ( period = 3.290 ns )                    ; slow_count[6]  ; digit_flipper[3] ; CLOCK_50   ; CLOCK_50 ; None                        ; None                      ; 3.076 ns                ;
; N/A                                     ; 305.62 MHz ( period = 3.272 ns )                    ; slow_count[9]  ; digit_flipper[0] ; CLOCK_50   ; CLOCK_50 ; None                        ; None                      ; 3.058 ns                ;
; N/A                                     ; 305.62 MHz ( period = 3.272 ns )                    ; slow_count[9]  ; digit_flipper[1] ; CLOCK_50   ; CLOCK_50 ; None                        ; None                      ; 3.058 ns                ;
; N/A                                     ; 305.62 MHz ( period = 3.272 ns )                    ; slow_count[9]  ; digit_flipper[3] ; CLOCK_50   ; CLOCK_50 ; None                        ; None                      ; 3.058 ns                ;
; N/A                                     ; 306.75 MHz ( period = 3.260 ns )                    ; slow_count[11] ; digit_flipper[0] ; CLOCK_50   ; CLOCK_50 ; None                        ; None                      ; 3.046 ns                ;
; N/A                                     ; 306.75 MHz ( period = 3.260 ns )                    ; slow_count[11] ; digit_flipper[1] ; CLOCK_50   ; CLOCK_50 ; None                        ; None                      ; 3.046 ns                ;
; N/A                                     ; 306.75 MHz ( period = 3.260 ns )                    ; slow_count[11] ; digit_flipper[3] ; CLOCK_50   ; CLOCK_50 ; None                        ; None                      ; 3.046 ns                ;
; N/A                                     ; 307.60 MHz ( period = 3.251 ns )                    ; slow_count[0]  ; slow_count[22]   ; CLOCK_50   ; CLOCK_50 ; None                        ; None                      ; 3.044 ns                ;
; N/A                                     ; 308.45 MHz ( period = 3.242 ns )                    ; slow_count[5]  ; digit_flipper[2] ; CLOCK_50   ; CLOCK_50 ; None                        ; None                      ; 3.028 ns                ;
; N/A                                     ; 310.46 MHz ( period = 3.221 ns )                    ; slow_count[1]  ; slow_count[24]   ; CLOCK_50   ; CLOCK_50 ; None                        ; None                      ; 3.014 ns                ;
; N/A                                     ; 310.75 MHz ( period = 3.218 ns )                    ; slow_count[10] ; digit_flipper[2] ; CLOCK_50   ; CLOCK_50 ; None                        ; None                      ; 3.004 ns                ;
; N/A                                     ; 312.30 MHz ( period = 3.202 ns )                    ; slow_count[7]  ; digit_flipper[2] ; CLOCK_50   ; CLOCK_50 ; None                        ; None                      ; 2.988 ns                ;
; N/A                                     ; 312.60 MHz ( period = 3.199 ns )                    ; slow_count[14] ; digit_flipper[0] ; CLOCK_50   ; CLOCK_50 ; None                        ; None                      ; 2.978 ns                ;
; N/A                                     ; 312.60 MHz ( period = 3.199 ns )                    ; slow_count[14] ; digit_flipper[1] ; CLOCK_50   ; CLOCK_50 ; None                        ; None                      ; 2.978 ns                ;
; N/A                                     ; 312.60 MHz ( period = 3.199 ns )                    ; slow_count[14] ; digit_flipper[3] ; CLOCK_50   ; CLOCK_50 ; None                        ; None                      ; 2.978 ns                ;
; N/A                                     ; 313.58 MHz ( period = 3.189 ns )                    ; slow_count[13] ; digit_flipper[2] ; CLOCK_50   ; CLOCK_50 ; None                        ; None                      ; 2.968 ns                ;
; N/A                                     ; 313.77 MHz ( period = 3.187 ns )                    ; slow_count[6]  ; digit_flipper[2] ; CLOCK_50   ; CLOCK_50 ; None                        ; None                      ; 2.973 ns                ;
; N/A                                     ; 313.87 MHz ( period = 3.186 ns )                    ; slow_count[2]  ; slow_count[24]   ; CLOCK_50   ; CLOCK_50 ; None                        ; None                      ; 2.979 ns                ;
; N/A                                     ; 314.47 MHz ( period = 3.180 ns )                    ; slow_count[0]  ; slow_count[21]   ; CLOCK_50   ; CLOCK_50 ; None                        ; None                      ; 2.973 ns                ;
; N/A                                     ; 315.56 MHz ( period = 3.169 ns )                    ; slow_count[9]  ; digit_flipper[2] ; CLOCK_50   ; CLOCK_50 ; None                        ; None                      ; 2.955 ns                ;
; N/A                                     ; 316.76 MHz ( period = 3.157 ns )                    ; slow_count[11] ; digit_flipper[2] ; CLOCK_50   ; CLOCK_50 ; None                        ; None                      ; 2.943 ns                ;
; N/A                                     ; 317.26 MHz ( period = 3.152 ns )                    ; slow_count[4]  ; digit_flipper[0] ; CLOCK_50   ; CLOCK_50 ; None                        ; None                      ; 2.938 ns                ;
; N/A                                     ; 317.26 MHz ( period = 3.152 ns )                    ; slow_count[4]  ; digit_flipper[1] ; CLOCK_50   ; CLOCK_50 ; None                        ; None                      ; 2.938 ns                ;
; N/A                                     ; 317.26 MHz ( period = 3.152 ns )                    ; slow_count[4]  ; digit_flipper[3] ; CLOCK_50   ; CLOCK_50 ; None                        ; None                      ; 2.938 ns                ;
; N/A                                     ; 317.46 MHz ( period = 3.150 ns )                    ; slow_count[1]  ; slow_count[23]   ; CLOCK_50   ; CLOCK_50 ; None                        ; None                      ; 2.943 ns                ;
; N/A                                     ; 321.03 MHz ( period = 3.115 ns )                    ; slow_count[3]  ; slow_count[24]   ; CLOCK_50   ; CLOCK_50 ; None                        ; None                      ; 2.908 ns                ;
; N/A                                     ; 321.03 MHz ( period = 3.115 ns )                    ; slow_count[2]  ; slow_count[23]   ; CLOCK_50   ; CLOCK_50 ; None                        ; None                      ; 2.908 ns                ;
; N/A                                     ; 322.06 MHz ( period = 3.105 ns )                    ; slow_count[19] ; digit_flipper[0] ; CLOCK_50   ; CLOCK_50 ; None                        ; None                      ; 2.884 ns                ;
; N/A                                     ; 322.06 MHz ( period = 3.105 ns )                    ; slow_count[19] ; digit_flipper[1] ; CLOCK_50   ; CLOCK_50 ; None                        ; None                      ; 2.884 ns                ;
; N/A                                     ; 322.06 MHz ( period = 3.105 ns )                    ; slow_count[19] ; digit_flipper[3] ; CLOCK_50   ; CLOCK_50 ; None                        ; None                      ; 2.884 ns                ;
; N/A                                     ; 322.89 MHz ( period = 3.097 ns )                    ; slow_count[12] ; digit_flipper[0] ; CLOCK_50   ; CLOCK_50 ; None                        ; None                      ; 2.883 ns                ;
; N/A                                     ; 322.89 MHz ( period = 3.097 ns )                    ; slow_count[12] ; digit_flipper[1] ; CLOCK_50   ; CLOCK_50 ; None                        ; None                      ; 2.883 ns                ;
; N/A                                     ; 322.89 MHz ( period = 3.097 ns )                    ; slow_count[12] ; digit_flipper[3] ; CLOCK_50   ; CLOCK_50 ; None                        ; None                      ; 2.883 ns                ;
; N/A                                     ; 323.00 MHz ( period = 3.096 ns )                    ; slow_count[14] ; digit_flipper[2] ; CLOCK_50   ; CLOCK_50 ; None                        ; None                      ; 2.875 ns                ;
; N/A                                     ; 324.78 MHz ( period = 3.079 ns )                    ; slow_count[1]  ; slow_count[22]   ; CLOCK_50   ; CLOCK_50 ; None                        ; None                      ; 2.872 ns                ;
; N/A                                     ; 325.31 MHz ( period = 3.074 ns )                    ; slow_count[18] ; digit_flipper[0] ; CLOCK_50   ; CLOCK_50 ; None                        ; None                      ; 2.853 ns                ;
; N/A                                     ; 325.31 MHz ( period = 3.074 ns )                    ; slow_count[18] ; digit_flipper[1] ; CLOCK_50   ; CLOCK_50 ; None                        ; None                      ; 2.853 ns                ;
; N/A                                     ; 325.31 MHz ( period = 3.074 ns )                    ; slow_count[18] ; digit_flipper[3] ; CLOCK_50   ; CLOCK_50 ; None                        ; None                      ; 2.853 ns                ;
; N/A                                     ; 327.98 MHz ( period = 3.049 ns )                    ; slow_count[4]  ; digit_flipper[2] ; CLOCK_50   ; CLOCK_50 ; None                        ; None                      ; 2.835 ns                ;
; N/A                                     ; 328.52 MHz ( period = 3.044 ns )                    ; slow_count[3]  ; slow_count[23]   ; CLOCK_50   ; CLOCK_50 ; None                        ; None                      ; 2.837 ns                ;
; N/A                                     ; 328.52 MHz ( period = 3.044 ns )                    ; slow_count[2]  ; slow_count[22]   ; CLOCK_50   ; CLOCK_50 ; None                        ; None                      ; 2.837 ns                ;
; N/A                                     ; 330.03 MHz ( period = 3.030 ns )                    ; slow_count[0]  ; digit_flipper[0] ; CLOCK_50   ; CLOCK_50 ; None                        ; None                      ; 2.816 ns                ;
; N/A                                     ; 330.03 MHz ( period = 3.030 ns )                    ; slow_count[0]  ; digit_flipper[1] ; CLOCK_50   ; CLOCK_50 ; None                        ; None                      ; 2.816 ns                ;
; N/A                                     ; 330.03 MHz ( period = 3.030 ns )                    ; slow_count[0]  ; digit_flipper[3] ; CLOCK_50   ; CLOCK_50 ; None                        ; None                      ; 2.816 ns                ;
; N/A                                     ; 330.14 MHz ( period = 3.029 ns )                    ; slow_count[17] ; digit_flipper[0] ; CLOCK_50   ; CLOCK_50 ; None                        ; None                      ; 2.808 ns                ;
; N/A                                     ; 330.14 MHz ( period = 3.029 ns )                    ; slow_count[17] ; digit_flipper[1] ; CLOCK_50   ; CLOCK_50 ; None                        ; None                      ; 2.808 ns                ;
; N/A                                     ; 330.14 MHz ( period = 3.029 ns )                    ; slow_count[17] ; digit_flipper[3] ; CLOCK_50   ; CLOCK_50 ; None                        ; None                      ; 2.808 ns                ;
; N/A                                     ; 331.02 MHz ( period = 3.021 ns )                    ; slow_count[0]  ; slow_count[20]   ; CLOCK_50   ; CLOCK_50 ; None                        ; None                      ; 2.814 ns                ;
; N/A                                     ; 332.01 MHz ( period = 3.012 ns )                    ; slow_count[4]  ; slow_count[24]   ; CLOCK_50   ; CLOCK_50 ; None                        ; None                      ; 2.805 ns                ;
; N/A                                     ; 332.45 MHz ( period = 3.008 ns )                    ; slow_count[1]  ; slow_count[21]   ; CLOCK_50   ; CLOCK_50 ; None                        ; None                      ; 2.801 ns                ;
; N/A                                     ; 333.11 MHz ( period = 3.002 ns )                    ; slow_count[1]  ; digit_flipper[0] ; CLOCK_50   ; CLOCK_50 ; None                        ; None                      ; 2.788 ns                ;
; N/A                                     ; 333.11 MHz ( period = 3.002 ns )                    ; slow_count[1]  ; digit_flipper[1] ; CLOCK_50   ; CLOCK_50 ; None                        ; None                      ; 2.788 ns                ;
; N/A                                     ; 333.11 MHz ( period = 3.002 ns )                    ; slow_count[19] ; digit_flipper[2] ; CLOCK_50   ; CLOCK_50 ; None                        ; None                      ; 2.781 ns                ;
; N/A                                     ; 333.11 MHz ( period = 3.002 ns )                    ; slow_count[1]  ; digit_flipper[3] ; CLOCK_50   ; CLOCK_50 ; None                        ; None                      ; 2.788 ns                ;
; N/A                                     ; 333.56 MHz ( period = 2.998 ns )                    ; slow_count[3]  ; digit_flipper[0] ; CLOCK_50   ; CLOCK_50 ; None                        ; None                      ; 2.784 ns                ;
; N/A                                     ; 333.56 MHz ( period = 2.998 ns )                    ; slow_count[3]  ; digit_flipper[1] ; CLOCK_50   ; CLOCK_50 ; None                        ; None                      ; 2.784 ns                ;
; N/A                                     ; 333.56 MHz ( period = 2.998 ns )                    ; slow_count[3]  ; digit_flipper[3] ; CLOCK_50   ; CLOCK_50 ; None                        ; None                      ; 2.784 ns                ;
; N/A                                     ; 334.00 MHz ( period = 2.994 ns )                    ; slow_count[12] ; digit_flipper[2] ; CLOCK_50   ; CLOCK_50 ; None                        ; None                      ; 2.780 ns                ;
; N/A                                     ; 336.36 MHz ( period = 2.973 ns )                    ; slow_count[2]  ; slow_count[21]   ; CLOCK_50   ; CLOCK_50 ; None                        ; None                      ; 2.766 ns                ;
; N/A                                     ; 336.36 MHz ( period = 2.973 ns )                    ; slow_count[3]  ; slow_count[22]   ; CLOCK_50   ; CLOCK_50 ; None                        ; None                      ; 2.766 ns                ;
; N/A                                     ; 336.59 MHz ( period = 2.971 ns )                    ; slow_count[18] ; digit_flipper[2] ; CLOCK_50   ; CLOCK_50 ; None                        ; None                      ; 2.750 ns                ;
; N/A                                     ; 338.98 MHz ( period = 2.950 ns )                    ; slow_count[0]  ; slow_count[19]   ; CLOCK_50   ; CLOCK_50 ; None                        ; None                      ; 2.743 ns                ;
; N/A                                     ; 339.79 MHz ( period = 2.943 ns )                    ; slow_count[23] ; digit_flipper[0] ; CLOCK_50   ; CLOCK_50 ; None                        ; None                      ; 2.722 ns                ;
; N/A                                     ; 339.79 MHz ( period = 2.943 ns )                    ; slow_count[23] ; digit_flipper[1] ; CLOCK_50   ; CLOCK_50 ; None                        ; None                      ; 2.722 ns                ;
; N/A                                     ; 339.79 MHz ( period = 2.943 ns )                    ; slow_count[23] ; digit_flipper[3] ; CLOCK_50   ; CLOCK_50 ; None                        ; None                      ; 2.722 ns                ;
; N/A                                     ; 340.02 MHz ( period = 2.941 ns )                    ; slow_count[4]  ; slow_count[23]   ; CLOCK_50   ; CLOCK_50 ; None                        ; None                      ; 2.734 ns                ;
; N/A                                     ; 341.65 MHz ( period = 2.927 ns )                    ; slow_count[0]  ; digit_flipper[2] ; CLOCK_50   ; CLOCK_50 ; None                        ; None                      ; 2.713 ns                ;
; N/A                                     ; 341.76 MHz ( period = 2.926 ns )                    ; slow_count[17] ; digit_flipper[2] ; CLOCK_50   ; CLOCK_50 ; None                        ; None                      ; 2.705 ns                ;
; N/A                                     ; 343.88 MHz ( period = 2.908 ns )                    ; slow_count[2]  ; digit_flipper[0] ; CLOCK_50   ; CLOCK_50 ; None                        ; None                      ; 2.694 ns                ;
; N/A                                     ; 343.88 MHz ( period = 2.908 ns )                    ; slow_count[2]  ; digit_flipper[1] ; CLOCK_50   ; CLOCK_50 ; None                        ; None                      ; 2.694 ns                ;
; N/A                                     ; 343.88 MHz ( period = 2.908 ns )                    ; slow_count[2]  ; digit_flipper[3] ; CLOCK_50   ; CLOCK_50 ; None                        ; None                      ; 2.694 ns                ;
; N/A                                     ; 344.12 MHz ( period = 2.906 ns )                    ; slow_count[20] ; digit_flipper[0] ; CLOCK_50   ; CLOCK_50 ; None                        ; None                      ; 2.685 ns                ;
; N/A                                     ; 344.12 MHz ( period = 2.906 ns )                    ; slow_count[20] ; digit_flipper[1] ; CLOCK_50   ; CLOCK_50 ; None                        ; None                      ; 2.685 ns                ;
; N/A                                     ; 344.12 MHz ( period = 2.906 ns )                    ; slow_count[20] ; digit_flipper[3] ; CLOCK_50   ; CLOCK_50 ; None                        ; None                      ; 2.685 ns                ;
; N/A                                     ; 344.59 MHz ( period = 2.902 ns )                    ; slow_count[3]  ; slow_count[21]   ; CLOCK_50   ; CLOCK_50 ; None                        ; None                      ; 2.695 ns                ;
; N/A                                     ; 344.95 MHz ( period = 2.899 ns )                    ; slow_count[1]  ; digit_flipper[2] ; CLOCK_50   ; CLOCK_50 ; None                        ; None                      ; 2.685 ns                ;
; N/A                                     ; 345.42 MHz ( period = 2.895 ns )                    ; slow_count[3]  ; digit_flipper[2] ; CLOCK_50   ; CLOCK_50 ; None                        ; None                      ; 2.681 ns                ;
; N/A                                     ; 346.26 MHz ( period = 2.888 ns )                    ; slow_count[5]  ; slow_count[24]   ; CLOCK_50   ; CLOCK_50 ; None                        ; None                      ; 2.681 ns                ;
; N/A                                     ; 347.34 MHz ( period = 2.879 ns )                    ; slow_count[0]  ; slow_count[18]   ; CLOCK_50   ; CLOCK_50 ; None                        ; None                      ; 2.672 ns                ;
; N/A                                     ; 348.43 MHz ( period = 2.870 ns )                    ; slow_count[4]  ; slow_count[22]   ; CLOCK_50   ; CLOCK_50 ; None                        ; None                      ; 2.663 ns                ;
; N/A                                     ; 351.00 MHz ( period = 2.849 ns )                    ; slow_count[1]  ; slow_count[20]   ; CLOCK_50   ; CLOCK_50 ; None                        ; None                      ; 2.642 ns                ;
; N/A                                     ; 352.11 MHz ( period = 2.840 ns )                    ; slow_count[23] ; digit_flipper[2] ; CLOCK_50   ; CLOCK_50 ; None                        ; None                      ; 2.619 ns                ;
; N/A                                     ; 354.99 MHz ( period = 2.817 ns )                    ; slow_count[5]  ; slow_count[23]   ; CLOCK_50   ; CLOCK_50 ; None                        ; None                      ; 2.610 ns                ;
; N/A                                     ; 355.37 MHz ( period = 2.814 ns )                    ; slow_count[2]  ; slow_count[20]   ; CLOCK_50   ; CLOCK_50 ; None                        ; None                      ; 2.607 ns                ;
; N/A                                     ; 356.13 MHz ( period = 2.808 ns )                    ; slow_count[0]  ; slow_count[17]   ; CLOCK_50   ; CLOCK_50 ; None                        ; None                      ; 2.601 ns                ;
; N/A                                     ; 356.25 MHz ( period = 2.807 ns )                    ; slow_count[16] ; digit_flipper[0] ; CLOCK_50   ; CLOCK_50 ; None                        ; None                      ; 2.586 ns                ;
; N/A                                     ; 356.25 MHz ( period = 2.807 ns )                    ; slow_count[16] ; digit_flipper[1] ; CLOCK_50   ; CLOCK_50 ; None                        ; None                      ; 2.586 ns                ;
; N/A                                     ; 356.25 MHz ( period = 2.807 ns )                    ; slow_count[16] ; digit_flipper[3] ; CLOCK_50   ; CLOCK_50 ; None                        ; None                      ; 2.586 ns                ;
; N/A                                     ; 356.51 MHz ( period = 2.805 ns )                    ; slow_count[21] ; digit_flipper[0] ; CLOCK_50   ; CLOCK_50 ; None                        ; None                      ; 2.584 ns                ;
; N/A                                     ; 356.51 MHz ( period = 2.805 ns )                    ; slow_count[21] ; digit_flipper[1] ; CLOCK_50   ; CLOCK_50 ; None                        ; None                      ; 2.584 ns                ;
; N/A                                     ; 356.51 MHz ( period = 2.805 ns )                    ; slow_count[2]  ; digit_flipper[2] ; CLOCK_50   ; CLOCK_50 ; None                        ; None                      ; 2.591 ns                ;
; N/A                                     ; 356.51 MHz ( period = 2.805 ns )                    ; slow_count[21] ; digit_flipper[3] ; CLOCK_50   ; CLOCK_50 ; None                        ; None                      ; 2.584 ns                ;
; N/A                                     ; 356.76 MHz ( period = 2.803 ns )                    ; slow_count[20] ; digit_flipper[2] ; CLOCK_50   ; CLOCK_50 ; None                        ; None                      ; 2.582 ns                ;
; N/A                                     ; 357.27 MHz ( period = 2.799 ns )                    ; slow_count[4]  ; slow_count[21]   ; CLOCK_50   ; CLOCK_50 ; None                        ; None                      ; 2.592 ns                ;
; N/A                                     ; 359.97 MHz ( period = 2.778 ns )                    ; slow_count[1]  ; slow_count[19]   ; CLOCK_50   ; CLOCK_50 ; None                        ; None                      ; 2.571 ns                ;
; N/A                                     ; 360.10 MHz ( period = 2.777 ns )                    ; slow_count[6]  ; slow_count[24]   ; CLOCK_50   ; CLOCK_50 ; None                        ; None                      ; 2.570 ns                ;
; N/A                                     ; 364.17 MHz ( period = 2.746 ns )                    ; slow_count[7]  ; slow_count[24]   ; CLOCK_50   ; CLOCK_50 ; None                        ; None                      ; 2.539 ns                ;
; N/A                                     ; 364.17 MHz ( period = 2.746 ns )                    ; slow_count[5]  ; slow_count[22]   ; CLOCK_50   ; CLOCK_50 ; None                        ; None                      ; 2.539 ns                ;
; N/A                                     ; 364.56 MHz ( period = 2.743 ns )                    ; slow_count[2]  ; slow_count[19]   ; CLOCK_50   ; CLOCK_50 ; None                        ; None                      ; 2.536 ns                ;
; N/A                                     ; 364.56 MHz ( period = 2.743 ns )                    ; slow_count[3]  ; slow_count[20]   ; CLOCK_50   ; CLOCK_50 ; None                        ; None                      ; 2.536 ns                ;
; N/A                                     ; 365.36 MHz ( period = 2.737 ns )                    ; slow_count[0]  ; slow_count[16]   ; CLOCK_50   ; CLOCK_50 ; None                        ; None                      ; 2.530 ns                ;
; N/A                                     ; 369.41 MHz ( period = 2.707 ns )                    ; slow_count[1]  ; slow_count[18]   ; CLOCK_50   ; CLOCK_50 ; None                        ; None                      ; 2.500 ns                ;
; N/A                                     ; 369.55 MHz ( period = 2.706 ns )                    ; slow_count[6]  ; slow_count[23]   ; CLOCK_50   ; CLOCK_50 ; None                        ; None                      ; 2.499 ns                ;
; N/A                                     ; 369.82 MHz ( period = 2.704 ns )                    ; slow_count[16] ; digit_flipper[2] ; CLOCK_50   ; CLOCK_50 ; None                        ; None                      ; 2.483 ns                ;
; N/A                                     ; 370.10 MHz ( period = 2.702 ns )                    ; slow_count[21] ; digit_flipper[2] ; CLOCK_50   ; CLOCK_50 ; None                        ; None                      ; 2.481 ns                ;
; N/A                                     ; 373.83 MHz ( period = 2.675 ns )                    ; slow_count[22] ; digit_flipper[0] ; CLOCK_50   ; CLOCK_50 ; None                        ; None                      ; 2.454 ns                ;
; N/A                                     ; 373.83 MHz ( period = 2.675 ns )                    ; slow_count[7]  ; slow_count[23]   ; CLOCK_50   ; CLOCK_50 ; None                        ; None                      ; 2.468 ns                ;
; N/A                                     ; 373.83 MHz ( period = 2.675 ns )                    ; slow_count[5]  ; slow_count[21]   ; CLOCK_50   ; CLOCK_50 ; None                        ; None                      ; 2.468 ns                ;
; N/A                                     ; 373.83 MHz ( period = 2.675 ns )                    ; slow_count[22] ; digit_flipper[1] ; CLOCK_50   ; CLOCK_50 ; None                        ; None                      ; 2.454 ns                ;
; N/A                                     ; 373.83 MHz ( period = 2.675 ns )                    ; slow_count[22] ; digit_flipper[3] ; CLOCK_50   ; CLOCK_50 ; None                        ; None                      ; 2.454 ns                ;
; N/A                                     ; 374.25 MHz ( period = 2.672 ns )                    ; slow_count[2]  ; slow_count[18]   ; CLOCK_50   ; CLOCK_50 ; None                        ; None                      ; 2.465 ns                ;
; N/A                                     ; 374.25 MHz ( period = 2.672 ns )                    ; slow_count[3]  ; slow_count[19]   ; CLOCK_50   ; CLOCK_50 ; None                        ; None                      ; 2.465 ns                ;
; N/A                                     ; 375.09 MHz ( period = 2.666 ns )                    ; slow_count[0]  ; slow_count[15]   ; CLOCK_50   ; CLOCK_50 ; None                        ; None                      ; 2.459 ns                ;
; N/A                                     ; 378.79 MHz ( period = 2.640 ns )                    ; slow_count[4]  ; slow_count[20]   ; CLOCK_50   ; CLOCK_50 ; None                        ; None                      ; 2.433 ns                ;
; N/A                                     ; 379.36 MHz ( period = 2.636 ns )                    ; slow_count[8]  ; slow_count[24]   ; CLOCK_50   ; CLOCK_50 ; None                        ; None                      ; 2.429 ns                ;
; N/A                                     ; 379.36 MHz ( period = 2.636 ns )                    ; slow_count[1]  ; slow_count[17]   ; CLOCK_50   ; CLOCK_50 ; None                        ; None                      ; 2.429 ns                ;
; N/A                                     ; 379.51 MHz ( period = 2.635 ns )                    ; slow_count[6]  ; slow_count[22]   ; CLOCK_50   ; CLOCK_50 ; None                        ; None                      ; 2.428 ns                ;
; N/A                                     ; 384.02 MHz ( period = 2.604 ns )                    ; slow_count[9]  ; slow_count[24]   ; CLOCK_50   ; CLOCK_50 ; None                        ; None                      ; 2.397 ns                ;
; N/A                                     ; 384.02 MHz ( period = 2.604 ns )                    ; slow_count[7]  ; slow_count[22]   ; CLOCK_50   ; CLOCK_50 ; None                        ; None                      ; 2.397 ns                ;
; N/A                                     ; 384.47 MHz ( period = 2.601 ns )                    ; slow_count[3]  ; slow_count[18]   ; CLOCK_50   ; CLOCK_50 ; None                        ; None                      ; 2.394 ns                ;
; N/A                                     ; 384.47 MHz ( period = 2.601 ns )                    ; slow_count[2]  ; slow_count[17]   ; CLOCK_50   ; CLOCK_50 ; None                        ; None                      ; 2.394 ns                ;
; N/A                                     ; 385.36 MHz ( period = 2.595 ns )                    ; slow_count[0]  ; slow_count[14]   ; CLOCK_50   ; CLOCK_50 ; None                        ; None                      ; 2.388 ns                ;
; N/A                                     ; 388.80 MHz ( period = 2.572 ns )                    ; slow_count[22] ; digit_flipper[2] ; CLOCK_50   ; CLOCK_50 ; None                        ; None                      ; 2.351 ns                ;
; N/A                                     ; 389.26 MHz ( period = 2.569 ns )                    ; slow_count[4]  ; slow_count[19]   ; CLOCK_50   ; CLOCK_50 ; None                        ; None                      ; 2.362 ns                ;
; N/A                                     ; 389.86 MHz ( period = 2.565 ns )                    ; slow_count[1]  ; slow_count[16]   ; CLOCK_50   ; CLOCK_50 ; None                        ; None                      ; 2.358 ns                ;
; N/A                                     ; 389.86 MHz ( period = 2.565 ns )                    ; slow_count[8]  ; slow_count[23]   ; CLOCK_50   ; CLOCK_50 ; None                        ; None                      ; 2.358 ns                ;
; N/A                                     ; 390.02 MHz ( period = 2.564 ns )                    ; slow_count[6]  ; slow_count[21]   ; CLOCK_50   ; CLOCK_50 ; None                        ; None                      ; 2.357 ns                ;
; N/A                                     ; 394.48 MHz ( period = 2.535 ns )                    ; slow_count[24] ; digit_flipper[0] ; CLOCK_50   ; CLOCK_50 ; None                        ; None                      ; 2.314 ns                ;
; N/A                                     ; 394.48 MHz ( period = 2.535 ns )                    ; slow_count[24] ; digit_flipper[1] ; CLOCK_50   ; CLOCK_50 ; None                        ; None                      ; 2.314 ns                ;
; N/A                                     ; 394.48 MHz ( period = 2.535 ns )                    ; slow_count[24] ; digit_flipper[3] ; CLOCK_50   ; CLOCK_50 ; None                        ; None                      ; 2.314 ns                ;
; N/A                                     ; 394.79 MHz ( period = 2.533 ns )                    ; slow_count[9]  ; slow_count[23]   ; CLOCK_50   ; CLOCK_50 ; None                        ; None                      ; 2.326 ns                ;
; N/A                                     ; 394.79 MHz ( period = 2.533 ns )                    ; slow_count[7]  ; slow_count[21]   ; CLOCK_50   ; CLOCK_50 ; None                        ; None                      ; 2.326 ns                ;
; N/A                                     ; 395.26 MHz ( period = 2.530 ns )                    ; slow_count[3]  ; slow_count[17]   ; CLOCK_50   ; CLOCK_50 ; None                        ; None                      ; 2.323 ns                ;
; N/A                                     ; 395.26 MHz ( period = 2.530 ns )                    ; slow_count[2]  ; slow_count[16]   ; CLOCK_50   ; CLOCK_50 ; None                        ; None                      ; 2.323 ns                ;
; N/A                                     ; 396.20 MHz ( period = 2.524 ns )                    ; slow_count[0]  ; slow_count[13]   ; CLOCK_50   ; CLOCK_50 ; None                        ; None                      ; 2.317 ns                ;
; N/A                                     ; 397.46 MHz ( period = 2.516 ns )                    ; slow_count[5]  ; slow_count[20]   ; CLOCK_50   ; CLOCK_50 ; None                        ; None                      ; 2.309 ns                ;
; N/A                                     ; 400.32 MHz ( period = 2.498 ns )                    ; slow_count[10] ; slow_count[24]   ; CLOCK_50   ; CLOCK_50 ; None                        ; None                      ; 2.291 ns                ;
; N/A                                     ; 400.32 MHz ( period = 2.498 ns )                    ; slow_count[4]  ; slow_count[18]   ; CLOCK_50   ; CLOCK_50 ; None                        ; None                      ; 2.291 ns                ;
; N/A                                     ; 400.96 MHz ( period = 2.494 ns )                    ; slow_count[8]  ; slow_count[22]   ; CLOCK_50   ; CLOCK_50 ; None                        ; None                      ; 2.287 ns                ;
; N/A                                     ; 400.96 MHz ( period = 2.494 ns )                    ; slow_count[1]  ; slow_count[15]   ; CLOCK_50   ; CLOCK_50 ; None                        ; None                      ; 2.287 ns                ;
; N/A                                     ; 406.17 MHz ( period = 2.462 ns )                    ; slow_count[9]  ; slow_count[22]   ; CLOCK_50   ; CLOCK_50 ; None                        ; None                      ; 2.255 ns                ;
; N/A                                     ; 406.67 MHz ( period = 2.459 ns )                    ; slow_count[3]  ; slow_count[16]   ; CLOCK_50   ; CLOCK_50 ; None                        ; None                      ; 2.252 ns                ;
; N/A                                     ; 406.67 MHz ( period = 2.459 ns )                    ; slow_count[2]  ; slow_count[15]   ; CLOCK_50   ; CLOCK_50 ; None                        ; None                      ; 2.252 ns                ;
; N/A                                     ; 409.00 MHz ( period = 2.445 ns )                    ; slow_count[5]  ; slow_count[19]   ; CLOCK_50   ; CLOCK_50 ; None                        ; None                      ; 2.238 ns                ;
; N/A                                     ; 411.18 MHz ( period = 2.432 ns )                    ; slow_count[24] ; digit_flipper[2] ; CLOCK_50   ; CLOCK_50 ; None                        ; None                      ; 2.211 ns                ;
; N/A                                     ; 412.03 MHz ( period = 2.427 ns )                    ; slow_count[11] ; slow_count[24]   ; CLOCK_50   ; CLOCK_50 ; None                        ; None                      ; 2.220 ns                ;
; N/A                                     ; 412.03 MHz ( period = 2.427 ns )                    ; slow_count[4]  ; slow_count[17]   ; CLOCK_50   ; CLOCK_50 ; None                        ; None                      ; 2.220 ns                ;
; N/A                                     ; 412.03 MHz ( period = 2.427 ns )                    ; slow_count[10] ; slow_count[23]   ; CLOCK_50   ; CLOCK_50 ; None                        ; None                      ; 2.220 ns                ;
; N/A                                     ; 412.71 MHz ( period = 2.423 ns )                    ; slow_count[8]  ; slow_count[21]   ; CLOCK_50   ; CLOCK_50 ; None                        ; None                      ; 2.216 ns                ;
; N/A                                     ; 412.71 MHz ( period = 2.423 ns )                    ; slow_count[1]  ; slow_count[14]   ; CLOCK_50   ; CLOCK_50 ; None                        ; None                      ; 2.216 ns                ;
; N/A                                     ; 415.80 MHz ( period = 2.405 ns )                    ; slow_count[6]  ; slow_count[20]   ; CLOCK_50   ; CLOCK_50 ; None                        ; None                      ; 2.198 ns                ;
; N/A                                     ; 418.24 MHz ( period = 2.391 ns )                    ; slow_count[9]  ; slow_count[21]   ; CLOCK_50   ; CLOCK_50 ; None                        ; None                      ; 2.184 ns                ;
; N/A                                     ; 418.76 MHz ( period = 2.388 ns )                    ; slow_count[3]  ; slow_count[15]   ; CLOCK_50   ; CLOCK_50 ; None                        ; None                      ; 2.181 ns                ;
; N/A                                     ; 418.76 MHz ( period = 2.388 ns )                    ; slow_count[2]  ; slow_count[14]   ; CLOCK_50   ; CLOCK_50 ; None                        ; None                      ; 2.181 ns                ;
; N/A                                     ; 419.29 MHz ( period = 2.385 ns )                    ; slow_count[0]  ; slow_count[12]   ; CLOCK_50   ; CLOCK_50 ; None                        ; None                      ; 2.171 ns                ;
; N/A                                     ; Restricted to 420.17 MHz ( period = 2.380 ns )      ; slow_count[5]  ; slow_count[18]   ; CLOCK_50   ; CLOCK_50 ; None                        ; None                      ; 2.167 ns                ;
; N/A                                     ; Restricted to 420.17 MHz ( period = 2.380 ns )      ; slow_count[7]  ; slow_count[20]   ; CLOCK_50   ; CLOCK_50 ; None                        ; None                      ; 2.167 ns                ;
; N/A                                     ; Restricted to 420.17 MHz ( period = 2.380 ns )      ; slow_count[12] ; slow_count[24]   ; CLOCK_50   ; CLOCK_50 ; None                        ; None                      ; 2.166 ns                ;
; N/A                                     ; Restricted to 420.17 MHz ( period = 2.380 ns )      ; slow_count[4]  ; slow_count[16]   ; CLOCK_50   ; CLOCK_50 ; None                        ; None                      ; 2.149 ns                ;
; N/A                                     ; Restricted to 420.17 MHz ( period = 2.380 ns )      ; slow_count[11] ; slow_count[23]   ; CLOCK_50   ; CLOCK_50 ; None                        ; None                      ; 2.149 ns                ;
; N/A                                     ; Restricted to 420.17 MHz ( period = 2.380 ns )      ; slow_count[10] ; slow_count[22]   ; CLOCK_50   ; CLOCK_50 ; None                        ; None                      ; 2.149 ns                ;
; N/A                                     ; Restricted to 420.17 MHz ( period = 2.380 ns )      ; slow_count[1]  ; slow_count[13]   ; CLOCK_50   ; CLOCK_50 ; None                        ; None                      ; 2.145 ns                ;
; N/A                                     ; Restricted to 420.17 MHz ( period = 2.380 ns )      ; slow_count[6]  ; slow_count[19]   ; CLOCK_50   ; CLOCK_50 ; None                        ; None                      ; 2.127 ns                ;
; N/A                                     ; Restricted to 420.17 MHz ( period = 2.380 ns )      ; slow_count[2]  ; slow_count[13]   ; CLOCK_50   ; CLOCK_50 ; None                        ; None                      ; 2.110 ns                ;
; N/A                                     ; Restricted to 420.17 MHz ( period = 2.380 ns )      ; slow_count[3]  ; slow_count[14]   ; CLOCK_50   ; CLOCK_50 ; None                        ; None                      ; 2.110 ns                ;
; N/A                                     ; Restricted to 420.17 MHz ( period = 2.380 ns )      ; slow_count[0]  ; slow_count[11]   ; CLOCK_50   ; CLOCK_50 ; None                        ; None                      ; 2.100 ns                ;
; N/A                                     ; Restricted to 420.17 MHz ( period = 2.380 ns )      ; slow_count[5]  ; slow_count[17]   ; CLOCK_50   ; CLOCK_50 ; None                        ; None                      ; 2.096 ns                ;
; N/A                                     ; Restricted to 420.17 MHz ( period = 2.380 ns )      ; slow_count[7]  ; slow_count[19]   ; CLOCK_50   ; CLOCK_50 ; None                        ; None                      ; 2.096 ns                ;
; N/A                                     ; Restricted to 420.17 MHz ( period = 2.380 ns )      ; slow_count[12] ; slow_count[23]   ; CLOCK_50   ; CLOCK_50 ; None                        ; None                      ; 2.095 ns                ;
; N/A                                     ; Restricted to 420.17 MHz ( period = 2.380 ns )      ; slow_count[10] ; slow_count[21]   ; CLOCK_50   ; CLOCK_50 ; None                        ; None                      ; 2.078 ns                ;
; N/A                                     ; Restricted to 420.17 MHz ( period = 2.380 ns )      ; slow_count[11] ; slow_count[22]   ; CLOCK_50   ; CLOCK_50 ; None                        ; None                      ; 2.078 ns                ;
; N/A                                     ; Restricted to 420.17 MHz ( period = 2.380 ns )      ; slow_count[4]  ; slow_count[15]   ; CLOCK_50   ; CLOCK_50 ; None                        ; None                      ; 2.078 ns                ;
; N/A                                     ; Restricted to 420.17 MHz ( period = 2.380 ns )      ; slow_count[8]  ; slow_count[20]   ; CLOCK_50   ; CLOCK_50 ; None                        ; None                      ; 2.057 ns                ;
; N/A                                     ; Restricted to 420.17 MHz ( period = 2.380 ns )      ; slow_count[6]  ; slow_count[18]   ; CLOCK_50   ; CLOCK_50 ; None                        ; None                      ; 2.056 ns                ;
; N/A                                     ; Restricted to 420.17 MHz ( period = 2.380 ns )      ; slow_count[3]  ; slow_count[13]   ; CLOCK_50   ; CLOCK_50 ; None                        ; None                      ; 2.039 ns                ;
; N/A                                     ; Restricted to 420.17 MHz ( period = 2.380 ns )      ; slow_count[0]  ; slow_count[10]   ; CLOCK_50   ; CLOCK_50 ; None                        ; None                      ; 2.029 ns                ;
; Timing analysis restricted to 200 rows. ; To change the limit use Settings (Assignments menu) ;                ;                  ;            ;          ;                             ;                           ;                         ;
+-----------------------------------------+-----------------------------------------------------+----------------+------------------+------------+----------+-----------------------------+---------------------------+-------------------------+


+-----------------------------------------------------------------------------+
; tco                                                                         ;
+-------+--------------+------------+------------------+---------+------------+
; Slack ; Required tco ; Actual tco ; From             ; To      ; From Clock ;
+-------+--------------+------------+------------------+---------+------------+
; N/A   ; None         ; 8.374 ns   ; digit_flipper[0] ; HEX0[2] ; CLOCK_50   ;
; N/A   ; None         ; 8.202 ns   ; digit_flipper[0] ; HEX0[4] ; CLOCK_50   ;
; N/A   ; None         ; 8.129 ns   ; digit_flipper[0] ; HEX0[3] ; CLOCK_50   ;
; N/A   ; None         ; 8.128 ns   ; digit_flipper[0] ; HEX0[0] ; CLOCK_50   ;
; N/A   ; None         ; 8.112 ns   ; digit_flipper[0] ; HEX0[1] ; CLOCK_50   ;
; N/A   ; None         ; 8.108 ns   ; digit_flipper[0] ; HEX0[5] ; CLOCK_50   ;
; N/A   ; None         ; 8.096 ns   ; digit_flipper[0] ; HEX0[6] ; CLOCK_50   ;
; N/A   ; None         ; 7.940 ns   ; digit_flipper[1] ; HEX0[0] ; CLOCK_50   ;
; N/A   ; None         ; 7.927 ns   ; digit_flipper[1] ; HEX0[1] ; CLOCK_50   ;
; N/A   ; None         ; 7.854 ns   ; digit_flipper[2] ; HEX0[0] ; CLOCK_50   ;
; N/A   ; None         ; 7.844 ns   ; digit_flipper[2] ; HEX0[1] ; CLOCK_50   ;
; N/A   ; None         ; 7.726 ns   ; digit_flipper[3] ; HEX0[2] ; CLOCK_50   ;
; N/A   ; None         ; 7.697 ns   ; digit_flipper[2] ; HEX0[2] ; CLOCK_50   ;
; N/A   ; None         ; 7.576 ns   ; digit_flipper[3] ; HEX0[0] ; CLOCK_50   ;
; N/A   ; None         ; 7.561 ns   ; digit_flipper[3] ; HEX0[1] ; CLOCK_50   ;
; N/A   ; None         ; 7.553 ns   ; digit_flipper[3] ; HEX0[4] ; CLOCK_50   ;
; N/A   ; None         ; 7.535 ns   ; digit_flipper[2] ; HEX0[4] ; CLOCK_50   ;
; N/A   ; None         ; 7.480 ns   ; digit_flipper[3] ; HEX0[3] ; CLOCK_50   ;
; N/A   ; None         ; 7.464 ns   ; digit_flipper[2] ; HEX0[5] ; CLOCK_50   ;
; N/A   ; None         ; 7.458 ns   ; digit_flipper[1] ; HEX0[5] ; CLOCK_50   ;
; N/A   ; None         ; 7.457 ns   ; digit_flipper[2] ; HEX0[6] ; CLOCK_50   ;
; N/A   ; None         ; 7.452 ns   ; digit_flipper[2] ; HEX0[3] ; CLOCK_50   ;
; N/A   ; None         ; 7.448 ns   ; digit_flipper[1] ; HEX0[6] ; CLOCK_50   ;
; N/A   ; None         ; 7.434 ns   ; digit_flipper[1] ; HEX0[2] ; CLOCK_50   ;
; N/A   ; None         ; 7.275 ns   ; digit_flipper[1] ; HEX0[4] ; CLOCK_50   ;
; N/A   ; None         ; 7.189 ns   ; digit_flipper[1] ; HEX0[3] ; CLOCK_50   ;
; N/A   ; None         ; 7.166 ns   ; digit_flipper[3] ; HEX0[5] ; CLOCK_50   ;
; N/A   ; None         ; 7.152 ns   ; digit_flipper[3] ; HEX0[6] ; CLOCK_50   ;
+-------+--------------+------------+------------------+---------+------------+


+--------------------------+
; Timing Analyzer Messages ;
+--------------------------+
Info: *******************************************************************
Info: Running Quartus II Classic Timing Analyzer
    Info: Version 6.1 Build 201 11/27/2006 SJ Web Edition
    Info: Processing started: Wed May 02 19:39:20 2007
Info: Command: quartus_tan --read_settings_files=off --write_settings_files=off part4 -c part4 --timing_analysis_only
Warning: Found pins functioning as undefined clocks and/or memory enables
    Info: Assuming node "CLOCK_50" is an undefined clock
Info: Clock "CLOCK_50" has Internal fmax of 287.36 MHz between source register "slow_count[15]" and destination register "digit_flipper[0]" (period= 3.48 ns)
    Info: + Longest register to register delay is 3.259 ns
        Info: 1: + IC(0.000 ns) + CELL(0.000 ns) = 0.000 ns; Loc. = LCFF_X29_Y6_N5; Fanout = 3; REG Node = 'slow_count[15]'
        Info: 2: + IC(0.814 ns) + CELL(0.398 ns) = 1.212 ns; Loc. = LCCOMB_X28_Y7_N4; Fanout = 1; COMB Node = 'Equal0~262'
        Info: 3: + IC(0.245 ns) + CELL(0.275 ns) = 1.732 ns; Loc. = LCCOMB_X28_Y7_N0; Fanout = 1; COMB Node = 'Equal0~263'
        Info: 4: + IC(0.247 ns) + CELL(0.389 ns) = 2.368 ns; Loc. = LCCOMB_X28_Y7_N24; Fanout = 4; COMB Node = 'Equal0~266'
        Info: 5: + IC(0.231 ns) + CELL(0.660 ns) = 3.259 ns; Loc. = LCFF_X28_Y7_N29; Fanout = 11; REG Node = 'digit_flipper[0]'
        Info: Total cell delay = 1.722 ns ( 52.84 % )
        Info: Total interconnect delay = 1.537 ns ( 47.16 % )
    Info: - Smallest clock skew is -0.007 ns
        Info: + Shortest clock path from clock "CLOCK_50" to destination register is 2.686 ns
            Info: 1: + IC(0.000 ns) + CELL(0.999 ns) = 0.999 ns; Loc. = PIN_N2; Fanout = 1; CLK Node = 'CLOCK_50'
            Info: 2: + IC(0.118 ns) + CELL(0.000 ns) = 1.117 ns; Loc. = CLKCTRL_G2; Fanout = 29; COMB Node = 'CLOCK_50~clkctrl'
            Info: 3: + IC(1.032 ns) + CELL(0.537 ns) = 2.686 ns; Loc. = LCFF_X28_Y7_N29; Fanout = 11; REG Node = 'digit_flipper[0]'
            Info: Total cell delay = 1.536 ns ( 57.19 % )
            Info: Total interconnect delay = 1.150 ns ( 42.81 % )
        Info: - Longest clock path from clock "CLOCK_50" to source register is 2.693 ns
            Info: 1: + IC(0.000 ns) + CELL(0.999 ns) = 0.999 ns; Loc. = PIN_N2; Fanout = 1; CLK Node = 'CLOCK_50'
            Info: 2: + IC(0.118 ns) + CELL(0.000 ns) = 1.117 ns; Loc. = CLKCTRL_G2; Fanout = 29; COMB Node = 'CLOCK_50~clkctrl'
            Info: 3: + IC(1.039 ns) + CELL(0.537 ns) = 2.693 ns; Loc. = LCFF_X29_Y6_N5; Fanout = 3; REG Node = 'slow_count[15]'
            Info: Total cell delay = 1.536 ns ( 57.04 % )
            Info: Total interconnect delay = 1.157 ns ( 42.96 % )
    Info: + Micro clock to output delay of source is 0.250 ns
    Info: + Micro setup delay of destination is -0.036 ns
Info: tco from clock "CLOCK_50" to destination pin "HEX0[2]" through register "digit_flipper[0]" is 8.374 ns
    Info: + Longest clock path from clock "CLOCK_50" to source register is 2.686 ns
        Info: 1: + IC(0.000 ns) + CELL(0.999 ns) = 0.999 ns; Loc. = PIN_N2; Fanout = 1; CLK Node = 'CLOCK_50'
        Info: 2: + IC(0.118 ns) + CELL(0.000 ns) = 1.117 ns; Loc. = CLKCTRL_G2; Fanout = 29; COMB Node = 'CLOCK_50~clkctrl'
        Info: 3: + IC(1.032 ns) + CELL(0.537 ns) = 2.686 ns; Loc. = LCFF_X28_Y7_N29; Fanout = 11; REG Node = 'digit_flipper[0]'
        Info: Total cell delay = 1.536 ns ( 57.19 % )
        Info: Total interconnect delay = 1.150 ns ( 42.81 % )
    Info: + Micro clock to output delay of source is 0.250 ns
    Info: + Longest register to pin delay is 5.438 ns
        Info: 1: + IC(0.000 ns) + CELL(0.000 ns) = 0.000 ns; Loc. = LCFF_X28_Y7_N29; Fanout = 11; REG Node = 'digit_flipper[0]'
        Info: 2: + IC(1.021 ns) + CELL(0.437 ns) = 1.458 ns; Loc. = LCCOMB_X28_Y7_N16; Fanout = 1; COMB Node = 'bcd7seg:digit_0|Mux2~19'
        Info: 3: + IC(1.202 ns) + CELL(2.778 ns) = 5.438 ns; Loc. = PIN_AC12; Fanout = 0; PIN Node = 'HEX0[2]'
        Info: Total cell delay = 3.215 ns ( 59.12 % )
        Info: Total interconnect delay = 2.223 ns ( 40.88 % )
Info: Quartus II Classic Timing Analyzer was successful. 0 errors, 1 warning
    Info: Allocated 111 megabytes of memory during processing
    Info: Processing ended: Wed May 02 19:39:21 2007
    Info: Elapsed time: 00:00:01


