Classic Timing Analyzer report for part6
Tue May 15 14:26:28 2007
Quartus II Version 7.1 Build 156 04/30/2007 SJ Web Edition


---------------------
; Table of Contents ;
---------------------
  1. Legal Notice
  2. Timing Analyzer Summary
  3. Timing Analyzer Settings
  4. tpd
  5. Timing Analyzer Messages



----------------
; Legal Notice ;
----------------
Copyright (C) 1991-2007 Altera Corporation
Your use of Altera Corporation's design tools, logic functions 
and other software and tools, and its AMPP partner logic 
functions, and any output files from any of the foregoing 
(including device programming or simulation files), and any 
associated documentation or information are expressly subject 
to the terms and conditions of the Altera Program License 
Subscription Agreement, Altera MegaCore Function License 
Agreement, or other applicable license agreement, including, 
without limitation, that your use is for the sole purpose of 
programming logic devices manufactured by Altera and sold by 
Altera or its authorized distributors.  Please refer to the 
applicable agreement for further details.



+------------------------------------------------------------------------------------------------------------------------------+
; Timing Analyzer Summary                                                                                                      ;
+------------------------------+-------+---------------+-------------+--------+---------+------------+----------+--------------+
; Type                         ; Slack ; Required Time ; Actual Time ; From   ; To      ; From Clock ; To Clock ; Failed Paths ;
+------------------------------+-------+---------------+-------------+--------+---------+------------+----------+--------------+
; Worst-case tpd               ; N/A   ; None          ; 16.764 ns   ; SW[15] ; HEX7[6] ; --         ; --       ; 0            ;
; Total number of failed paths ;       ;               ;             ;        ;         ;            ;          ; 0            ;
+------------------------------+-------+---------------+-------------+--------+---------+------------+----------+--------------+


+------------------------------------------------------------------------------------------------------+
; Timing Analyzer Settings                                                                             ;
+-------------------------------------------------------+--------------------+------+----+-------------+
; Option                                                ; Setting            ; From ; To ; Entity Name ;
+-------------------------------------------------------+--------------------+------+----+-------------+
; Device Name                                           ; EP2C35F672C6       ;      ;    ;             ;
; Timing Models                                         ; Final              ;      ;    ;             ;
; Default hold multicycle                               ; Same as Multicycle ;      ;    ;             ;
; Cut paths between unrelated clock domains             ; On                 ;      ;    ;             ;
; Cut off read during write signal paths                ; On                 ;      ;    ;             ;
; Cut off feedback from I/O pins                        ; On                 ;      ;    ;             ;
; Report Combined Fast/Slow Timing                      ; Off                ;      ;    ;             ;
; Ignore Clock Settings                                 ; Off                ;      ;    ;             ;
; Analyze latches as synchronous elements               ; On                 ;      ;    ;             ;
; Enable Recovery/Removal analysis                      ; Off                ;      ;    ;             ;
; Enable Clock Latency                                  ; Off                ;      ;    ;             ;
; Number of source nodes to report per destination node ; 10                 ;      ;    ;             ;
; Number of destination nodes to report                 ; 10                 ;      ;    ;             ;
; Number of paths to report                             ; 200                ;      ;    ;             ;
; Report Minimum Timing Checks                          ; Off                ;      ;    ;             ;
; Use Fast Timing Models                                ; Off                ;      ;    ;             ;
; Report IO Paths Separately                            ; Off                ;      ;    ;             ;
+-------------------------------------------------------+--------------------+------+----+-------------+


+------------------------------------------------------------------------------------------------------------------------------------+
; tpd                                                                                                                                ;
+-----------------------------------------+-----------------------------------------------------+-----------------+--------+---------+
; Slack                                   ; Required P2P Time                                   ; Actual P2P Time ; From   ; To      ;
+-----------------------------------------+-----------------------------------------------------+-----------------+--------+---------+
; N/A                                     ; None                                                ; 16.764 ns       ; SW[15] ; HEX7[6] ;
; N/A                                     ; None                                                ; 16.467 ns       ; SW[16] ; HEX5[3] ;
; N/A                                     ; None                                                ; 16.452 ns       ; SW[15] ; HEX5[3] ;
; N/A                                     ; None                                                ; 16.175 ns       ; SW[15] ; HEX7[4] ;
; N/A                                     ; None                                                ; 16.117 ns       ; SW[15] ; HEX7[3] ;
; N/A                                     ; None                                                ; 16.115 ns       ; SW[16] ; HEX7[6] ;
; N/A                                     ; None                                                ; 16.083 ns       ; SW[15] ; HEX4[6] ;
; N/A                                     ; None                                                ; 15.907 ns       ; SW[15] ; HEX7[1] ;
; N/A                                     ; None                                                ; 15.877 ns       ; SW[15] ; HEX7[2] ;
; N/A                                     ; None                                                ; 15.823 ns       ; SW[15] ; HEX7[5] ;
; N/A                                     ; None                                                ; 15.762 ns       ; SW[16] ; HEX7[4] ;
; N/A                                     ; None                                                ; 15.736 ns       ; SW[15] ; HEX7[0] ;
; N/A                                     ; None                                                ; 15.695 ns       ; SW[13] ; HEX4[6] ;
; N/A                                     ; None                                                ; 15.679 ns       ; SW[16] ; HEX5[0] ;
; N/A                                     ; None                                                ; 15.664 ns       ; SW[15] ; HEX5[0] ;
; N/A                                     ; None                                                ; 15.607 ns       ; SW[15] ; HEX3[3] ;
; N/A                                     ; None                                                ; 15.553 ns       ; SW[16] ; HEX6[0] ;
; N/A                                     ; None                                                ; 15.547 ns       ; SW[15] ; HEX6[0] ;
; N/A                                     ; None                                                ; 15.515 ns       ; SW[14] ; HEX4[6] ;
; N/A                                     ; None                                                ; 15.476 ns       ; SW[16] ; HEX6[1] ;
; N/A                                     ; None                                                ; 15.476 ns       ; SW[16] ; HEX6[2] ;
; N/A                                     ; None                                                ; 15.470 ns       ; SW[15] ; HEX6[1] ;
; N/A                                     ; None                                                ; 15.470 ns       ; SW[15] ; HEX6[2] ;
; N/A                                     ; None                                                ; 15.454 ns       ; SW[16] ; HEX7[3] ;
; N/A                                     ; None                                                ; 15.410 ns       ; SW[16] ; HEX7[5] ;
; N/A                                     ; None                                                ; 15.355 ns       ; SW[15] ; HEX4[1] ;
; N/A                                     ; None                                                ; 15.355 ns       ; SW[15] ; HEX4[2] ;
; N/A                                     ; None                                                ; 15.346 ns       ; SW[16] ; HEX4[6] ;
; N/A                                     ; None                                                ; 15.244 ns       ; SW[16] ; HEX7[1] ;
; N/A                                     ; None                                                ; 15.214 ns       ; SW[16] ; HEX7[2] ;
; N/A                                     ; None                                                ; 15.204 ns       ; SW[16] ; HEX1[2] ;
; N/A                                     ; None                                                ; 15.189 ns       ; SW[15] ; HEX1[2] ;
; N/A                                     ; None                                                ; 15.149 ns       ; SW[14] ; HEX5[3] ;
; N/A                                     ; None                                                ; 15.123 ns       ; SW[15] ; HEX4[3] ;
; N/A                                     ; None                                                ; 15.098 ns       ; SW[15] ; HEX3[1] ;
; N/A                                     ; None                                                ; 15.098 ns       ; SW[15] ; HEX3[2] ;
; N/A                                     ; None                                                ; 15.089 ns       ; SW[16] ; HEX5[1] ;
; N/A                                     ; None                                                ; 15.089 ns       ; SW[16] ; HEX5[2] ;
; N/A                                     ; None                                                ; 15.088 ns       ; SW[16] ; HEX1[1] ;
; N/A                                     ; None                                                ; 15.074 ns       ; SW[15] ; HEX5[1] ;
; N/A                                     ; None                                                ; 15.074 ns       ; SW[15] ; HEX5[2] ;
; N/A                                     ; None                                                ; 15.073 ns       ; SW[15] ; HEX1[1] ;
; N/A                                     ; None                                                ; 15.073 ns       ; SW[16] ; HEX7[0] ;
; N/A                                     ; None                                                ; 15.060 ns       ; SW[15] ; HEX3[0] ;
; N/A                                     ; None                                                ; 14.995 ns       ; SW[16] ; HEX2[3] ;
; N/A                                     ; None                                                ; 14.989 ns       ; SW[15] ; HEX2[3] ;
; N/A                                     ; None                                                ; 14.967 ns       ; SW[13] ; HEX4[1] ;
; N/A                                     ; None                                                ; 14.967 ns       ; SW[13] ; HEX4[2] ;
; N/A                                     ; None                                                ; 14.958 ns       ; SW[16] ; HEX3[3] ;
; N/A                                     ; None                                                ; 14.913 ns       ; SW[16] ; HEX1[3] ;
; N/A                                     ; None                                                ; 14.898 ns       ; SW[15] ; HEX1[3] ;
; N/A                                     ; None                                                ; 14.897 ns       ; SW[13] ; HEX5[3] ;
; N/A                                     ; None                                                ; 14.791 ns       ; SW[13] ; HEX6[1] ;
; N/A                                     ; None                                                ; 14.791 ns       ; SW[13] ; HEX6[2] ;
; N/A                                     ; None                                                ; 14.764 ns       ; SW[15] ; HEX6[6] ;
; N/A                                     ; None                                                ; 14.764 ns       ; SW[16] ; HEX6[6] ;
; N/A                                     ; None                                                ; 14.735 ns       ; SW[13] ; HEX4[3] ;
; N/A                                     ; None                                                ; 14.661 ns       ; SW[14] ; HEX5[0] ;
; N/A                                     ; None                                                ; 14.618 ns       ; SW[16] ; HEX4[1] ;
; N/A                                     ; None                                                ; 14.618 ns       ; SW[16] ; HEX4[2] ;
; N/A                                     ; None                                                ; 14.594 ns       ; SW[15] ; HEX3[6] ;
; N/A                                     ; None                                                ; 14.511 ns       ; SW[14] ; HEX4[1] ;
; N/A                                     ; None                                                ; 14.511 ns       ; SW[14] ; HEX4[2] ;
; N/A                                     ; None                                                ; 14.491 ns       ; SW[15] ; HEX4[0] ;
; N/A                                     ; None                                                ; 14.463 ns       ; SW[15] ; HEX3[5] ;
; N/A                                     ; None                                                ; 14.449 ns       ; SW[16] ; HEX3[1] ;
; N/A                                     ; None                                                ; 14.449 ns       ; SW[16] ; HEX3[2] ;
; N/A                                     ; None                                                ; 14.442 ns       ; SW[16] ; HEX5[4] ;
; N/A                                     ; None                                                ; 14.442 ns       ; SW[16] ; HEX5[5] ;
; N/A                                     ; None                                                ; 14.427 ns       ; SW[17] ; HEX5[3] ;
; N/A                                     ; None                                                ; 14.426 ns       ; SW[16] ; HEX1[5] ;
; N/A                                     ; None                                                ; 14.425 ns       ; SW[16] ; HEX5[6] ;
; N/A                                     ; None                                                ; 14.399 ns       ; SW[14] ; HEX6[0] ;
; N/A                                     ; None                                                ; 14.397 ns       ; SW[16] ; HEX3[0] ;
; N/A                                     ; None                                                ; 14.391 ns       ; SW[16] ; HEX6[3] ;
; N/A                                     ; None                                                ; 14.386 ns       ; SW[16] ; HEX4[3] ;
; N/A                                     ; None                                                ; 14.385 ns       ; SW[15] ; HEX6[3] ;
; N/A                                     ; None                                                ; 14.376 ns       ; SW[13] ; HEX6[6] ;
; N/A                                     ; None                                                ; 14.372 ns       ; SW[16] ; HEX1[0] ;
; N/A                                     ; None                                                ; 14.364 ns       ; SW[14] ; HEX6[1] ;
; N/A                                     ; None                                                ; 14.364 ns       ; SW[14] ; HEX6[2] ;
; N/A                                     ; None                                                ; 14.357 ns       ; SW[15] ; HEX1[0] ;
; N/A                                     ; None                                                ; 14.353 ns       ; SW[16] ; HEX1[6] ;
; N/A                                     ; None                                                ; 14.311 ns       ; SW[14] ; HEX4[3] ;
; N/A                                     ; None                                                ; 14.293 ns       ; SW[15] ; HEX5[6] ;
; N/A                                     ; None                                                ; 14.274 ns       ; SW[16] ; HEX6[4] ;
; N/A                                     ; None                                                ; 14.273 ns       ; SW[14] ; HEX7[6] ;
; N/A                                     ; None                                                ; 14.270 ns       ; SW[16] ; HEX2[0] ;
; N/A                                     ; None                                                ; 14.264 ns       ; SW[15] ; HEX2[0] ;
; N/A                                     ; None                                                ; 14.254 ns       ; SW[16] ; HEX6[5] ;
; N/A                                     ; None                                                ; 14.243 ns       ; SW[14] ; HEX7[4] ;
; N/A                                     ; None                                                ; 14.227 ns       ; SW[15] ; HEX0[2] ;
; N/A                                     ; None                                                ; 14.218 ns       ; SW[14] ; HEX6[6] ;
; N/A                                     ; None                                                ; 14.217 ns       ; SW[15] ; HEX0[1] ;
; N/A                                     ; None                                                ; 14.217 ns       ; SW[15] ; HEX1[6] ;
; N/A                                     ; None                                                ; 14.182 ns       ; SW[17] ; HEX7[6] ;
; N/A                                     ; None                                                ; 14.153 ns       ; SW[17] ; HEX7[4] ;
; N/A                                     ; None                                                ; 14.150 ns       ; SW[16] ; HEX2[2] ;
; N/A                                     ; None                                                ; 14.144 ns       ; SW[15] ; HEX2[2] ;
; N/A                                     ; None                                                ; 14.110 ns       ; SW[16] ; HEX2[1] ;
; N/A                                     ; None                                                ; 14.104 ns       ; SW[15] ; HEX2[1] ;
; N/A                                     ; None                                                ; 14.050 ns       ; SW[16] ; HEX3[5] ;
; N/A                                     ; None                                                ; 14.036 ns       ; SW[14] ; HEX4[0] ;
; N/A                                     ; None                                                ; 14.015 ns       ; SW[15] ; HEX5[4] ;
; N/A                                     ; None                                                ; 14.015 ns       ; SW[15] ; HEX5[5] ;
; N/A                                     ; None                                                ; 14.007 ns       ; SW[15] ; HEX6[4] ;
; N/A                                     ; None                                                ; 13.999 ns       ; SW[15] ; HEX1[5] ;
; N/A                                     ; None                                                ; 13.994 ns       ; SW[15] ; HEX3[4] ;
; N/A                                     ; None                                                ; 13.987 ns       ; SW[15] ; HEX6[5] ;
; N/A                                     ; None                                                ; 13.970 ns       ; SW[15] ; HEX0[3] ;
; N/A                                     ; None                                                ; 13.957 ns       ; SW[17] ; HEX6[0] ;
; N/A                                     ; None                                                ; 13.945 ns       ; SW[16] ; HEX3[6] ;
; N/A                                     ; None                                                ; 13.939 ns       ; SW[17] ; HEX5[0] ;
; N/A                                     ; None                                                ; 13.937 ns       ; SW[16] ; HEX1[4] ;
; N/A                                     ; None                                                ; 13.925 ns       ; SW[14] ; HEX1[2] ;
; N/A                                     ; None                                                ; 13.923 ns       ; SW[14] ; HEX5[4] ;
; N/A                                     ; None                                                ; 13.923 ns       ; SW[14] ; HEX5[5] ;
; N/A                                     ; None                                                ; 13.922 ns       ; SW[17] ; HEX6[1] ;
; N/A                                     ; None                                                ; 13.922 ns       ; SW[17] ; HEX6[2] ;
; N/A                                     ; None                                                ; 13.907 ns       ; SW[14] ; HEX1[5] ;
; N/A                                     ; None                                                ; 13.906 ns       ; SW[14] ; HEX5[6] ;
; N/A                                     ; None                                                ; 13.891 ns       ; SW[14] ; HEX7[5] ;
; N/A                                     ; None                                                ; 13.857 ns       ; SW[17] ; HEX4[6] ;
; N/A                                     ; None                                                ; 13.845 ns       ; SW[16] ; HEX4[0] ;
; N/A                                     ; None                                                ; 13.839 ns       ; SW[13] ; HEX0[2] ;
; N/A                                     ; None                                                ; 13.834 ns       ; SW[14] ; HEX1[6] ;
; N/A                                     ; None                                                ; 13.829 ns       ; SW[13] ; HEX0[1] ;
; N/A                                     ; None                                                ; 13.811 ns       ; SW[14] ; HEX5[1] ;
; N/A                                     ; None                                                ; 13.811 ns       ; SW[14] ; HEX5[2] ;
; N/A                                     ; None                                                ; 13.809 ns       ; SW[14] ; HEX1[1] ;
; N/A                                     ; None                                                ; 13.801 ns       ; SW[17] ; HEX7[5] ;
; N/A                                     ; None                                                ; 13.782 ns       ; SW[13] ; HEX2[3] ;
; N/A                                     ; None                                                ; 13.776 ns       ; SW[17] ; HEX6[6] ;
; N/A                                     ; None                                                ; 13.760 ns       ; SW[13] ; HEX7[6] ;
; N/A                                     ; None                                                ; 13.731 ns       ; SW[14] ; HEX6[4] ;
; N/A                                     ; None                                                ; 13.711 ns       ; SW[14] ; HEX6[5] ;
; N/A                                     ; None                                                ; 13.703 ns       ; SW[13] ; HEX6[3] ;
; N/A                                     ; None                                                ; 13.638 ns       ; SW[15] ; HEX4[4] ;
; N/A                                     ; None                                                ; 13.638 ns       ; SW[15] ; HEX4[5] ;
; N/A                                     ; None                                                ; 13.624 ns       ; SW[13] ; HEX1[2] ;
; N/A                                     ; None                                                ; 13.616 ns       ; SW[15] ; HEX0[6] ;
; N/A                                     ; None                                                ; 13.613 ns       ; SW[13] ; HEX5[6] ;
; N/A                                     ; None                                                ; 13.592 ns       ; SW[14] ; HEX1[3] ;
; N/A                                     ; None                                                ; 13.582 ns       ; SW[13] ; HEX0[3] ;
; N/A                                     ; None                                                ; 13.582 ns       ; SW[14] ; HEX2[3] ;
; N/A                                     ; None                                                ; 13.581 ns       ; SW[16] ; HEX3[4] ;
; N/A                                     ; None                                                ; 13.568 ns       ; SW[15] ; HEX0[0] ;
; N/A                                     ; None                                                ; 13.532 ns       ; SW[13] ; HEX1[6] ;
; N/A                                     ; None                                                ; 13.522 ns       ; SW[14] ; HEX0[2] ;
; N/A                                     ; None                                                ; 13.512 ns       ; SW[14] ; HEX0[1] ;
; N/A                                     ; None                                                ; 13.511 ns       ; SW[13] ; HEX5[1] ;
; N/A                                     ; None                                                ; 13.511 ns       ; SW[13] ; HEX5[2] ;
; N/A                                     ; None                                                ; 13.510 ns       ; SW[15] ; HEX1[4] ;
; N/A                                     ; None                                                ; 13.508 ns       ; SW[13] ; HEX1[1] ;
; N/A                                     ; None                                                ; 13.505 ns       ; SW[15] ; HEX2[6] ;
; N/A                                     ; None                                                ; 13.503 ns       ; SW[16] ; HEX2[6] ;
; N/A                                     ; None                                                ; 13.485 ns       ; SW[16] ; HEX0[2] ;
; N/A                                     ; None                                                ; 13.475 ns       ; SW[16] ; HEX0[1] ;
; N/A                                     ; None                                                ; 13.418 ns       ; SW[14] ; HEX1[4] ;
; N/A                                     ; None                                                ; 13.404 ns       ; SW[17] ; HEX7[3] ;
; N/A                                     ; None                                                ; 13.362 ns       ; SW[14] ; HEX4[4] ;
; N/A                                     ; None                                                ; 13.362 ns       ; SW[14] ; HEX4[5] ;
; N/A                                     ; None                                                ; 13.352 ns       ; SW[14] ; HEX1[0] ;
; N/A                                     ; None                                                ; 13.336 ns       ; SW[13] ; HEX1[3] ;
; N/A                                     ; None                                                ; 13.330 ns       ; SW[14] ; HEX7[3] ;
; N/A                                     ; None                                                ; 13.317 ns       ; SW[17] ; HEX6[4] ;
; N/A                                     ; None                                                ; 13.297 ns       ; SW[17] ; HEX6[5] ;
; N/A                                     ; None                                                ; 13.234 ns       ; SW[14] ; HEX6[3] ;
; N/A                                     ; None                                                ; 13.228 ns       ; SW[16] ; HEX0[3] ;
; N/A                                     ; None                                                ; 13.228 ns       ; SW[13] ; HEX0[6] ;
; N/A                                     ; None                                                ; 13.226 ns       ; SW[14] ; HEX0[3] ;
; N/A                                     ; None                                                ; 13.222 ns       ; SW[14] ; HEX0[0] ;
; N/A                                     ; None                                                ; 13.219 ns       ; SW[14] ; HEX0[6] ;
; N/A                                     ; None                                                ; 13.211 ns       ; SW[14] ; HEX7[0] ;
; N/A                                     ; None                                                ; 13.203 ns       ; SW[17] ; HEX1[2] ;
; N/A                                     ; None                                                ; 13.201 ns       ; SW[17] ; HEX5[4] ;
; N/A                                     ; None                                                ; 13.201 ns       ; SW[17] ; HEX5[5] ;
; N/A                                     ; None                                                ; 13.194 ns       ; SW[17] ; HEX7[1] ;
; N/A                                     ; None                                                ; 13.185 ns       ; SW[17] ; HEX1[5] ;
; N/A                                     ; None                                                ; 13.184 ns       ; SW[17] ; HEX5[6] ;
; N/A                                     ; None                                                ; 13.165 ns       ; SW[17] ; HEX2[3] ;
; N/A                                     ; None                                                ; 13.164 ns       ; SW[17] ; HEX7[2] ;
; N/A                                     ; None                                                ; 13.156 ns       ; SW[14] ; HEX7[1] ;
; N/A                                     ; None                                                ; 13.129 ns       ; SW[17] ; HEX4[1] ;
; N/A                                     ; None                                                ; 13.129 ns       ; SW[17] ; HEX4[2] ;
; N/A                                     ; None                                                ; 13.126 ns       ; SW[14] ; HEX7[2] ;
; N/A                                     ; None                                                ; 13.123 ns       ; SW[14] ; HEX2[0] ;
; N/A                                     ; None                                                ; 13.120 ns       ; SW[17] ; HEX7[0] ;
; N/A                                     ; None                                                ; 13.117 ns       ; SW[13] ; HEX2[6] ;
; N/A                                     ; None                                                ; 13.112 ns       ; SW[17] ; HEX1[6] ;
; N/A                                     ; None                                                ; 13.089 ns       ; SW[17] ; HEX5[1] ;
; N/A                                     ; None                                                ; 13.089 ns       ; SW[17] ; HEX5[2] ;
; N/A                                     ; None                                                ; 13.088 ns       ; SW[2]  ; HEX7[6] ;
; N/A                                     ; None                                                ; 13.087 ns       ; SW[17] ; HEX1[1] ;
; N/A                                     ; None                                                ; 13.055 ns       ; SW[16] ; HEX4[4] ;
; N/A                                     ; None                                                ; 13.055 ns       ; SW[16] ; HEX4[5] ;
; N/A                                     ; None                                                ; 13.026 ns       ; SW[2]  ; HEX7[4] ;
; N/A                                     ; None                                                ; 12.958 ns       ; SW[14] ; HEX2[6] ;
; N/A                                     ; None                                                ; 12.928 ns       ; SW[16] ; HEX0[0] ;
; N/A                                     ; None                                                ; 12.923 ns       ; SW[13] ; HEX2[2] ;
; Timing analysis restricted to 200 rows. ; To change the limit use Settings (Assignments menu) ;                 ;        ;         ;
+-----------------------------------------+-----------------------------------------------------+-----------------+--------+---------+


+--------------------------+
; Timing Analyzer Messages ;
+--------------------------+
Info: *******************************************************************
Info: Running Quartus II Classic Timing Analyzer
    Info: Version 7.1 Build 156 04/30/2007 SJ Web Edition
    Info: Processing started: Tue May 15 14:26:27 2007
Info: Command: quartus_tan --read_settings_files=off --write_settings_files=off part6 -c part6 --timing_analysis_only
Info: Longest tpd from source pin "SW[15]" to destination pin "HEX7[6]" is 16.764 ns
    Info: 1: + IC(0.000 ns) + CELL(0.832 ns) = 0.832 ns; Loc. = PIN_U4; Fanout = 21; PIN Node = 'SW[15]'
    Info: 2: + IC(6.529 ns) + CELL(0.413 ns) = 7.774 ns; Loc. = LCCOMB_X32_Y5_N24; Fanout = 3; COMB Node = 'mux_3bit_8to1:M7|m_1[6]~207'
    Info: 3: + IC(0.254 ns) + CELL(0.271 ns) = 8.299 ns; Loc. = LCCOMB_X32_Y5_N16; Fanout = 2; COMB Node = 'mux_3bit_8to1:M7|m_1[6]~209'
    Info: 4: + IC(1.015 ns) + CELL(0.420 ns) = 9.734 ns; Loc. = LCCOMB_X30_Y8_N12; Fanout = 3; COMB Node = 'mux_3bit_8to1:M7|M[1]~407'
    Info: 5: + IC(0.268 ns) + CELL(0.149 ns) = 10.151 ns; Loc. = LCCOMB_X30_Y8_N8; Fanout = 1; COMB Node = 'char_7seg:H7|Display~0'
    Info: 6: + IC(3.961 ns) + CELL(2.652 ns) = 16.764 ns; Loc. = PIN_N9; Fanout = 0; PIN Node = 'HEX7[6]'
    Info: Total cell delay = 4.737 ns ( 28.26 % )
    Info: Total interconnect delay = 12.027 ns ( 71.74 % )
Info: Quartus II Classic Timing Analyzer was successful. 0 errors, 0 warnings
    Info: Allocated 113 megabytes of memory during processing
    Info: Processing ended: Tue May 15 14:26:28 2007
    Info: Elapsed time: 00:00:01


