Classic Timing Analyzer report for part1
Thu May 03 10:45:04 2007
Quartus II Version 6.1 Build 201 11/27/2006 SJ Web Edition


---------------------
; Table of Contents ;
---------------------
  1. Legal Notice
  2. Timing Analyzer Summary
  3. Timing Analyzer Settings
  4. Clock Settings Summary
  5. Clock Setup: 'KEY[1]'
  6. tsu
  7. tco
  8. th
  9. Timing Analyzer Messages



----------------
; Legal Notice ;
----------------
Copyright (C) 1991-2006 Altera Corporation
Your use of Altera Corporation's design tools, logic functions 
and other software and tools, and its AMPP partner logic 
functions, and any output files from any of the foregoing 
(including device programming or simulation files), and any 
associated documentation or information are expressly subject 
to the terms and conditions of the Altera Program License 
Subscription Agreement, Altera MegaCore Function License 
Agreement, or other applicable license agreement, including, 
without limitation, that your use is for the sole purpose of 
programming logic devices manufactured by Altera and sold by 
Altera or its authorized distributors.  Please refer to the 
applicable agreement for further details.



+----------------------------------------------------------------------------------------------------------------------------------------------------------------+
; Timing Analyzer Summary                                                                                                                                        ;
+------------------------------+-------+---------------+----------------------------------+---------------+---------------+------------+----------+--------------+
; Type                         ; Slack ; Required Time ; Actual Time                      ; From          ; To            ; From Clock ; To Clock ; Failed Paths ;
+------------------------------+-------+---------------+----------------------------------+---------------+---------------+------------+----------+--------------+
; Worst-case tsu               ; N/A   ; None          ; 4.068 ns                         ; SW[13]        ; regn:U_A|Q[5] ; --         ; KEY[1]   ; 0            ;
; Worst-case tco               ; N/A   ; None          ; 12.577 ns                        ; regn:U_B|Q[0] ; LEDR[4]       ; KEY[1]     ; --       ; 0            ;
; Worst-case th                ; N/A   ; None          ; -0.011 ns                        ; SW[3]         ; regn:U_B|Q[3] ; --         ; KEY[1]   ; 0            ;
; Clock Setup: 'KEY[1]'        ; N/A   ; None          ; 282.65 MHz ( period = 3.538 ns ) ; regn:U_B|Q[0] ; regn:U_S|Q[7] ; KEY[1]     ; KEY[1]   ; 0            ;
; Total number of failed paths ;       ;               ;                                  ;               ;               ;            ;          ; 0            ;
+------------------------------+-------+---------------+----------------------------------+---------------+---------------+------------+----------+--------------+


+------------------------------------------------------------------------------------------------------+
; Timing Analyzer Settings                                                                             ;
+-------------------------------------------------------+--------------------+------+----+-------------+
; Option                                                ; Setting            ; From ; To ; Entity Name ;
+-------------------------------------------------------+--------------------+------+----+-------------+
; Device Name                                           ; EP2C35F672C6       ;      ;    ;             ;
; Timing Models                                         ; Final              ;      ;    ;             ;
; Default hold multicycle                               ; Same as Multicycle ;      ;    ;             ;
; Cut paths between unrelated clock domains             ; On                 ;      ;    ;             ;
; Cut off read during write signal paths                ; On                 ;      ;    ;             ;
; Cut off feedback from I/O pins                        ; On                 ;      ;    ;             ;
; Report Combined Fast/Slow Timing                      ; Off                ;      ;    ;             ;
; Ignore Clock Settings                                 ; Off                ;      ;    ;             ;
; Analyze latches as synchronous elements               ; On                 ;      ;    ;             ;
; Enable Recovery/Removal analysis                      ; Off                ;      ;    ;             ;
; Enable Clock Latency                                  ; Off                ;      ;    ;             ;
; Number of source nodes to report per destination node ; 10                 ;      ;    ;             ;
; Number of destination nodes to report                 ; 10                 ;      ;    ;             ;
; Number of paths to report                             ; 200                ;      ;    ;             ;
; Report Minimum Timing Checks                          ; Off                ;      ;    ;             ;
; Use Fast Timing Models                                ; Off                ;      ;    ;             ;
; Report IO Paths Separately                            ; Off                ;      ;    ;             ;
+-------------------------------------------------------+--------------------+------+----+-------------+


+------------------------------------------------------------------------------------------------------------------------------------------------------------------------------------+
; Clock Settings Summary                                                                                                                                                             ;
+-----------------+--------------------+----------+------------------+---------------+--------------+----------+-----------------------+---------------------+--------+--------------+
; Clock Node Name ; Clock Setting Name ; Type     ; Fmax Requirement ; Early Latency ; Late Latency ; Based on ; Multiply Base Fmax by ; Divide Base Fmax by ; Offset ; Phase offset ;
+-----------------+--------------------+----------+------------------+---------------+--------------+----------+-----------------------+---------------------+--------+--------------+
; KEY[1]          ;                    ; User Pin ; None             ; 0.000 ns      ; 0.000 ns     ; --       ; N/A                   ; N/A                 ; N/A    ;              ;
+-----------------+--------------------+----------+------------------+---------------+--------------+----------+-----------------------+---------------------+--------+--------------+


+------------------------------------------------------------------------------------------------------------------------------------------------------------------------------------------------------------+
; Clock Setup: 'KEY[1]'                                                                                                                                                                                      ;
+-------+------------------------------------------------+---------------+-----------------------+------------+----------+-----------------------------+---------------------------+-------------------------+
; Slack ; Actual fmax (period)                           ; From          ; To                    ; From Clock ; To Clock ; Required Setup Relationship ; Required Longest P2P Time ; Actual Longest P2P Time ;
+-------+------------------------------------------------+---------------+-----------------------+------------+----------+-----------------------------+---------------------------+-------------------------+
; N/A   ; 282.65 MHz ( period = 3.538 ns )               ; regn:U_B|Q[0] ; regn:U_S|Q[7]         ; KEY[1]     ; KEY[1]   ; None                        ; None                      ; 3.324 ns                ;
; N/A   ; 282.89 MHz ( period = 3.535 ns )               ; regn:U_B|Q[0] ; flipflop:U_Overflow|Q ; KEY[1]     ; KEY[1]   ; None                        ; None                      ; 3.321 ns                ;
; N/A   ; 285.63 MHz ( period = 3.501 ns )               ; regn:U_B|Q[1] ; regn:U_S|Q[7]         ; KEY[1]     ; KEY[1]   ; None                        ; None                      ; 3.287 ns                ;
; N/A   ; 285.88 MHz ( period = 3.498 ns )               ; regn:U_B|Q[1] ; flipflop:U_Overflow|Q ; KEY[1]     ; KEY[1]   ; None                        ; None                      ; 3.284 ns                ;
; N/A   ; 309.98 MHz ( period = 3.226 ns )               ; regn:U_A|Q[0] ; regn:U_S|Q[7]         ; KEY[1]     ; KEY[1]   ; None                        ; None                      ; 3.012 ns                ;
; N/A   ; 310.27 MHz ( period = 3.223 ns )               ; regn:U_A|Q[0] ; flipflop:U_Overflow|Q ; KEY[1]     ; KEY[1]   ; None                        ; None                      ; 3.009 ns                ;
; N/A   ; 320.00 MHz ( period = 3.125 ns )               ; regn:U_B|Q[0] ; regn:U_S|Q[6]         ; KEY[1]     ; KEY[1]   ; None                        ; None                      ; 2.911 ns                ;
; N/A   ; 320.62 MHz ( period = 3.119 ns )               ; regn:U_A|Q[3] ; regn:U_S|Q[7]         ; KEY[1]     ; KEY[1]   ; None                        ; None                      ; 2.905 ns                ;
; N/A   ; 320.92 MHz ( period = 3.116 ns )               ; regn:U_A|Q[3] ; flipflop:U_Overflow|Q ; KEY[1]     ; KEY[1]   ; None                        ; None                      ; 2.902 ns                ;
; N/A   ; 323.83 MHz ( period = 3.088 ns )               ; regn:U_B|Q[1] ; regn:U_S|Q[6]         ; KEY[1]     ; KEY[1]   ; None                        ; None                      ; 2.874 ns                ;
; N/A   ; 324.68 MHz ( period = 3.080 ns )               ; regn:U_A|Q[1] ; regn:U_S|Q[7]         ; KEY[1]     ; KEY[1]   ; None                        ; None                      ; 2.866 ns                ;
; N/A   ; 324.99 MHz ( period = 3.077 ns )               ; regn:U_A|Q[1] ; flipflop:U_Overflow|Q ; KEY[1]     ; KEY[1]   ; None                        ; None                      ; 2.863 ns                ;
; N/A   ; 325.63 MHz ( period = 3.071 ns )               ; regn:U_A|Q[2] ; regn:U_S|Q[7]         ; KEY[1]     ; KEY[1]   ; None                        ; None                      ; 2.857 ns                ;
; N/A   ; 325.95 MHz ( period = 3.068 ns )               ; regn:U_A|Q[2] ; flipflop:U_Overflow|Q ; KEY[1]     ; KEY[1]   ; None                        ; None                      ; 2.854 ns                ;
; N/A   ; 350.14 MHz ( period = 2.856 ns )               ; regn:U_B|Q[0] ; regn:U_S|Q[4]         ; KEY[1]     ; KEY[1]   ; None                        ; None                      ; 2.656 ns                ;
; N/A   ; 354.74 MHz ( period = 2.819 ns )               ; regn:U_B|Q[1] ; regn:U_S|Q[4]         ; KEY[1]     ; KEY[1]   ; None                        ; None                      ; 2.619 ns                ;
; N/A   ; 355.49 MHz ( period = 2.813 ns )               ; regn:U_A|Q[0] ; regn:U_S|Q[6]         ; KEY[1]     ; KEY[1]   ; None                        ; None                      ; 2.599 ns                ;
; N/A   ; 367.51 MHz ( period = 2.721 ns )               ; regn:U_B|Q[0] ; regn:U_S|Q[5]         ; KEY[1]     ; KEY[1]   ; None                        ; None                      ; 2.507 ns                ;
; N/A   ; 369.55 MHz ( period = 2.706 ns )               ; regn:U_A|Q[3] ; regn:U_S|Q[6]         ; KEY[1]     ; KEY[1]   ; None                        ; None                      ; 2.492 ns                ;
; N/A   ; 372.58 MHz ( period = 2.684 ns )               ; regn:U_B|Q[1] ; regn:U_S|Q[5]         ; KEY[1]     ; KEY[1]   ; None                        ; None                      ; 2.470 ns                ;
; N/A   ; 374.95 MHz ( period = 2.667 ns )               ; regn:U_A|Q[1] ; regn:U_S|Q[6]         ; KEY[1]     ; KEY[1]   ; None                        ; None                      ; 2.453 ns                ;
; N/A   ; 375.23 MHz ( period = 2.665 ns )               ; regn:U_B|Q[2] ; regn:U_S|Q[7]         ; KEY[1]     ; KEY[1]   ; None                        ; None                      ; 2.451 ns                ;
; N/A   ; 375.66 MHz ( period = 2.662 ns )               ; regn:U_B|Q[2] ; flipflop:U_Overflow|Q ; KEY[1]     ; KEY[1]   ; None                        ; None                      ; 2.448 ns                ;
; N/A   ; 376.22 MHz ( period = 2.658 ns )               ; regn:U_A|Q[2] ; regn:U_S|Q[6]         ; KEY[1]     ; KEY[1]   ; None                        ; None                      ; 2.444 ns                ;
; N/A   ; 393.08 MHz ( period = 2.544 ns )               ; regn:U_A|Q[0] ; regn:U_S|Q[4]         ; KEY[1]     ; KEY[1]   ; None                        ; None                      ; 2.344 ns                ;
; N/A   ; 399.84 MHz ( period = 2.501 ns )               ; regn:U_A|Q[4] ; regn:U_S|Q[7]         ; KEY[1]     ; KEY[1]   ; None                        ; None                      ; 2.273 ns                ;
; N/A   ; 400.32 MHz ( period = 2.498 ns )               ; regn:U_A|Q[4] ; flipflop:U_Overflow|Q ; KEY[1]     ; KEY[1]   ; None                        ; None                      ; 2.270 ns                ;
; N/A   ; 410.34 MHz ( period = 2.437 ns )               ; regn:U_A|Q[3] ; regn:U_S|Q[4]         ; KEY[1]     ; KEY[1]   ; None                        ; None                      ; 2.237 ns                ;
; N/A   ; 415.11 MHz ( period = 2.409 ns )               ; regn:U_A|Q[0] ; regn:U_S|Q[5]         ; KEY[1]     ; KEY[1]   ; None                        ; None                      ; 2.195 ns                ;
; N/A   ; 417.01 MHz ( period = 2.398 ns )               ; regn:U_A|Q[1] ; regn:U_S|Q[4]         ; KEY[1]     ; KEY[1]   ; None                        ; None                      ; 2.198 ns                ;
; N/A   ; 418.59 MHz ( period = 2.389 ns )               ; regn:U_A|Q[2] ; regn:U_S|Q[4]         ; KEY[1]     ; KEY[1]   ; None                        ; None                      ; 2.189 ns                ;
; N/A   ; 434.40 MHz ( period = 2.302 ns )               ; regn:U_A|Q[3] ; regn:U_S|Q[5]         ; KEY[1]     ; KEY[1]   ; None                        ; None                      ; 2.088 ns                ;
; N/A   ; 441.89 MHz ( period = 2.263 ns )               ; regn:U_A|Q[1] ; regn:U_S|Q[5]         ; KEY[1]     ; KEY[1]   ; None                        ; None                      ; 2.049 ns                ;
; N/A   ; 443.07 MHz ( period = 2.257 ns )               ; regn:U_B|Q[3] ; regn:U_S|Q[7]         ; KEY[1]     ; KEY[1]   ; None                        ; None                      ; 2.043 ns                ;
; N/A   ; 443.66 MHz ( period = 2.254 ns )               ; regn:U_B|Q[3] ; flipflop:U_Overflow|Q ; KEY[1]     ; KEY[1]   ; None                        ; None                      ; 2.040 ns                ;
; N/A   ; 443.66 MHz ( period = 2.254 ns )               ; regn:U_A|Q[2] ; regn:U_S|Q[5]         ; KEY[1]     ; KEY[1]   ; None                        ; None                      ; 2.040 ns                ;
; N/A   ; 444.05 MHz ( period = 2.252 ns )               ; regn:U_B|Q[2] ; regn:U_S|Q[6]         ; KEY[1]     ; KEY[1]   ; None                        ; None                      ; 2.038 ns                ;
; N/A   ; Restricted to 450.05 MHz ( period = 2.222 ns ) ; regn:U_B|Q[0] ; regn:U_S|Q[3]         ; KEY[1]     ; KEY[1]   ; None                        ; None                      ; 1.968 ns                ;
; N/A   ; Restricted to 450.05 MHz ( period = 2.222 ns ) ; regn:U_B|Q[1] ; regn:U_S|Q[3]         ; KEY[1]     ; KEY[1]   ; None                        ; None                      ; 1.931 ns                ;
; N/A   ; Restricted to 450.05 MHz ( period = 2.222 ns ) ; regn:U_A|Q[4] ; regn:U_S|Q[6]         ; KEY[1]     ; KEY[1]   ; None                        ; None                      ; 1.860 ns                ;
; N/A   ; Restricted to 450.05 MHz ( period = 2.222 ns ) ; regn:U_A|Q[5] ; regn:U_S|Q[7]         ; KEY[1]     ; KEY[1]   ; None                        ; None                      ; 1.844 ns                ;
; N/A   ; Restricted to 450.05 MHz ( period = 2.222 ns ) ; regn:U_A|Q[5] ; flipflop:U_Overflow|Q ; KEY[1]     ; KEY[1]   ; None                        ; None                      ; 1.841 ns                ;
; N/A   ; Restricted to 450.05 MHz ( period = 2.222 ns ) ; regn:U_B|Q[0] ; regn:U_S|Q[2]         ; KEY[1]     ; KEY[1]   ; None                        ; None                      ; 1.840 ns                ;
; N/A   ; Restricted to 450.05 MHz ( period = 2.222 ns ) ; regn:U_B|Q[1] ; regn:U_S|Q[2]         ; KEY[1]     ; KEY[1]   ; None                        ; None                      ; 1.803 ns                ;
; N/A   ; Restricted to 450.05 MHz ( period = 2.222 ns ) ; regn:U_B|Q[2] ; regn:U_S|Q[4]         ; KEY[1]     ; KEY[1]   ; None                        ; None                      ; 1.783 ns                ;
; N/A   ; Restricted to 450.05 MHz ( period = 2.222 ns ) ; regn:U_A|Q[6] ; regn:U_S|Q[6]         ; KEY[1]     ; KEY[1]   ; None                        ; None                      ; 1.765 ns                ;
; N/A   ; Restricted to 450.05 MHz ( period = 2.222 ns ) ; regn:U_B|Q[5] ; regn:U_S|Q[5]         ; KEY[1]     ; KEY[1]   ; None                        ; None                      ; 1.734 ns                ;
; N/A   ; Restricted to 450.05 MHz ( period = 2.222 ns ) ; regn:U_A|Q[0] ; regn:U_S|Q[3]         ; KEY[1]     ; KEY[1]   ; None                        ; None                      ; 1.656 ns                ;
; N/A   ; Restricted to 450.05 MHz ( period = 2.222 ns ) ; regn:U_A|Q[2] ; regn:U_S|Q[2]         ; KEY[1]     ; KEY[1]   ; None                        ; None                      ; 1.642 ns                ;
; N/A   ; Restricted to 450.05 MHz ( period = 2.222 ns ) ; regn:U_B|Q[2] ; regn:U_S|Q[5]         ; KEY[1]     ; KEY[1]   ; None                        ; None                      ; 1.634 ns                ;
; N/A   ; Restricted to 450.05 MHz ( period = 2.222 ns ) ; regn:U_B|Q[4] ; regn:U_S|Q[7]         ; KEY[1]     ; KEY[1]   ; None                        ; None                      ; 1.632 ns                ;
; N/A   ; Restricted to 450.05 MHz ( period = 2.222 ns ) ; regn:U_B|Q[3] ; regn:U_S|Q[6]         ; KEY[1]     ; KEY[1]   ; None                        ; None                      ; 1.630 ns                ;
; N/A   ; Restricted to 450.05 MHz ( period = 2.222 ns ) ; regn:U_B|Q[4] ; flipflop:U_Overflow|Q ; KEY[1]     ; KEY[1]   ; None                        ; None                      ; 1.629 ns                ;
; N/A   ; Restricted to 450.05 MHz ( period = 2.222 ns ) ; regn:U_A|Q[7] ; regn:U_S|Q[7]         ; KEY[1]     ; KEY[1]   ; None                        ; None                      ; 1.584 ns                ;
; N/A   ; Restricted to 450.05 MHz ( period = 2.222 ns ) ; regn:U_A|Q[7] ; flipflop:U_Overflow|Q ; KEY[1]     ; KEY[1]   ; None                        ; None                      ; 1.583 ns                ;
; N/A   ; Restricted to 450.05 MHz ( period = 2.222 ns ) ; regn:U_A|Q[0] ; regn:U_S|Q[2]         ; KEY[1]     ; KEY[1]   ; None                        ; None                      ; 1.528 ns                ;
; N/A   ; Restricted to 450.05 MHz ( period = 2.222 ns ) ; regn:U_A|Q[1] ; regn:U_S|Q[3]         ; KEY[1]     ; KEY[1]   ; None                        ; None                      ; 1.510 ns                ;
; N/A   ; Restricted to 450.05 MHz ( period = 2.222 ns ) ; regn:U_A|Q[2] ; regn:U_S|Q[3]         ; KEY[1]     ; KEY[1]   ; None                        ; None                      ; 1.501 ns                ;
; N/A   ; Restricted to 450.05 MHz ( period = 2.222 ns ) ; regn:U_A|Q[4] ; regn:U_S|Q[5]         ; KEY[1]     ; KEY[1]   ; None                        ; None                      ; 1.456 ns                ;
; N/A   ; Restricted to 450.05 MHz ( period = 2.222 ns ) ; regn:U_A|Q[5] ; regn:U_S|Q[6]         ; KEY[1]     ; KEY[1]   ; None                        ; None                      ; 1.431 ns                ;
; N/A   ; Restricted to 450.05 MHz ( period = 2.222 ns ) ; regn:U_B|Q[0] ; regn:U_S|Q[0]         ; KEY[1]     ; KEY[1]   ; None                        ; None                      ; 1.389 ns                ;
; N/A   ; Restricted to 450.05 MHz ( period = 2.222 ns ) ; regn:U_A|Q[1] ; regn:U_S|Q[2]         ; KEY[1]     ; KEY[1]   ; None                        ; None                      ; 1.382 ns                ;
; N/A   ; Restricted to 450.05 MHz ( period = 2.222 ns ) ; regn:U_B|Q[3] ; regn:U_S|Q[4]         ; KEY[1]     ; KEY[1]   ; None                        ; None                      ; 1.375 ns                ;
; N/A   ; Restricted to 450.05 MHz ( period = 2.222 ns ) ; regn:U_A|Q[0] ; regn:U_S|Q[1]         ; KEY[1]     ; KEY[1]   ; None                        ; None                      ; 1.312 ns                ;
; N/A   ; Restricted to 450.05 MHz ( period = 2.222 ns ) ; regn:U_B|Q[2] ; regn:U_S|Q[2]         ; KEY[1]     ; KEY[1]   ; None                        ; None                      ; 1.279 ns                ;
; N/A   ; Restricted to 450.05 MHz ( period = 2.222 ns ) ; regn:U_B|Q[6] ; regn:U_S|Q[7]         ; KEY[1]     ; KEY[1]   ; None                        ; None                      ; 1.270 ns                ;
; N/A   ; Restricted to 450.05 MHz ( period = 2.222 ns ) ; regn:U_B|Q[6] ; flipflop:U_Overflow|Q ; KEY[1]     ; KEY[1]   ; None                        ; None                      ; 1.267 ns                ;
; N/A   ; Restricted to 450.05 MHz ( period = 2.222 ns ) ; regn:U_B|Q[3] ; regn:U_S|Q[5]         ; KEY[1]     ; KEY[1]   ; None                        ; None                      ; 1.226 ns                ;
; N/A   ; Restricted to 450.05 MHz ( period = 2.222 ns ) ; regn:U_B|Q[5] ; regn:U_S|Q[7]         ; KEY[1]     ; KEY[1]   ; None                        ; None                      ; 1.225 ns                ;
; N/A   ; Restricted to 450.05 MHz ( period = 2.222 ns ) ; regn:U_B|Q[5] ; flipflop:U_Overflow|Q ; KEY[1]     ; KEY[1]   ; None                        ; None                      ; 1.222 ns                ;
; N/A   ; Restricted to 450.05 MHz ( period = 2.222 ns ) ; regn:U_B|Q[4] ; regn:U_S|Q[6]         ; KEY[1]     ; KEY[1]   ; None                        ; None                      ; 1.219 ns                ;
; N/A   ; Restricted to 450.05 MHz ( period = 2.222 ns ) ; regn:U_B|Q[1] ; regn:U_S|Q[1]         ; KEY[1]     ; KEY[1]   ; None                        ; None                      ; 1.142 ns                ;
; N/A   ; Restricted to 450.05 MHz ( period = 2.222 ns ) ; regn:U_B|Q[2] ; regn:U_S|Q[3]         ; KEY[1]     ; KEY[1]   ; None                        ; None                      ; 1.095 ns                ;
; N/A   ; Restricted to 450.05 MHz ( period = 2.222 ns ) ; regn:U_B|Q[0] ; regn:U_S|Q[1]         ; KEY[1]     ; KEY[1]   ; None                        ; None                      ; 1.088 ns                ;
; N/A   ; Restricted to 450.05 MHz ( period = 2.222 ns ) ; regn:U_A|Q[1] ; regn:U_S|Q[1]         ; KEY[1]     ; KEY[1]   ; None                        ; None                      ; 1.088 ns                ;
; N/A   ; Restricted to 450.05 MHz ( period = 2.222 ns ) ; regn:U_A|Q[5] ; regn:U_S|Q[5]         ; KEY[1]     ; KEY[1]   ; None                        ; None                      ; 1.023 ns                ;
; N/A   ; Restricted to 450.05 MHz ( period = 2.222 ns ) ; regn:U_A|Q[0] ; regn:U_S|Q[0]         ; KEY[1]     ; KEY[1]   ; None                        ; None                      ; 1.034 ns                ;
; N/A   ; Restricted to 450.05 MHz ( period = 2.222 ns ) ; regn:U_B|Q[7] ; regn:U_S|Q[7]         ; KEY[1]     ; KEY[1]   ; None                        ; None                      ; 0.877 ns                ;
; N/A   ; Restricted to 450.05 MHz ( period = 2.222 ns ) ; regn:U_B|Q[7] ; flipflop:U_Overflow|Q ; KEY[1]     ; KEY[1]   ; None                        ; None                      ; 0.873 ns                ;
; N/A   ; Restricted to 450.05 MHz ( period = 2.222 ns ) ; regn:U_A|Q[4] ; regn:U_S|Q[4]         ; KEY[1]     ; KEY[1]   ; None                        ; None                      ; 0.857 ns                ;
; N/A   ; Restricted to 450.05 MHz ( period = 2.222 ns ) ; regn:U_A|Q[3] ; regn:U_S|Q[3]         ; KEY[1]     ; KEY[1]   ; None                        ; None                      ; 0.845 ns                ;
; N/A   ; Restricted to 450.05 MHz ( period = 2.222 ns ) ; regn:U_A|Q[6] ; regn:U_S|Q[7]         ; KEY[1]     ; KEY[1]   ; None                        ; None                      ; 0.821 ns                ;
; N/A   ; Restricted to 450.05 MHz ( period = 2.222 ns ) ; regn:U_A|Q[6] ; flipflop:U_Overflow|Q ; KEY[1]     ; KEY[1]   ; None                        ; None                      ; 0.818 ns                ;
; N/A   ; Restricted to 450.05 MHz ( period = 2.222 ns ) ; regn:U_B|Q[4] ; regn:U_S|Q[5]         ; KEY[1]     ; KEY[1]   ; None                        ; None                      ; 0.815 ns                ;
; N/A   ; Restricted to 450.05 MHz ( period = 2.222 ns ) ; regn:U_B|Q[5] ; regn:U_S|Q[6]         ; KEY[1]     ; KEY[1]   ; None                        ; None                      ; 0.812 ns                ;
; N/A   ; Restricted to 450.05 MHz ( period = 2.222 ns ) ; regn:U_B|Q[3] ; regn:U_S|Q[3]         ; KEY[1]     ; KEY[1]   ; None                        ; None                      ; 0.791 ns                ;
; N/A   ; Restricted to 450.05 MHz ( period = 2.222 ns ) ; regn:U_B|Q[4] ; regn:U_S|Q[4]         ; KEY[1]     ; KEY[1]   ; None                        ; None                      ; 0.759 ns                ;
; N/A   ; Restricted to 450.05 MHz ( period = 2.222 ns ) ; regn:U_B|Q[6] ; regn:U_S|Q[6]         ; KEY[1]     ; KEY[1]   ; None                        ; None                      ; 0.682 ns                ;
+-------+------------------------------------------------+---------------+-----------------------+------------+----------+-----------------------------+---------------------------+-------------------------+


+-----------------------------------------------------------------------+
; tsu                                                                   ;
+-------+--------------+------------+--------+---------------+----------+
; Slack ; Required tsu ; Actual tsu ; From   ; To            ; To Clock ;
+-------+--------------+------------+--------+---------------+----------+
; N/A   ; None         ; 4.068 ns   ; SW[13] ; regn:U_A|Q[5] ; KEY[1]   ;
; N/A   ; None         ; 3.817 ns   ; SW[14] ; regn:U_A|Q[6] ; KEY[1]   ;
; N/A   ; None         ; 3.766 ns   ; SW[15] ; regn:U_A|Q[7] ; KEY[1]   ;
; N/A   ; None         ; 1.263 ns   ; SW[1]  ; regn:U_B|Q[1] ; KEY[1]   ;
; N/A   ; None         ; 1.216 ns   ; SW[0]  ; regn:U_B|Q[0] ; KEY[1]   ;
; N/A   ; None         ; 1.185 ns   ; SW[2]  ; regn:U_B|Q[2] ; KEY[1]   ;
; N/A   ; None         ; 1.135 ns   ; SW[9]  ; regn:U_A|Q[1] ; KEY[1]   ;
; N/A   ; None         ; 1.066 ns   ; SW[8]  ; regn:U_A|Q[0] ; KEY[1]   ;
; N/A   ; None         ; 0.807 ns   ; SW[7]  ; regn:U_B|Q[7] ; KEY[1]   ;
; N/A   ; None         ; 0.671 ns   ; SW[6]  ; regn:U_B|Q[6] ; KEY[1]   ;
; N/A   ; None         ; 0.653 ns   ; SW[4]  ; regn:U_B|Q[4] ; KEY[1]   ;
; N/A   ; None         ; 0.550 ns   ; SW[5]  ; regn:U_B|Q[5] ; KEY[1]   ;
; N/A   ; None         ; 0.496 ns   ; SW[12] ; regn:U_A|Q[4] ; KEY[1]   ;
; N/A   ; None         ; 0.340 ns   ; SW[10] ; regn:U_A|Q[2] ; KEY[1]   ;
; N/A   ; None         ; 0.329 ns   ; SW[11] ; regn:U_A|Q[3] ; KEY[1]   ;
; N/A   ; None         ; 0.241 ns   ; SW[3]  ; regn:U_B|Q[3] ; KEY[1]   ;
+-------+--------------+------------+--------+---------------+----------+


+---------------------------------------------------------------------------------------------------------------------------------------------------+
; tco                                                                                                                                               ;
+-----------------------------------------+-----------------------------------------------------+------------+---------------+---------+------------+
; Slack                                   ; Required tco                                        ; Actual tco ; From          ; To      ; From Clock ;
+-----------------------------------------+-----------------------------------------------------+------------+---------------+---------+------------+
; N/A                                     ; None                                                ; 12.577 ns  ; regn:U_B|Q[0] ; LEDR[4] ; KEY[1]     ;
; N/A                                     ; None                                                ; 12.540 ns  ; regn:U_B|Q[1] ; LEDR[4] ; KEY[1]     ;
; N/A                                     ; None                                                ; 12.265 ns  ; regn:U_A|Q[0] ; LEDR[4] ; KEY[1]     ;
; N/A                                     ; None                                                ; 12.158 ns  ; regn:U_A|Q[3] ; LEDR[4] ; KEY[1]     ;
; N/A                                     ; None                                                ; 12.119 ns  ; regn:U_A|Q[1] ; LEDR[4] ; KEY[1]     ;
; N/A                                     ; None                                                ; 12.110 ns  ; regn:U_A|Q[2] ; LEDR[4] ; KEY[1]     ;
; N/A                                     ; None                                                ; 11.704 ns  ; regn:U_B|Q[2] ; LEDR[4] ; KEY[1]     ;
; N/A                                     ; None                                                ; 11.374 ns  ; regn:U_B|Q[0] ; LEDR[5] ; KEY[1]     ;
; N/A                                     ; None                                                ; 11.337 ns  ; regn:U_B|Q[1] ; LEDR[5] ; KEY[1]     ;
; N/A                                     ; None                                                ; 11.296 ns  ; regn:U_B|Q[3] ; LEDR[4] ; KEY[1]     ;
; N/A                                     ; None                                                ; 11.236 ns  ; regn:U_B|Q[0] ; LEDR[7] ; KEY[1]     ;
; N/A                                     ; None                                                ; 11.199 ns  ; regn:U_B|Q[1] ; LEDR[7] ; KEY[1]     ;
; N/A                                     ; None                                                ; 11.108 ns  ; regn:U_B|Q[0] ; LEDR[0] ; KEY[1]     ;
; N/A                                     ; None                                                ; 11.062 ns  ; regn:U_A|Q[0] ; LEDR[5] ; KEY[1]     ;
; N/A                                     ; None                                                ; 10.962 ns  ; regn:U_S|Q[6] ; HEX1[1] ; KEY[1]     ;
; N/A                                     ; None                                                ; 10.955 ns  ; regn:U_A|Q[3] ; LEDR[5] ; KEY[1]     ;
; N/A                                     ; None                                                ; 10.924 ns  ; regn:U_A|Q[0] ; LEDR[7] ; KEY[1]     ;
; N/A                                     ; None                                                ; 10.916 ns  ; regn:U_A|Q[1] ; LEDR[5] ; KEY[1]     ;
; N/A                                     ; None                                                ; 10.907 ns  ; regn:U_A|Q[2] ; LEDR[5] ; KEY[1]     ;
; N/A                                     ; None                                                ; 10.881 ns  ; regn:U_B|Q[0] ; LEDR[6] ; KEY[1]     ;
; N/A                                     ; None                                                ; 10.844 ns  ; regn:U_B|Q[1] ; LEDR[6] ; KEY[1]     ;
; N/A                                     ; None                                                ; 10.843 ns  ; regn:U_S|Q[6] ; HEX1[3] ; KEY[1]     ;
; N/A                                     ; None                                                ; 10.817 ns  ; regn:U_A|Q[3] ; LEDR[7] ; KEY[1]     ;
; N/A                                     ; None                                                ; 10.792 ns  ; regn:U_A|Q[4] ; LEDR[4] ; KEY[1]     ;
; N/A                                     ; None                                                ; 10.778 ns  ; regn:U_A|Q[1] ; LEDR[7] ; KEY[1]     ;
; N/A                                     ; None                                                ; 10.769 ns  ; regn:U_A|Q[2] ; LEDR[7] ; KEY[1]     ;
; N/A                                     ; None                                                ; 10.753 ns  ; regn:U_A|Q[0] ; LEDR[0] ; KEY[1]     ;
; N/A                                     ; None                                                ; 10.727 ns  ; regn:U_S|Q[7] ; HEX1[1] ; KEY[1]     ;
; N/A                                     ; None                                                ; 10.694 ns  ; regn:U_S|Q[5] ; HEX1[1] ; KEY[1]     ;
; N/A                                     ; None                                                ; 10.680 ns  ; regn:U_B|Q[4] ; LEDR[4] ; KEY[1]     ;
; N/A                                     ; None                                                ; 10.608 ns  ; regn:U_B|Q[0] ; LEDR[3] ; KEY[1]     ;
; N/A                                     ; None                                                ; 10.603 ns  ; regn:U_S|Q[6] ; HEX1[5] ; KEY[1]     ;
; N/A                                     ; None                                                ; 10.601 ns  ; regn:U_B|Q[5] ; LEDR[5] ; KEY[1]     ;
; N/A                                     ; None                                                ; 10.585 ns  ; regn:U_S|Q[7] ; HEX1[3] ; KEY[1]     ;
; N/A                                     ; None                                                ; 10.571 ns  ; regn:U_B|Q[1] ; LEDR[3] ; KEY[1]     ;
; N/A                                     ; None                                                ; 10.569 ns  ; regn:U_A|Q[0] ; LEDR[6] ; KEY[1]     ;
; N/A                                     ; None                                                ; 10.557 ns  ; regn:U_S|Q[5] ; HEX1[3] ; KEY[1]     ;
; N/A                                     ; None                                                ; 10.501 ns  ; regn:U_B|Q[2] ; LEDR[5] ; KEY[1]     ;
; N/A                                     ; None                                                ; 10.468 ns  ; regn:U_B|Q[0] ; LEDR[2] ; KEY[1]     ;
; N/A                                     ; None                                                ; 10.462 ns  ; regn:U_A|Q[3] ; LEDR[6] ; KEY[1]     ;
; N/A                                     ; None                                                ; 10.431 ns  ; regn:U_B|Q[1] ; LEDR[2] ; KEY[1]     ;
; N/A                                     ; None                                                ; 10.423 ns  ; regn:U_A|Q[1] ; LEDR[6] ; KEY[1]     ;
; N/A                                     ; None                                                ; 10.414 ns  ; regn:U_A|Q[2] ; LEDR[6] ; KEY[1]     ;
; N/A                                     ; None                                                ; 10.374 ns  ; regn:U_S|Q[7] ; HEX1[5] ; KEY[1]     ;
; N/A                                     ; None                                                ; 10.363 ns  ; regn:U_B|Q[2] ; LEDR[7] ; KEY[1]     ;
; N/A                                     ; None                                                ; 10.343 ns  ; regn:U_S|Q[5] ; HEX1[5] ; KEY[1]     ;
; N/A                                     ; None                                                ; 10.337 ns  ; regn:U_A|Q[4] ; LEDR[5] ; KEY[1]     ;
; N/A                                     ; None                                                ; 10.332 ns  ; regn:U_S|Q[4] ; HEX1[1] ; KEY[1]     ;
; N/A                                     ; None                                                ; 10.304 ns  ; regn:U_A|Q[0] ; LEDR[1] ; KEY[1]     ;
; N/A                                     ; None                                                ; 10.296 ns  ; regn:U_A|Q[0] ; LEDR[3] ; KEY[1]     ;
; N/A                                     ; None                                                ; 10.270 ns  ; regn:U_A|Q[2] ; LEDR[2] ; KEY[1]     ;
; N/A                                     ; None                                                ; 10.210 ns  ; regn:U_S|Q[4] ; HEX1[3] ; KEY[1]     ;
; N/A                                     ; None                                                ; 10.199 ns  ; regn:U_A|Q[4] ; LEDR[7] ; KEY[1]     ;
; N/A                                     ; None                                                ; 10.156 ns  ; regn:U_A|Q[0] ; LEDR[2] ; KEY[1]     ;
; N/A                                     ; None                                                ; 10.150 ns  ; regn:U_A|Q[1] ; LEDR[3] ; KEY[1]     ;
; N/A                                     ; None                                                ; 10.141 ns  ; regn:U_A|Q[2] ; LEDR[3] ; KEY[1]     ;
; N/A                                     ; None                                                ; 10.134 ns  ; regn:U_B|Q[1] ; LEDR[1] ; KEY[1]     ;
; N/A                                     ; None                                                ; 10.093 ns  ; regn:U_B|Q[3] ; LEDR[5] ; KEY[1]     ;
; N/A                                     ; None                                                ; 10.080 ns  ; regn:U_B|Q[0] ; LEDR[1] ; KEY[1]     ;
; N/A                                     ; None                                                ; 10.080 ns  ; regn:U_A|Q[1] ; LEDR[1] ; KEY[1]     ;
; N/A                                     ; None                                                ; 10.010 ns  ; regn:U_A|Q[1] ; LEDR[2] ; KEY[1]     ;
; N/A                                     ; None                                                ; 10.008 ns  ; regn:U_B|Q[2] ; LEDR[6] ; KEY[1]     ;
; N/A                                     ; None                                                ; 9.980 ns   ; regn:U_S|Q[4] ; HEX1[5] ; KEY[1]     ;
; N/A                                     ; None                                                ; 9.955 ns   ; regn:U_B|Q[3] ; LEDR[7] ; KEY[1]     ;
; N/A                                     ; None                                                ; 9.913 ns   ; regn:U_A|Q[2] ; HEX6[5] ; KEY[1]     ;
; N/A                                     ; None                                                ; 9.907 ns   ; regn:U_B|Q[2] ; LEDR[2] ; KEY[1]     ;
; N/A                                     ; None                                                ; 9.904 ns   ; regn:U_A|Q[5] ; LEDR[5] ; KEY[1]     ;
; N/A                                     ; None                                                ; 9.844 ns   ; regn:U_A|Q[4] ; LEDR[6] ; KEY[1]     ;
; N/A                                     ; None                                                ; 9.839 ns   ; regn:U_A|Q[2] ; HEX6[4] ; KEY[1]     ;
; N/A                                     ; None                                                ; 9.772 ns   ; regn:U_B|Q[5] ; HEX5[6] ; KEY[1]     ;
; N/A                                     ; None                                                ; 9.770 ns   ; regn:U_A|Q[5] ; LEDR[7] ; KEY[1]     ;
; N/A                                     ; None                                                ; 9.735 ns   ; regn:U_A|Q[6] ; LEDR[6] ; KEY[1]     ;
; N/A                                     ; None                                                ; 9.735 ns   ; regn:U_B|Q[2] ; LEDR[3] ; KEY[1]     ;
; N/A                                     ; None                                                ; 9.682 ns   ; regn:U_B|Q[4] ; LEDR[5] ; KEY[1]     ;
; N/A                                     ; None                                                ; 9.672 ns   ; regn:U_B|Q[4] ; HEX5[6] ; KEY[1]     ;
; N/A                                     ; None                                                ; 9.600 ns   ; regn:U_B|Q[3] ; LEDR[6] ; KEY[1]     ;
; N/A                                     ; None                                                ; 9.553 ns   ; regn:U_A|Q[6] ; HEX7[5] ; KEY[1]     ;
; N/A                                     ; None                                                ; 9.544 ns   ; regn:U_B|Q[4] ; LEDR[7] ; KEY[1]     ;
; N/A                                     ; None                                                ; 9.529 ns   ; regn:U_B|Q[3] ; HEX4[5] ; KEY[1]     ;
; N/A                                     ; None                                                ; 9.510 ns   ; regn:U_S|Q[6] ; HEX1[0] ; KEY[1]     ;
; N/A                                     ; None                                                ; 9.510 ns   ; regn:U_A|Q[7] ; LEDR[7] ; KEY[1]     ;
; N/A                                     ; None                                                ; 9.485 ns   ; regn:U_A|Q[3] ; LEDR[3] ; KEY[1]     ;
; N/A                                     ; None                                                ; 9.467 ns   ; regn:U_B|Q[3] ; HEX4[6] ; KEY[1]     ;
; N/A                                     ; None                                                ; 9.458 ns   ; regn:U_A|Q[2] ; HEX6[0] ; KEY[1]     ;
; N/A                                     ; None                                                ; 9.431 ns   ; regn:U_B|Q[3] ; LEDR[3] ; KEY[1]     ;
; N/A                                     ; None                                                ; 9.415 ns   ; regn:U_A|Q[5] ; LEDR[6] ; KEY[1]     ;
; N/A                                     ; None                                                ; 9.374 ns   ; regn:U_A|Q[7] ; HEX7[5] ; KEY[1]     ;
; N/A                                     ; None                                                ; 9.347 ns   ; regn:U_A|Q[3] ; HEX6[6] ; KEY[1]     ;
; N/A                                     ; None                                                ; 9.306 ns   ; regn:U_A|Q[0] ; HEX6[5] ; KEY[1]     ;
; N/A                                     ; None                                                ; 9.264 ns   ; regn:U_A|Q[5] ; HEX7[4] ; KEY[1]     ;
; N/A                                     ; None                                                ; 9.260 ns   ; regn:U_S|Q[7] ; HEX1[0] ; KEY[1]     ;
; N/A                                     ; None                                                ; 9.228 ns   ; regn:U_S|Q[5] ; HEX1[0] ; KEY[1]     ;
; N/A                                     ; None                                                ; 9.197 ns   ; regn:U_A|Q[5] ; HEX7[6] ; KEY[1]     ;
; N/A                                     ; None                                                ; 9.189 ns   ; regn:U_B|Q[4] ; LEDR[6] ; KEY[1]     ;
; N/A                                     ; None                                                ; 9.182 ns   ; regn:U_B|Q[6] ; LEDR[7] ; KEY[1]     ;
; N/A                                     ; None                                                ; 9.170 ns   ; regn:U_S|Q[6] ; HEX1[2] ; KEY[1]     ;
; N/A                                     ; None                                                ; 9.164 ns   ; regn:U_A|Q[2] ; HEX6[1] ; KEY[1]     ;
; N/A                                     ; None                                                ; 9.137 ns   ; regn:U_B|Q[5] ; LEDR[7] ; KEY[1]     ;
; N/A                                     ; None                                                ; 9.134 ns   ; regn:U_A|Q[2] ; HEX6[6] ; KEY[1]     ;
; N/A                                     ; None                                                ; 9.130 ns   ; regn:U_B|Q[5] ; HEX5[5] ; KEY[1]     ;
; N/A                                     ; None                                                ; 9.115 ns   ; regn:U_A|Q[4] ; HEX7[5] ; KEY[1]     ;
; N/A                                     ; None                                                ; 9.113 ns   ; regn:U_A|Q[5] ; HEX7[3] ; KEY[1]     ;
; N/A                                     ; None                                                ; 9.093 ns   ; regn:U_A|Q[1] ; HEX6[5] ; KEY[1]     ;
; N/A                                     ; None                                                ; 9.085 ns   ; regn:U_S|Q[6] ; HEX1[4] ; KEY[1]     ;
; N/A                                     ; None                                                ; 9.072 ns   ; regn:U_A|Q[7] ; HEX7[6] ; KEY[1]     ;
; N/A                                     ; None                                                ; 9.065 ns   ; regn:U_A|Q[1] ; HEX6[6] ; KEY[1]     ;
; N/A                                     ; None                                                ; 9.047 ns   ; regn:U_A|Q[2] ; HEX6[2] ; KEY[1]     ;
; N/A                                     ; None                                                ; 9.024 ns   ; regn:U_A|Q[5] ; HEX7[2] ; KEY[1]     ;
; N/A                                     ; None                                                ; 9.013 ns   ; regn:U_A|Q[6] ; HEX7[4] ; KEY[1]     ;
; N/A                                     ; None                                                ; 8.998 ns   ; regn:U_A|Q[6] ; HEX7[3] ; KEY[1]     ;
; N/A                                     ; None                                                ; 8.948 ns   ; regn:U_A|Q[5] ; HEX7[1] ; KEY[1]     ;
; N/A                                     ; None                                                ; 8.938 ns   ; regn:U_S|Q[7] ; HEX1[2] ; KEY[1]     ;
; N/A                                     ; None                                                ; 8.936 ns   ; regn:U_A|Q[5] ; HEX7[5] ; KEY[1]     ;
; N/A                                     ; None                                                ; 8.918 ns   ; regn:U_A|Q[6] ; HEX7[2] ; KEY[1]     ;
; N/A                                     ; None                                                ; 8.912 ns   ; regn:U_A|Q[6] ; HEX7[6] ; KEY[1]     ;
; N/A                                     ; None                                                ; 8.905 ns   ; regn:U_S|Q[5] ; HEX1[2] ; KEY[1]     ;
; N/A                                     ; None                                                ; 8.897 ns   ; regn:U_A|Q[0] ; HEX6[4] ; KEY[1]     ;
; N/A                                     ; None                                                ; 8.877 ns   ; regn:U_S|Q[4] ; HEX1[0] ; KEY[1]     ;
; N/A                                     ; None                                                ; 8.855 ns   ; regn:U_A|Q[0] ; HEX6[3] ; KEY[1]     ;
; N/A                                     ; None                                                ; 8.849 ns   ; regn:U_B|Q[6] ; HEX5[4] ; KEY[1]     ;
; N/A                                     ; None                                                ; 8.846 ns   ; regn:U_B|Q[7] ; HEX5[6] ; KEY[1]     ;
; N/A                                     ; None                                                ; 8.839 ns   ; regn:U_A|Q[3] ; HEX6[3] ; KEY[1]     ;
; N/A                                     ; None                                                ; 8.838 ns   ; regn:U_A|Q[6] ; HEX7[1] ; KEY[1]     ;
; N/A                                     ; None                                                ; 8.836 ns   ; regn:U_S|Q[7] ; HEX1[4] ; KEY[1]     ;
; N/A                                     ; None                                                ; 8.830 ns   ; regn:U_A|Q[7] ; HEX7[3] ; KEY[1]     ;
; N/A                                     ; None                                                ; 8.807 ns   ; regn:U_S|Q[5] ; HEX1[4] ; KEY[1]     ;
; N/A                                     ; None                                                ; 8.789 ns   ; regn:U_B|Q[7] ; LEDR[7] ; KEY[1]     ;
; N/A                                     ; None                                                ; 8.785 ns   ; regn:U_A|Q[1] ; HEX6[4] ; KEY[1]     ;
; N/A                                     ; None                                                ; 8.782 ns   ; regn:U_B|Q[5] ; LEDR[6] ; KEY[1]     ;
; N/A                                     ; None                                                ; 8.741 ns   ; regn:U_A|Q[7] ; HEX7[2] ; KEY[1]     ;
; N/A                                     ; None                                                ; 8.733 ns   ; regn:U_A|Q[6] ; LEDR[7] ; KEY[1]     ;
; N/A                                     ; None                                                ; 8.675 ns   ; regn:U_A|Q[3] ; HEX6[4] ; KEY[1]     ;
; N/A                                     ; None                                                ; 8.665 ns   ; regn:U_A|Q[7] ; HEX7[1] ; KEY[1]     ;
; N/A                                     ; None                                                ; 8.658 ns   ; regn:U_B|Q[1] ; HEX4[3] ; KEY[1]     ;
; N/A                                     ; None                                                ; 8.652 ns   ; regn:U_B|Q[6] ; LEDR[6] ; KEY[1]     ;
; N/A                                     ; None                                                ; 8.646 ns   ; regn:U_B|Q[1] ; HEX4[4] ; KEY[1]     ;
; N/A                                     ; None                                                ; 8.640 ns   ; regn:U_S|Q[6] ; HEX1[6] ; KEY[1]     ;
; N/A                                     ; None                                                ; 8.640 ns   ; regn:U_B|Q[2] ; HEX4[5] ; KEY[1]     ;
; N/A                                     ; None                                                ; 8.635 ns   ; regn:U_A|Q[5] ; HEX7[0] ; KEY[1]     ;
; N/A                                     ; None                                                ; 8.574 ns   ; regn:U_B|Q[2] ; HEX4[6] ; KEY[1]     ;
; N/A                                     ; None                                                ; 8.573 ns   ; regn:U_B|Q[1] ; HEX4[6] ; KEY[1]     ;
; N/A                                     ; None                                                ; 8.552 ns   ; regn:U_A|Q[1] ; HEX6[3] ; KEY[1]     ;
; N/A                                     ; None                                                ; 8.548 ns   ; regn:U_A|Q[4] ; HEX7[4] ; KEY[1]     ;
; N/A                                     ; None                                                ; 8.543 ns   ; regn:U_S|Q[4] ; HEX1[2] ; KEY[1]     ;
; N/A                                     ; None                                                ; 8.528 ns   ; regn:U_A|Q[6] ; HEX7[0] ; KEY[1]     ;
; N/A                                     ; None                                                ; 8.528 ns   ; regn:U_A|Q[4] ; HEX7[3] ; KEY[1]     ;
; N/A                                     ; None                                                ; 8.526 ns   ; regn:U_A|Q[0] ; HEX6[0] ; KEY[1]     ;
; N/A                                     ; None                                                ; 8.520 ns   ; regn:U_S|Q[1] ; HEX0[3] ; KEY[1]     ;
; N/A                                     ; None                                                ; 8.502 ns   ; regn:U_B|Q[2] ; HEX4[4] ; KEY[1]     ;
; N/A                                     ; None                                                ; 8.495 ns   ; regn:U_B|Q[2] ; HEX4[3] ; KEY[1]     ;
; N/A                                     ; None                                                ; 8.491 ns   ; regn:U_S|Q[0] ; HEX0[3] ; KEY[1]     ;
; N/A                                     ; None                                                ; 8.491 ns   ; regn:U_B|Q[6] ; HEX5[3] ; KEY[1]     ;
; N/A                                     ; None                                                ; 8.490 ns   ; regn:U_B|Q[6] ; HEX5[2] ; KEY[1]     ;
; N/A                                     ; None                                                ; 8.484 ns   ; regn:U_A|Q[0] ; HEX6[6] ; KEY[1]     ;
; N/A                                     ; None                                                ; 8.481 ns   ; regn:U_B|Q[6] ; HEX5[0] ; KEY[1]     ;
; N/A                                     ; None                                                ; 8.467 ns   ; regn:U_B|Q[6] ; HEX5[1] ; KEY[1]     ;
; N/A                                     ; None                                                ; 8.453 ns   ; regn:U_S|Q[4] ; HEX1[4] ; KEY[1]     ;
; N/A                                     ; None                                                ; 8.448 ns   ; regn:U_A|Q[4] ; HEX7[2] ; KEY[1]     ;
; N/A                                     ; None                                                ; 8.442 ns   ; regn:U_B|Q[0] ; HEX4[4] ; KEY[1]     ;
; N/A                                     ; None                                                ; 8.435 ns   ; regn:U_B|Q[0] ; HEX4[3] ; KEY[1]     ;
; N/A                                     ; None                                                ; 8.425 ns   ; regn:U_B|Q[5] ; HEX5[2] ; KEY[1]     ;
; N/A                                     ; None                                                ; 8.409 ns   ; regn:U_B|Q[3] ; HEX4[3] ; KEY[1]     ;
; N/A                                     ; None                                                ; 8.406 ns   ; regn:U_A|Q[3] ; HEX6[5] ; KEY[1]     ;
; N/A                                     ; None                                                ; 8.404 ns   ; regn:U_A|Q[1] ; HEX6[0] ; KEY[1]     ;
; N/A                                     ; None                                                ; 8.403 ns   ; regn:U_B|Q[5] ; HEX5[3] ; KEY[1]     ;
; N/A                                     ; None                                                ; 8.394 ns   ; regn:U_B|Q[5] ; HEX5[0] ; KEY[1]     ;
; N/A                                     ; None                                                ; 8.386 ns   ; regn:U_S|Q[7] ; HEX1[6] ; KEY[1]     ;
; N/A                                     ; None                                                ; 8.385 ns   ; regn:U_B|Q[3] ; HEX4[4] ; KEY[1]     ;
; N/A                                     ; None                                                ; 8.385 ns   ; regn:U_B|Q[4] ; HEX5[5] ; KEY[1]     ;
; N/A                                     ; None                                                ; 8.378 ns   ; regn:U_B|Q[5] ; HEX5[1] ; KEY[1]     ;
; N/A                                     ; None                                                ; 8.376 ns   ; regn:U_B|Q[6] ; HEX5[6] ; KEY[1]     ;
; N/A                                     ; None                                                ; 8.375 ns   ; regn:U_B|Q[1] ; HEX4[1] ; KEY[1]     ;
; N/A                                     ; None                                                ; 8.372 ns   ; regn:U_B|Q[1] ; HEX4[0] ; KEY[1]     ;
; N/A                                     ; None                                                ; 8.370 ns   ; regn:U_A|Q[4] ; HEX7[1] ; KEY[1]     ;
; N/A                                     ; None                                                ; 8.369 ns   ; regn:U_A|Q[7] ; HEX7[4] ; KEY[1]     ;
; N/A                                     ; None                                                ; 8.364 ns   ; regn:U_B|Q[1] ; HEX4[2] ; KEY[1]     ;
; N/A                                     ; None                                                ; 8.355 ns   ; regn:U_B|Q[0] ; HEX4[5] ; KEY[1]     ;
; N/A                                     ; None                                                ; 8.354 ns   ; regn:U_S|Q[5] ; HEX1[6] ; KEY[1]     ;
; N/A                                     ; None                                                ; 8.327 ns   ; regn:U_A|Q[7] ; HEX7[0] ; KEY[1]     ;
; N/A                                     ; None                                                ; 8.316 ns   ; regn:U_B|Q[5] ; HEX5[4] ; KEY[1]     ;
; N/A                                     ; None                                                ; 8.309 ns   ; regn:U_S|Q[1] ; HEX0[2] ; KEY[1]     ;
; N/A                                     ; None                                                ; 8.308 ns   ; regn:U_S|Q[0] ; HEX0[4] ; KEY[1]     ;
; N/A                                     ; None                                                ; 8.303 ns   ; regn:U_A|Q[3] ; HEX6[0] ; KEY[1]     ;
; N/A                                     ; None                                                ; 8.296 ns   ; regn:U_S|Q[1] ; HEX0[1] ; KEY[1]     ;
; N/A                                     ; None                                                ; 8.279 ns   ; regn:U_S|Q[0] ; HEX0[5] ; KEY[1]     ;
; N/A                                     ; None                                                ; 8.279 ns   ; regn:U_B|Q[4] ; HEX5[2] ; KEY[1]     ;
; N/A                                     ; None                                                ; 8.277 ns   ; regn:U_S|Q[1] ; HEX0[0] ; KEY[1]     ;
; N/A                                     ; None                                                ; 8.274 ns   ; regn:U_S|Q[1] ; HEX0[4] ; KEY[1]     ;
; N/A                                     ; None                                                ; 8.266 ns   ; regn:U_A|Q[4] ; HEX7[6] ; KEY[1]     ;
; N/A                                     ; None                                                ; 8.265 ns   ; regn:U_S|Q[0] ; HEX0[1] ; KEY[1]     ;
; N/A                                     ; None                                                ; 8.251 ns   ; regn:U_S|Q[0] ; HEX0[2] ; KEY[1]     ;
; N/A                                     ; None                                                ; 8.249 ns   ; regn:U_S|Q[0] ; HEX0[0] ; KEY[1]     ;
; N/A                                     ; None                                                ; 8.249 ns   ; regn:U_S|Q[0] ; HEX0[6] ; KEY[1]     ;
; N/A                                     ; None                                                ; 8.248 ns   ; regn:U_S|Q[1] ; HEX0[5] ; KEY[1]     ;
; N/A                                     ; None                                                ; 8.247 ns   ; regn:U_S|Q[2] ; HEX0[3] ; KEY[1]     ;
; N/A                                     ; None                                                ; 8.246 ns   ; regn:U_B|Q[4] ; HEX5[3] ; KEY[1]     ;
; N/A                                     ; None                                                ; 8.239 ns   ; regn:U_B|Q[4] ; HEX5[0] ; KEY[1]     ;
; N/A                                     ; None                                                ; 8.226 ns   ; regn:U_B|Q[4] ; HEX5[1] ; KEY[1]     ;
; N/A                                     ; None                                                ; 8.222 ns   ; regn:U_B|Q[7] ; HEX5[2] ; KEY[1]     ;
; N/A                                     ; None                                                ; 8.222 ns   ; regn:U_A|Q[0] ; HEX6[1] ; KEY[1]     ;
; Timing analysis restricted to 200 rows. ; To change the limit use Settings (Assignments menu) ;            ;               ;         ;            ;
+-----------------------------------------+-----------------------------------------------------+------------+---------------+---------+------------+


+-----------------------------------------------------------------------------+
; th                                                                          ;
+---------------+-------------+-----------+--------+---------------+----------+
; Minimum Slack ; Required th ; Actual th ; From   ; To            ; To Clock ;
+---------------+-------------+-----------+--------+---------------+----------+
; N/A           ; None        ; -0.011 ns ; SW[3]  ; regn:U_B|Q[3] ; KEY[1]   ;
; N/A           ; None        ; -0.099 ns ; SW[11] ; regn:U_A|Q[3] ; KEY[1]   ;
; N/A           ; None        ; -0.110 ns ; SW[10] ; regn:U_A|Q[2] ; KEY[1]   ;
; N/A           ; None        ; -0.266 ns ; SW[12] ; regn:U_A|Q[4] ; KEY[1]   ;
; N/A           ; None        ; -0.320 ns ; SW[5]  ; regn:U_B|Q[5] ; KEY[1]   ;
; N/A           ; None        ; -0.423 ns ; SW[4]  ; regn:U_B|Q[4] ; KEY[1]   ;
; N/A           ; None        ; -0.441 ns ; SW[6]  ; regn:U_B|Q[6] ; KEY[1]   ;
; N/A           ; None        ; -0.577 ns ; SW[7]  ; regn:U_B|Q[7] ; KEY[1]   ;
; N/A           ; None        ; -0.836 ns ; SW[8]  ; regn:U_A|Q[0] ; KEY[1]   ;
; N/A           ; None        ; -0.905 ns ; SW[9]  ; regn:U_A|Q[1] ; KEY[1]   ;
; N/A           ; None        ; -0.955 ns ; SW[2]  ; regn:U_B|Q[2] ; KEY[1]   ;
; N/A           ; None        ; -0.986 ns ; SW[0]  ; regn:U_B|Q[0] ; KEY[1]   ;
; N/A           ; None        ; -1.033 ns ; SW[1]  ; regn:U_B|Q[1] ; KEY[1]   ;
; N/A           ; None        ; -3.536 ns ; SW[15] ; regn:U_A|Q[7] ; KEY[1]   ;
; N/A           ; None        ; -3.587 ns ; SW[14] ; regn:U_A|Q[6] ; KEY[1]   ;
; N/A           ; None        ; -3.838 ns ; SW[13] ; regn:U_A|Q[5] ; KEY[1]   ;
+---------------+-------------+-----------+--------+---------------+----------+


+--------------------------+
; Timing Analyzer Messages ;
+--------------------------+
Info: *******************************************************************
Info: Running Quartus II Classic Timing Analyzer
    Info: Version 6.1 Build 201 11/27/2006 SJ Web Edition
    Info: Processing started: Thu May 03 10:45:03 2007
Info: Command: quartus_tan --read_settings_files=off --write_settings_files=off part1 -c part1 --timing_analysis_only
Warning: Found pins functioning as undefined clocks and/or memory enables
    Info: Assuming node "KEY[1]" is an undefined clock
Info: Clock "KEY[1]" has Internal fmax of 282.65 MHz between source register "regn:U_B|Q[0]" and destination register "regn:U_S|Q[7]" (period= 3.538 ns)
    Info: + Longest register to register delay is 3.324 ns
        Info: 1: + IC(0.000 ns) + CELL(0.000 ns) = 0.000 ns; Loc. = LCFF_X16_Y9_N11; Fanout = 10; REG Node = 'regn:U_B|Q[0]'
        Info: 2: + IC(0.344 ns) + CELL(0.437 ns) = 0.781 ns; Loc. = LCCOMB_X16_Y9_N0; Fanout = 2; COMB Node = 'fa:bit1|co~15'
        Info: 3: + IC(0.265 ns) + CELL(0.150 ns) = 1.196 ns; Loc. = LCCOMB_X16_Y9_N30; Fanout = 2; COMB Node = 'fa:bit2|co~77'
        Info: 4: + IC(0.258 ns) + CELL(0.150 ns) = 1.604 ns; Loc. = LCCOMB_X16_Y9_N18; Fanout = 2; COMB Node = 'fa:bit3|co~136'
        Info: 5: + IC(0.261 ns) + CELL(0.150 ns) = 2.015 ns; Loc. = LCCOMB_X16_Y9_N2; Fanout = 2; COMB Node = 'fa:bit4|co~185'
        Info: 6: + IC(0.257 ns) + CELL(0.150 ns) = 2.422 ns; Loc. = LCCOMB_X16_Y9_N26; Fanout = 2; COMB Node = 'fa:bit5|co~77'
        Info: 7: + IC(0.254 ns) + CELL(0.150 ns) = 2.826 ns; Loc. = LCCOMB_X16_Y9_N12; Fanout = 2; COMB Node = 'fa:bit6|co~77'
        Info: 8: + IC(0.264 ns) + CELL(0.150 ns) = 3.240 ns; Loc. = LCCOMB_X16_Y9_N20; Fanout = 2; COMB Node = 'fa:bit7|s'
        Info: 9: + IC(0.000 ns) + CELL(0.084 ns) = 3.324 ns; Loc. = LCFF_X16_Y9_N21; Fanout = 7; REG Node = 'regn:U_S|Q[7]'
        Info: Total cell delay = 1.421 ns ( 42.75 % )
        Info: Total interconnect delay = 1.903 ns ( 57.25 % )
    Info: - Smallest clock skew is 0.000 ns
        Info: + Shortest clock path from clock "KEY[1]" to destination register is 2.559 ns
            Info: 1: + IC(0.000 ns) + CELL(0.842 ns) = 0.842 ns; Loc. = PIN_N23; Fanout = 1; CLK Node = 'KEY[1]'
            Info: 2: + IC(0.041 ns) + CELL(0.155 ns) = 1.038 ns; Loc. = CLKDELAYCTRL_G4; Fanout = 1; COMB Node = 'KEY[1]~clk_delay_ctrl'
            Info: 3: + IC(0.000 ns) + CELL(0.000 ns) = 1.038 ns; Loc. = CLKCTRL_G4; Fanout = 25; COMB Node = 'KEY[1]~clkctrl'
            Info: 4: + IC(0.984 ns) + CELL(0.537 ns) = 2.559 ns; Loc. = LCFF_X16_Y9_N21; Fanout = 7; REG Node = 'regn:U_S|Q[7]'
            Info: Total cell delay = 1.534 ns ( 59.95 % )
            Info: Total interconnect delay = 1.025 ns ( 40.05 % )
        Info: - Longest clock path from clock "KEY[1]" to source register is 2.559 ns
            Info: 1: + IC(0.000 ns) + CELL(0.842 ns) = 0.842 ns; Loc. = PIN_N23; Fanout = 1; CLK Node = 'KEY[1]'
            Info: 2: + IC(0.041 ns) + CELL(0.155 ns) = 1.038 ns; Loc. = CLKDELAYCTRL_G4; Fanout = 1; COMB Node = 'KEY[1]~clk_delay_ctrl'
            Info: 3: + IC(0.000 ns) + CELL(0.000 ns) = 1.038 ns; Loc. = CLKCTRL_G4; Fanout = 25; COMB Node = 'KEY[1]~clkctrl'
            Info: 4: + IC(0.984 ns) + CELL(0.537 ns) = 2.559 ns; Loc. = LCFF_X16_Y9_N11; Fanout = 10; REG Node = 'regn:U_B|Q[0]'
            Info: Total cell delay = 1.534 ns ( 59.95 % )
            Info: Total interconnect delay = 1.025 ns ( 40.05 % )
    Info: + Micro clock to output delay of source is 0.250 ns
    Info: + Micro setup delay of destination is -0.036 ns
Info: tsu for register "regn:U_A|Q[5]" (data pin = "SW[13]", clock pin = "KEY[1]") is 4.068 ns
    Info: + Longest pin to register delay is 6.677 ns
        Info: 1: + IC(0.000 ns) + CELL(0.832 ns) = 0.832 ns; Loc. = PIN_T7; Fanout = 1; PIN Node = 'SW[13]'
        Info: 2: + IC(5.479 ns) + CELL(0.366 ns) = 6.677 ns; Loc. = LCFF_X15_Y9_N27; Fanout = 9; REG Node = 'regn:U_A|Q[5]'
        Info: Total cell delay = 1.198 ns ( 17.94 % )
        Info: Total interconnect delay = 5.479 ns ( 82.06 % )
    Info: + Micro setup delay of destination is -0.036 ns
    Info: - Shortest clock path from clock "KEY[1]" to destination register is 2.573 ns
        Info: 1: + IC(0.000 ns) + CELL(0.842 ns) = 0.842 ns; Loc. = PIN_N23; Fanout = 1; CLK Node = 'KEY[1]'
        Info: 2: + IC(0.041 ns) + CELL(0.155 ns) = 1.038 ns; Loc. = CLKDELAYCTRL_G4; Fanout = 1; COMB Node = 'KEY[1]~clk_delay_ctrl'
        Info: 3: + IC(0.000 ns) + CELL(0.000 ns) = 1.038 ns; Loc. = CLKCTRL_G4; Fanout = 25; COMB Node = 'KEY[1]~clkctrl'
        Info: 4: + IC(0.998 ns) + CELL(0.537 ns) = 2.573 ns; Loc. = LCFF_X15_Y9_N27; Fanout = 9; REG Node = 'regn:U_A|Q[5]'
        Info: Total cell delay = 1.534 ns ( 59.62 % )
        Info: Total interconnect delay = 1.039 ns ( 40.38 % )
Info: tco from clock "KEY[1]" to destination pin "LEDR[4]" through register "regn:U_B|Q[0]" is 12.577 ns
    Info: + Longest clock path from clock "KEY[1]" to source register is 2.559 ns
        Info: 1: + IC(0.000 ns) + CELL(0.842 ns) = 0.842 ns; Loc. = PIN_N23; Fanout = 1; CLK Node = 'KEY[1]'
        Info: 2: + IC(0.041 ns) + CELL(0.155 ns) = 1.038 ns; Loc. = CLKDELAYCTRL_G4; Fanout = 1; COMB Node = 'KEY[1]~clk_delay_ctrl'
        Info: 3: + IC(0.000 ns) + CELL(0.000 ns) = 1.038 ns; Loc. = CLKCTRL_G4; Fanout = 25; COMB Node = 'KEY[1]~clkctrl'
        Info: 4: + IC(0.984 ns) + CELL(0.537 ns) = 2.559 ns; Loc. = LCFF_X16_Y9_N11; Fanout = 10; REG Node = 'regn:U_B|Q[0]'
        Info: Total cell delay = 1.534 ns ( 59.95 % )
        Info: Total interconnect delay = 1.025 ns ( 40.05 % )
    Info: + Micro clock to output delay of source is 0.250 ns
    Info: + Longest register to pin delay is 9.768 ns
        Info: 1: + IC(0.000 ns) + CELL(0.000 ns) = 0.000 ns; Loc. = LCFF_X16_Y9_N11; Fanout = 10; REG Node = 'regn:U_B|Q[0]'
        Info: 2: + IC(0.344 ns) + CELL(0.437 ns) = 0.781 ns; Loc. = LCCOMB_X16_Y9_N0; Fanout = 2; COMB Node = 'fa:bit1|co~15'
        Info: 3: + IC(0.265 ns) + CELL(0.150 ns) = 1.196 ns; Loc. = LCCOMB_X16_Y9_N30; Fanout = 2; COMB Node = 'fa:bit2|co~77'
        Info: 4: + IC(0.258 ns) + CELL(0.150 ns) = 1.604 ns; Loc. = LCCOMB_X16_Y9_N18; Fanout = 2; COMB Node = 'fa:bit3|co~136'
        Info: 5: + IC(0.693 ns) + CELL(0.275 ns) = 2.572 ns; Loc. = LCCOMB_X15_Y9_N14; Fanout = 2; COMB Node = 'fa:bit4|s'
        Info: 6: + IC(4.388 ns) + CELL(2.808 ns) = 9.768 ns; Loc. = PIN_AD22; Fanout = 0; PIN Node = 'LEDR[4]'
        Info: Total cell delay = 3.820 ns ( 39.11 % )
        Info: Total interconnect delay = 5.948 ns ( 60.89 % )
Info: th for register "regn:U_B|Q[3]" (data pin = "SW[3]", clock pin = "KEY[1]") is -0.011 ns
    Info: + Longest clock path from clock "KEY[1]" to destination register is 2.559 ns
        Info: 1: + IC(0.000 ns) + CELL(0.842 ns) = 0.842 ns; Loc. = PIN_N23; Fanout = 1; CLK Node = 'KEY[1]'
        Info: 2: + IC(0.041 ns) + CELL(0.155 ns) = 1.038 ns; Loc. = CLKDELAYCTRL_G4; Fanout = 1; COMB Node = 'KEY[1]~clk_delay_ctrl'
        Info: 3: + IC(0.000 ns) + CELL(0.000 ns) = 1.038 ns; Loc. = CLKCTRL_G4; Fanout = 25; COMB Node = 'KEY[1]~clkctrl'
        Info: 4: + IC(0.984 ns) + CELL(0.537 ns) = 2.559 ns; Loc. = LCFF_X16_Y9_N19; Fanout = 9; REG Node = 'regn:U_B|Q[3]'
        Info: Total cell delay = 1.534 ns ( 59.95 % )
        Info: Total interconnect delay = 1.025 ns ( 40.05 % )
    Info: + Micro hold delay of destination is 0.266 ns
    Info: - Shortest pin to register delay is 2.836 ns
        Info: 1: + IC(0.000 ns) + CELL(0.999 ns) = 0.999 ns; Loc. = PIN_AE14; Fanout = 1; PIN Node = 'SW[3]'
        Info: 2: + IC(1.471 ns) + CELL(0.366 ns) = 2.836 ns; Loc. = LCFF_X16_Y9_N19; Fanout = 9; REG Node = 'regn:U_B|Q[3]'
        Info: Total cell delay = 1.365 ns ( 48.13 % )
        Info: Total interconnect delay = 1.471 ns ( 51.87 % )
Info: Quartus II Classic Timing Analyzer was successful. 0 errors, 1 warning
    Info: Allocated 112 megabytes of memory during processing
    Info: Processing ended: Thu May 03 10:45:04 2007
    Info: Elapsed time: 00:00:01


