Classic Timing Analyzer report for part4
Wed May 02 13:46:34 2007
Quartus II Version 6.1 Build 201 11/27/2006 SJ Web Edition


---------------------
; Table of Contents ;
---------------------
  1. Legal Notice
  2. Timing Analyzer Summary
  3. Timing Analyzer Settings
  4. tpd
  5. Timing Analyzer Messages



----------------
; Legal Notice ;
----------------
Copyright (C) 1991-2006 Altera Corporation
Your use of Altera Corporation's design tools, logic functions 
and other software and tools, and its AMPP partner logic 
functions, and any output files from any of the foregoing 
(including device programming or simulation files), and any 
associated documentation or information are expressly subject 
to the terms and conditions of the Altera Program License 
Subscription Agreement, Altera MegaCore Function License 
Agreement, or other applicable license agreement, including, 
without limitation, that your use is for the sole purpose of 
programming logic devices manufactured by Altera and sold by 
Altera or its authorized distributors.  Please refer to the 
applicable agreement for further details.



+-----------------------------------------------------------------------------------------------------------------------------+
; Timing Analyzer Summary                                                                                                     ;
+------------------------------+-------+---------------+-------------+-------+---------+------------+----------+--------------+
; Type                         ; Slack ; Required Time ; Actual Time ; From  ; To      ; From Clock ; To Clock ; Failed Paths ;
+------------------------------+-------+---------------+-------------+-------+---------+------------+----------+--------------+
; Worst-case tpd               ; N/A   ; None          ; 12.431 ns   ; SW[4] ; HEX1[2] ; --         ; --       ; 0            ;
; Total number of failed paths ;       ;               ;             ;       ;         ;            ;          ; 0            ;
+------------------------------+-------+---------------+-------------+-------+---------+------------+----------+--------------+


+------------------------------------------------------------------------------------------------------+
; Timing Analyzer Settings                                                                             ;
+-------------------------------------------------------+--------------------+------+----+-------------+
; Option                                                ; Setting            ; From ; To ; Entity Name ;
+-------------------------------------------------------+--------------------+------+----+-------------+
; Device Name                                           ; EP2C35F672C6       ;      ;    ;             ;
; Timing Models                                         ; Final              ;      ;    ;             ;
; Default hold multicycle                               ; Same as Multicycle ;      ;    ;             ;
; Cut paths between unrelated clock domains             ; On                 ;      ;    ;             ;
; Cut off read during write signal paths                ; On                 ;      ;    ;             ;
; Cut off feedback from I/O pins                        ; On                 ;      ;    ;             ;
; Report Combined Fast/Slow Timing                      ; Off                ;      ;    ;             ;
; Ignore Clock Settings                                 ; Off                ;      ;    ;             ;
; Analyze latches as synchronous elements               ; On                 ;      ;    ;             ;
; Enable Recovery/Removal analysis                      ; Off                ;      ;    ;             ;
; Enable Clock Latency                                  ; Off                ;      ;    ;             ;
; Number of source nodes to report per destination node ; 10                 ;      ;    ;             ;
; Number of destination nodes to report                 ; 10                 ;      ;    ;             ;
; Number of paths to report                             ; 200                ;      ;    ;             ;
; Report Minimum Timing Checks                          ; Off                ;      ;    ;             ;
; Use Fast Timing Models                                ; Off                ;      ;    ;             ;
; Report IO Paths Separately                            ; Off                ;      ;    ;             ;
+-------------------------------------------------------+--------------------+------+----+-------------+


+---------------------------------------------------------------+
; tpd                                                           ;
+-------+-------------------+-----------------+-------+---------+
; Slack ; Required P2P Time ; Actual P2P Time ; From  ; To      ;
+-------+-------------------+-----------------+-------+---------+
; N/A   ; None              ; 12.431 ns       ; SW[4] ; HEX1[2] ;
; N/A   ; None              ; 12.402 ns       ; SW[8] ; HEX1[2] ;
; N/A   ; None              ; 12.319 ns       ; SW[4] ; HEX1[1] ;
; N/A   ; None              ; 12.290 ns       ; SW[8] ; HEX1[1] ;
; N/A   ; None              ; 12.138 ns       ; SW[0] ; HEX1[2] ;
; N/A   ; None              ; 12.026 ns       ; SW[0] ; HEX1[1] ;
; N/A   ; None              ; 11.870 ns       ; SW[1] ; HEX1[2] ;
; N/A   ; None              ; 11.776 ns       ; SW[5] ; HEX1[2] ;
; N/A   ; None              ; 11.758 ns       ; SW[1] ; HEX1[1] ;
; N/A   ; None              ; 11.664 ns       ; SW[5] ; HEX1[1] ;
; N/A   ; None              ; 11.509 ns       ; SW[4] ; LEDG[4] ;
; N/A   ; None              ; 11.480 ns       ; SW[8] ; LEDG[4] ;
; N/A   ; None              ; 11.314 ns       ; SW[4] ; HEX0[0] ;
; N/A   ; None              ; 11.306 ns       ; SW[4] ; HEX0[2] ;
; N/A   ; None              ; 11.285 ns       ; SW[8] ; HEX0[0] ;
; N/A   ; None              ; 11.277 ns       ; SW[8] ; HEX0[2] ;
; N/A   ; None              ; 11.259 ns       ; SW[4] ; HEX0[1] ;
; N/A   ; None              ; 11.230 ns       ; SW[8] ; HEX0[1] ;
; N/A   ; None              ; 11.216 ns       ; SW[0] ; LEDG[4] ;
; N/A   ; None              ; 11.049 ns       ; SW[4] ; HEX0[5] ;
; N/A   ; None              ; 11.049 ns       ; SW[4] ; HEX0[6] ;
; N/A   ; None              ; 11.044 ns       ; SW[4] ; HEX0[3] ;
; N/A   ; None              ; 11.021 ns       ; SW[0] ; HEX0[0] ;
; N/A   ; None              ; 11.020 ns       ; SW[8] ; HEX0[5] ;
; N/A   ; None              ; 11.020 ns       ; SW[8] ; HEX0[6] ;
; N/A   ; None              ; 11.015 ns       ; SW[8] ; HEX0[3] ;
; N/A   ; None              ; 11.013 ns       ; SW[0] ; HEX0[2] ;
; N/A   ; None              ; 10.966 ns       ; SW[0] ; HEX0[1] ;
; N/A   ; None              ; 10.948 ns       ; SW[1] ; LEDG[4] ;
; N/A   ; None              ; 10.854 ns       ; SW[5] ; LEDG[4] ;
; N/A   ; None              ; 10.756 ns       ; SW[0] ; HEX0[5] ;
; N/A   ; None              ; 10.756 ns       ; SW[0] ; HEX0[6] ;
; N/A   ; None              ; 10.753 ns       ; SW[1] ; HEX0[0] ;
; N/A   ; None              ; 10.751 ns       ; SW[0] ; HEX0[3] ;
; N/A   ; None              ; 10.745 ns       ; SW[1] ; HEX0[2] ;
; N/A   ; None              ; 10.698 ns       ; SW[1] ; HEX0[1] ;
; N/A   ; None              ; 10.659 ns       ; SW[5] ; HEX0[0] ;
; N/A   ; None              ; 10.651 ns       ; SW[5] ; HEX0[2] ;
; N/A   ; None              ; 10.604 ns       ; SW[5] ; HEX0[1] ;
; N/A   ; None              ; 10.527 ns       ; SW[4] ; LEDG[3] ;
; N/A   ; None              ; 10.498 ns       ; SW[8] ; LEDG[3] ;
; N/A   ; None              ; 10.488 ns       ; SW[1] ; HEX0[5] ;
; N/A   ; None              ; 10.488 ns       ; SW[1] ; HEX0[6] ;
; N/A   ; None              ; 10.483 ns       ; SW[1] ; HEX0[3] ;
; N/A   ; None              ; 10.423 ns       ; SW[2] ; HEX1[2] ;
; N/A   ; None              ; 10.394 ns       ; SW[5] ; HEX0[5] ;
; N/A   ; None              ; 10.394 ns       ; SW[5] ; HEX0[6] ;
; N/A   ; None              ; 10.389 ns       ; SW[5] ; HEX0[3] ;
; N/A   ; None              ; 10.319 ns       ; SW[4] ; HEX0[4] ;
; N/A   ; None              ; 10.311 ns       ; SW[2] ; HEX1[1] ;
; N/A   ; None              ; 10.290 ns       ; SW[8] ; HEX0[4] ;
; N/A   ; None              ; 10.277 ns       ; SW[7] ; HEX1[2] ;
; N/A   ; None              ; 10.242 ns       ; SW[4] ; LEDG[2] ;
; N/A   ; None              ; 10.234 ns       ; SW[0] ; LEDG[3] ;
; N/A   ; None              ; 10.213 ns       ; SW[8] ; LEDG[2] ;
; N/A   ; None              ; 10.165 ns       ; SW[7] ; HEX1[1] ;
; N/A   ; None              ; 10.026 ns       ; SW[0] ; HEX0[4] ;
; N/A   ; None              ; 9.966 ns        ; SW[1] ; LEDG[3] ;
; N/A   ; None              ; 9.949 ns        ; SW[0] ; LEDG[2] ;
; N/A   ; None              ; 9.872 ns        ; SW[5] ; LEDG[3] ;
; N/A   ; None              ; 9.758 ns        ; SW[1] ; HEX0[4] ;
; N/A   ; None              ; 9.681 ns        ; SW[1] ; LEDG[2] ;
; N/A   ; None              ; 9.664 ns        ; SW[5] ; HEX0[4] ;
; N/A   ; None              ; 9.587 ns        ; SW[5] ; LEDG[2] ;
; N/A   ; None              ; 9.501 ns        ; SW[2] ; LEDG[4] ;
; N/A   ; None              ; 9.350 ns        ; SW[7] ; LEDG[4] ;
; N/A   ; None              ; 9.333 ns        ; SW[6] ; HEX1[2] ;
; N/A   ; None              ; 9.306 ns        ; SW[2] ; HEX0[0] ;
; N/A   ; None              ; 9.298 ns        ; SW[2] ; HEX0[2] ;
; N/A   ; None              ; 9.251 ns        ; SW[2] ; HEX0[1] ;
; N/A   ; None              ; 9.221 ns        ; SW[6] ; HEX1[1] ;
; N/A   ; None              ; 9.171 ns        ; SW[4] ; LEDG[1] ;
; N/A   ; None              ; 9.160 ns        ; SW[7] ; HEX0[0] ;
; N/A   ; None              ; 9.152 ns        ; SW[7] ; HEX0[2] ;
; N/A   ; None              ; 9.142 ns        ; SW[8] ; LEDG[1] ;
; N/A   ; None              ; 9.105 ns        ; SW[7] ; HEX0[1] ;
; N/A   ; None              ; 9.070 ns        ; SW[4] ; HEX6[4] ;
; N/A   ; None              ; 9.054 ns        ; SW[4] ; LEDG[0] ;
; N/A   ; None              ; 9.041 ns        ; SW[2] ; HEX0[5] ;
; N/A   ; None              ; 9.041 ns        ; SW[2] ; HEX0[6] ;
; N/A   ; None              ; 9.036 ns        ; SW[2] ; HEX0[3] ;
; N/A   ; None              ; 9.017 ns        ; SW[8] ; LEDG[0] ;
; N/A   ; None              ; 8.990 ns        ; SW[4] ; HEX6[1] ;
; N/A   ; None              ; 8.911 ns        ; SW[4] ; HEX6[6] ;
; N/A   ; None              ; 8.895 ns        ; SW[7] ; HEX0[5] ;
; N/A   ; None              ; 8.895 ns        ; SW[7] ; HEX0[6] ;
; N/A   ; None              ; 8.890 ns        ; SW[7] ; HEX0[3] ;
; N/A   ; None              ; 8.878 ns        ; SW[0] ; LEDG[1] ;
; N/A   ; None              ; 8.868 ns        ; SW[7] ; HEX6[4] ;
; N/A   ; None              ; 8.815 ns        ; SW[5] ; HEX6[4] ;
; N/A   ; None              ; 8.760 ns        ; SW[0] ; LEDG[0] ;
; N/A   ; None              ; 8.716 ns        ; SW[5] ; HEX6[1] ;
; N/A   ; None              ; 8.706 ns        ; SW[7] ; HEX6[6] ;
; N/A   ; None              ; 8.662 ns        ; SW[6] ; HEX6[4] ;
; N/A   ; None              ; 8.637 ns        ; SW[5] ; HEX6[6] ;
; N/A   ; None              ; 8.610 ns        ; SW[1] ; LEDG[1] ;
; N/A   ; None              ; 8.579 ns        ; SW[6] ; HEX6[1] ;
; N/A   ; None              ; 8.519 ns        ; SW[2] ; LEDG[3] ;
; N/A   ; None              ; 8.505 ns        ; SW[5] ; LEDG[1] ;
; N/A   ; None              ; 8.500 ns        ; SW[6] ; HEX6[6] ;
; N/A   ; None              ; 8.493 ns        ; SW[4] ; HEX6[5] ;
; N/A   ; None              ; 8.481 ns        ; SW[4] ; HEX6[0] ;
; N/A   ; None              ; 8.472 ns        ; SW[3] ; HEX1[2] ;
; N/A   ; None              ; 8.411 ns        ; SW[6] ; LEDG[4] ;
; N/A   ; None              ; 8.373 ns        ; SW[7] ; LEDG[3] ;
; N/A   ; None              ; 8.360 ns        ; SW[3] ; HEX1[1] ;
; N/A   ; None              ; 8.355 ns        ; SW[7] ; LEDG[8] ;
; N/A   ; None              ; 8.311 ns        ; SW[2] ; HEX0[4] ;
; N/A   ; None              ; 8.288 ns        ; SW[7] ; HEX6[5] ;
; N/A   ; None              ; 8.280 ns        ; SW[5] ; LEDG[8] ;
; N/A   ; None              ; 8.279 ns        ; SW[7] ; HEX6[0] ;
; N/A   ; None              ; 8.259 ns        ; SW[4] ; HEX6[3] ;
; N/A   ; None              ; 8.240 ns        ; SW[5] ; HEX6[5] ;
; N/A   ; None              ; 8.233 ns        ; SW[2] ; LEDG[2] ;
; N/A   ; None              ; 8.221 ns        ; SW[5] ; HEX6[0] ;
; N/A   ; None              ; 8.216 ns        ; SW[6] ; HEX0[0] ;
; N/A   ; None              ; 8.208 ns        ; SW[6] ; HEX0[2] ;
; N/A   ; None              ; 8.184 ns        ; SW[2] ; HEX4[6] ;
; N/A   ; None              ; 8.161 ns        ; SW[6] ; HEX0[1] ;
; N/A   ; None              ; 8.160 ns        ; SW[7] ; HEX0[4] ;
; N/A   ; None              ; 8.144 ns        ; SW[6] ; LEDG[8] ;
; N/A   ; None              ; 8.113 ns        ; SW[2] ; HEX4[4] ;
; N/A   ; None              ; 8.080 ns        ; SW[6] ; HEX6[5] ;
; N/A   ; None              ; 8.073 ns        ; SW[6] ; HEX6[0] ;
; N/A   ; None              ; 8.047 ns        ; SW[1] ; HEX4[6] ;
; N/A   ; None              ; 8.014 ns        ; SW[1] ; HEX4[1] ;
; N/A   ; None              ; 8.003 ns        ; SW[5] ; HEX6[3] ;
; N/A   ; None              ; 7.972 ns        ; SW[1] ; HEX4[3] ;
; N/A   ; None              ; 7.951 ns        ; SW[6] ; HEX0[5] ;
; N/A   ; None              ; 7.951 ns        ; SW[6] ; HEX0[6] ;
; N/A   ; None              ; 7.951 ns        ; SW[1] ; HEX4[4] ;
; N/A   ; None              ; 7.946 ns        ; SW[6] ; HEX0[3] ;
; N/A   ; None              ; 7.922 ns        ; SW[0] ; HEX4[6] ;
; N/A   ; None              ; 7.919 ns        ; SW[2] ; HEX4[1] ;
; N/A   ; None              ; 7.895 ns        ; SW[2] ; HEX4[3] ;
; N/A   ; None              ; 7.849 ns        ; SW[6] ; HEX6[3] ;
; N/A   ; None              ; 7.827 ns        ; SW[0] ; HEX4[4] ;
; N/A   ; None              ; 7.764 ns        ; SW[3] ; HEX4[6] ;
; N/A   ; None              ; 7.730 ns        ; SW[1] ; HEX4[2] ;
; N/A   ; None              ; 7.730 ns        ; SW[1] ; LEDG[8] ;
; N/A   ; None              ; 7.701 ns        ; SW[0] ; HEX4[1] ;
; N/A   ; None              ; 7.675 ns        ; SW[0] ; HEX4[3] ;
; N/A   ; None              ; 7.668 ns        ; SW[3] ; HEX4[4] ;
; N/A   ; None              ; 7.628 ns        ; SW[2] ; HEX4[2] ;
; N/A   ; None              ; 7.624 ns        ; SW[2] ; LEDG[8] ;
; N/A   ; None              ; 7.592 ns        ; SW[4] ; HEX6[2] ;
; N/A   ; None              ; 7.550 ns        ; SW[3] ; LEDG[4] ;
; N/A   ; None              ; 7.485 ns        ; SW[3] ; LEDG[8] ;
; N/A   ; None              ; 7.429 ns        ; SW[6] ; LEDG[3] ;
; N/A   ; None              ; 7.411 ns        ; SW[0] ; HEX4[2] ;
; N/A   ; None              ; 7.363 ns        ; SW[5] ; HEX6[2] ;
; N/A   ; None              ; 7.355 ns        ; SW[3] ; HEX0[0] ;
; N/A   ; None              ; 7.347 ns        ; SW[3] ; HEX0[2] ;
; N/A   ; None              ; 7.333 ns        ; SW[2] ; HEX4[5] ;
; N/A   ; None              ; 7.300 ns        ; SW[3] ; HEX0[1] ;
; N/A   ; None              ; 7.287 ns        ; SW[0] ; HEX4[0] ;
; N/A   ; None              ; 7.224 ns        ; SW[6] ; HEX6[2] ;
; N/A   ; None              ; 7.221 ns        ; SW[6] ; HEX0[4] ;
; N/A   ; None              ; 7.200 ns        ; SW[2] ; HEX4[0] ;
; N/A   ; None              ; 7.189 ns        ; SW[1] ; HEX4[5] ;
; N/A   ; None              ; 7.150 ns        ; SW[6] ; LEDG[2] ;
; N/A   ; None              ; 7.132 ns        ; SW[3] ; HEX4[0] ;
; N/A   ; None              ; 7.090 ns        ; SW[3] ; HEX0[5] ;
; N/A   ; None              ; 7.090 ns        ; SW[3] ; HEX0[6] ;
; N/A   ; None              ; 7.085 ns        ; SW[3] ; HEX0[3] ;
; N/A   ; None              ; 7.066 ns        ; SW[0] ; HEX4[5] ;
; N/A   ; None              ; 7.031 ns        ; SW[1] ; HEX4[0] ;
; N/A   ; None              ; 6.943 ns        ; SW[3] ; HEX4[5] ;
; N/A   ; None              ; 6.732 ns        ; SW[7] ; LEDR[7] ;
; N/A   ; None              ; 6.568 ns        ; SW[3] ; LEDG[3] ;
; N/A   ; None              ; 6.461 ns        ; SW[2] ; LEDR[2] ;
; N/A   ; None              ; 6.360 ns        ; SW[3] ; HEX0[4] ;
; N/A   ; None              ; 5.877 ns        ; SW[8] ; LEDR[8] ;
; N/A   ; None              ; 5.712 ns        ; SW[4] ; LEDR[4] ;
; N/A   ; None              ; 5.660 ns        ; SW[5] ; LEDR[5] ;
; N/A   ; None              ; 5.648 ns        ; SW[6] ; LEDR[6] ;
; N/A   ; None              ; 5.611 ns        ; SW[0] ; LEDR[0] ;
; N/A   ; None              ; 5.425 ns        ; SW[3] ; LEDR[3] ;
; N/A   ; None              ; 5.234 ns        ; SW[1] ; LEDR[1] ;
+-------+-------------------+-----------------+-------+---------+


+--------------------------+
; Timing Analyzer Messages ;
+--------------------------+
Info: *******************************************************************
Info: Running Quartus II Classic Timing Analyzer
    Info: Version 6.1 Build 201 11/27/2006 SJ Web Edition
    Info: Processing started: Wed May 02 13:46:34 2007
Info: Command: quartus_tan --read_settings_files=off --write_settings_files=off part4 -c part4 --timing_analysis_only
Info: Longest tpd from source pin "SW[4]" to destination pin "HEX1[2]" is 12.431 ns
    Info: 1: + IC(0.000 ns) + CELL(0.999 ns) = 0.999 ns; Loc. = PIN_AF14; Fanout = 10; PIN Node = 'SW[4]'
    Info: 2: + IC(1.886 ns) + CELL(0.437 ns) = 3.322 ns; Loc. = LCCOMB_X27_Y14_N26; Fanout = 2; COMB Node = 'fa:bit0|co~73'
    Info: 3: + IC(0.247 ns) + CELL(0.150 ns) = 3.719 ns; Loc. = LCCOMB_X27_Y14_N4; Fanout = 2; COMB Node = 'fa:bit1|co~132'
    Info: 4: + IC(1.615 ns) + CELL(0.150 ns) = 5.484 ns; Loc. = LCCOMB_X28_Y1_N12; Fanout = 3; COMB Node = 'fa:bit2|co~181'
    Info: 5: + IC(0.291 ns) + CELL(0.438 ns) = 6.213 ns; Loc. = LCCOMB_X28_Y1_N6; Fanout = 5; COMB Node = 'fa:bit3|s'
    Info: 6: + IC(0.299 ns) + CELL(0.438 ns) = 6.950 ns; Loc. = LCCOMB_X28_Y1_N4; Fanout = 2; COMB Node = 'S0_M[3]~117'
    Info: 7: + IC(2.859 ns) + CELL(2.622 ns) = 12.431 ns; Loc. = PIN_W21; Fanout = 0; PIN Node = 'HEX1[2]'
    Info: Total cell delay = 5.234 ns ( 42.10 % )
    Info: Total interconnect delay = 7.197 ns ( 57.90 % )
Info: Quartus II Classic Timing Analyzer was successful. 0 errors, 0 warnings
    Info: Allocated 112 megabytes of memory during processing
    Info: Processing ended: Wed May 02 13:46:34 2007
    Info: Elapsed time: 00:00:00


