Classic Timing Analyzer report for part5
Thu May 03 11:25:58 2007
Quartus II Version 6.1 Build 201 11/27/2006 SJ Web Edition


---------------------
; Table of Contents ;
---------------------
  1. Legal Notice
  2. Timing Analyzer Summary
  3. Timing Analyzer Settings
  4. tpd
  5. Timing Analyzer Messages



----------------
; Legal Notice ;
----------------
Copyright (C) 1991-2006 Altera Corporation
Your use of Altera Corporation's design tools, logic functions 
and other software and tools, and its AMPP partner logic 
functions, and any output files from any of the foregoing 
(including device programming or simulation files), and any 
associated documentation or information are expressly subject 
to the terms and conditions of the Altera Program License 
Subscription Agreement, Altera MegaCore Function License 
Agreement, or other applicable license agreement, including, 
without limitation, that your use is for the sole purpose of 
programming logic devices manufactured by Altera and sold by 
Altera or its authorized distributors.  Please refer to the 
applicable agreement for further details.



+-----------------------------------------------------------------------------------------------------------------------------+
; Timing Analyzer Summary                                                                                                     ;
+------------------------------+-------+---------------+-------------+-------+---------+------------+----------+--------------+
; Type                         ; Slack ; Required Time ; Actual Time ; From  ; To      ; From Clock ; To Clock ; Failed Paths ;
+------------------------------+-------+---------------+-------------+-------+---------+------------+----------+--------------+
; Worst-case tpd               ; N/A   ; None          ; 15.435 ns   ; SW[8] ; HEX1[5] ; --         ; --       ; 0            ;
; Total number of failed paths ;       ;               ;             ;       ;         ;            ;          ; 0            ;
+------------------------------+-------+---------------+-------------+-------+---------+------------+----------+--------------+


+------------------------------------------------------------------------------------------------------+
; Timing Analyzer Settings                                                                             ;
+-------------------------------------------------------+--------------------+------+----+-------------+
; Option                                                ; Setting            ; From ; To ; Entity Name ;
+-------------------------------------------------------+--------------------+------+----+-------------+
; Device Name                                           ; EP2C35F672C6       ;      ;    ;             ;
; Timing Models                                         ; Final              ;      ;    ;             ;
; Default hold multicycle                               ; Same as Multicycle ;      ;    ;             ;
; Cut paths between unrelated clock domains             ; On                 ;      ;    ;             ;
; Cut off read during write signal paths                ; On                 ;      ;    ;             ;
; Cut off feedback from I/O pins                        ; On                 ;      ;    ;             ;
; Report Combined Fast/Slow Timing                      ; Off                ;      ;    ;             ;
; Ignore Clock Settings                                 ; Off                ;      ;    ;             ;
; Analyze latches as synchronous elements               ; On                 ;      ;    ;             ;
; Enable Recovery/Removal analysis                      ; Off                ;      ;    ;             ;
; Enable Clock Latency                                  ; Off                ;      ;    ;             ;
; Number of source nodes to report per destination node ; 10                 ;      ;    ;             ;
; Number of destination nodes to report                 ; 10                 ;      ;    ;             ;
; Number of paths to report                             ; 200                ;      ;    ;             ;
; Report Minimum Timing Checks                          ; Off                ;      ;    ;             ;
; Use Fast Timing Models                                ; Off                ;      ;    ;             ;
; Report IO Paths Separately                            ; Off                ;      ;    ;             ;
+-------------------------------------------------------+--------------------+------+----+-------------+


+----------------------------------------------------------------+
; tpd                                                            ;
+-------+-------------------+-----------------+--------+---------+
; Slack ; Required P2P Time ; Actual P2P Time ; From   ; To      ;
+-------+-------------------+-----------------+--------+---------+
; N/A   ; None              ; 15.435 ns       ; SW[8]  ; HEX1[5] ;
; N/A   ; None              ; 15.381 ns       ; SW[8]  ; HEX1[0] ;
; N/A   ; None              ; 15.294 ns       ; SW[9]  ; HEX1[5] ;
; N/A   ; None              ; 15.240 ns       ; SW[9]  ; HEX1[0] ;
; N/A   ; None              ; 15.024 ns       ; SW[8]  ; HEX1[3] ;
; N/A   ; None              ; 14.883 ns       ; SW[9]  ; HEX1[3] ;
; N/A   ; None              ; 14.776 ns       ; SW[8]  ; HEX1[6] ;
; N/A   ; None              ; 14.669 ns       ; SW[1]  ; HEX1[5] ;
; N/A   ; None              ; 14.635 ns       ; SW[9]  ; HEX1[6] ;
; N/A   ; None              ; 14.615 ns       ; SW[1]  ; HEX1[0] ;
; N/A   ; None              ; 14.608 ns       ; SW[0]  ; HEX1[5] ;
; N/A   ; None              ; 14.593 ns       ; SW[10] ; HEX1[5] ;
; N/A   ; None              ; 14.554 ns       ; SW[0]  ; HEX1[0] ;
; N/A   ; None              ; 14.539 ns       ; SW[10] ; HEX1[0] ;
; N/A   ; None              ; 14.446 ns       ; SW[8]  ; HEX1[2] ;
; N/A   ; None              ; 14.305 ns       ; SW[9]  ; HEX1[2] ;
; N/A   ; None              ; 14.258 ns       ; SW[1]  ; HEX1[3] ;
; N/A   ; None              ; 14.197 ns       ; SW[0]  ; HEX1[3] ;
; N/A   ; None              ; 14.182 ns       ; SW[10] ; HEX1[3] ;
; N/A   ; None              ; 14.084 ns       ; SW[2]  ; HEX1[5] ;
; N/A   ; None              ; 14.073 ns       ; SW[8]  ; HEX1[1] ;
; N/A   ; None              ; 14.030 ns       ; SW[2]  ; HEX1[0] ;
; N/A   ; None              ; 14.010 ns       ; SW[1]  ; HEX1[6] ;
; N/A   ; None              ; 13.949 ns       ; SW[0]  ; HEX1[6] ;
; N/A   ; None              ; 13.934 ns       ; SW[10] ; HEX1[6] ;
; N/A   ; None              ; 13.932 ns       ; SW[9]  ; HEX1[1] ;
; N/A   ; None              ; 13.853 ns       ; SW[8]  ; HEX1[4] ;
; N/A   ; None              ; 13.712 ns       ; SW[9]  ; HEX1[4] ;
; N/A   ; None              ; 13.680 ns       ; SW[1]  ; HEX1[2] ;
; N/A   ; None              ; 13.673 ns       ; SW[2]  ; HEX1[3] ;
; N/A   ; None              ; 13.619 ns       ; SW[0]  ; HEX1[2] ;
; N/A   ; None              ; 13.604 ns       ; SW[10] ; HEX1[2] ;
; N/A   ; None              ; 13.425 ns       ; SW[2]  ; HEX1[6] ;
; N/A   ; None              ; 13.307 ns       ; SW[1]  ; HEX1[1] ;
; N/A   ; None              ; 13.246 ns       ; SW[0]  ; HEX1[1] ;
; N/A   ; None              ; 13.231 ns       ; SW[10] ; HEX1[1] ;
; N/A   ; None              ; 13.228 ns       ; SW[11] ; HEX1[5] ;
; N/A   ; None              ; 13.174 ns       ; SW[11] ; HEX1[0] ;
; N/A   ; None              ; 13.095 ns       ; SW[2]  ; HEX1[2] ;
; N/A   ; None              ; 13.087 ns       ; SW[1]  ; HEX1[4] ;
; N/A   ; None              ; 13.026 ns       ; SW[0]  ; HEX1[4] ;
; N/A   ; None              ; 13.011 ns       ; SW[10] ; HEX1[4] ;
; N/A   ; None              ; 12.817 ns       ; SW[11] ; HEX1[3] ;
; N/A   ; None              ; 12.722 ns       ; SW[2]  ; HEX1[1] ;
; N/A   ; None              ; 12.569 ns       ; SW[11] ; HEX1[6] ;
; N/A   ; None              ; 12.502 ns       ; SW[2]  ; HEX1[4] ;
; N/A   ; None              ; 12.239 ns       ; SW[11] ; HEX1[2] ;
; N/A   ; None              ; 12.068 ns       ; SW[3]  ; HEX1[5] ;
; N/A   ; None              ; 12.014 ns       ; SW[3]  ; HEX1[0] ;
; N/A   ; None              ; 11.866 ns       ; SW[11] ; HEX1[1] ;
; N/A   ; None              ; 11.657 ns       ; SW[3]  ; HEX1[3] ;
; N/A   ; None              ; 11.646 ns       ; SW[11] ; HEX1[4] ;
; N/A   ; None              ; 11.489 ns       ; SW[8]  ; HEX0[6] ;
; N/A   ; None              ; 11.409 ns       ; SW[3]  ; HEX1[6] ;
; N/A   ; None              ; 11.371 ns       ; SW[8]  ; HEX0[5] ;
; N/A   ; None              ; 11.349 ns       ; SW[9]  ; HEX0[6] ;
; N/A   ; None              ; 11.345 ns       ; SW[8]  ; HEX0[3] ;
; N/A   ; None              ; 11.314 ns       ; SW[8]  ; HEX0[4] ;
; N/A   ; None              ; 11.231 ns       ; SW[9]  ; HEX0[5] ;
; N/A   ; None              ; 11.205 ns       ; SW[9]  ; HEX0[3] ;
; N/A   ; None              ; 11.174 ns       ; SW[9]  ; HEX0[4] ;
; N/A   ; None              ; 11.110 ns       ; SW[8]  ; HEX0[2] ;
; N/A   ; None              ; 11.085 ns       ; SW[8]  ; HEX0[0] ;
; N/A   ; None              ; 11.079 ns       ; SW[3]  ; HEX1[2] ;
; N/A   ; None              ; 11.016 ns       ; SW[8]  ; HEX0[1] ;
; N/A   ; None              ; 10.970 ns       ; SW[9]  ; HEX0[2] ;
; N/A   ; None              ; 10.945 ns       ; SW[9]  ; HEX0[0] ;
; N/A   ; None              ; 10.876 ns       ; SW[9]  ; HEX0[1] ;
; N/A   ; None              ; 10.723 ns       ; SW[1]  ; HEX0[6] ;
; N/A   ; None              ; 10.706 ns       ; SW[3]  ; HEX1[1] ;
; N/A   ; None              ; 10.663 ns       ; SW[0]  ; HEX0[6] ;
; N/A   ; None              ; 10.647 ns       ; SW[10] ; HEX0[6] ;
; N/A   ; None              ; 10.605 ns       ; SW[1]  ; HEX0[5] ;
; N/A   ; None              ; 10.579 ns       ; SW[1]  ; HEX0[3] ;
; N/A   ; None              ; 10.548 ns       ; SW[1]  ; HEX0[4] ;
; N/A   ; None              ; 10.545 ns       ; SW[0]  ; HEX0[5] ;
; N/A   ; None              ; 10.529 ns       ; SW[10] ; HEX0[5] ;
; N/A   ; None              ; 10.519 ns       ; SW[0]  ; HEX0[3] ;
; N/A   ; None              ; 10.503 ns       ; SW[10] ; HEX0[3] ;
; N/A   ; None              ; 10.488 ns       ; SW[0]  ; HEX0[4] ;
; N/A   ; None              ; 10.486 ns       ; SW[3]  ; HEX1[4] ;
; N/A   ; None              ; 10.472 ns       ; SW[10] ; HEX0[4] ;
; N/A   ; None              ; 10.344 ns       ; SW[1]  ; HEX0[2] ;
; N/A   ; None              ; 10.319 ns       ; SW[1]  ; HEX0[0] ;
; N/A   ; None              ; 10.284 ns       ; SW[0]  ; HEX0[2] ;
; N/A   ; None              ; 10.268 ns       ; SW[10] ; HEX0[2] ;
; N/A   ; None              ; 10.259 ns       ; SW[0]  ; HEX0[0] ;
; N/A   ; None              ; 10.250 ns       ; SW[1]  ; HEX0[1] ;
; N/A   ; None              ; 10.243 ns       ; SW[10] ; HEX0[0] ;
; N/A   ; None              ; 10.190 ns       ; SW[0]  ; HEX0[1] ;
; N/A   ; None              ; 10.174 ns       ; SW[10] ; HEX0[1] ;
; N/A   ; None              ; 10.139 ns       ; SW[2]  ; HEX0[6] ;
; N/A   ; None              ; 10.021 ns       ; SW[2]  ; HEX0[5] ;
; N/A   ; None              ; 9.995 ns        ; SW[2]  ; HEX0[3] ;
; N/A   ; None              ; 9.964 ns        ; SW[2]  ; HEX0[4] ;
; N/A   ; None              ; 9.760 ns        ; SW[2]  ; HEX0[2] ;
; N/A   ; None              ; 9.735 ns        ; SW[2]  ; HEX0[0] ;
; N/A   ; None              ; 9.666 ns        ; SW[2]  ; HEX0[1] ;
; N/A   ; None              ; 9.135 ns        ; SW[11] ; HEX0[6] ;
; N/A   ; None              ; 9.017 ns        ; SW[11] ; HEX0[5] ;
; N/A   ; None              ; 8.991 ns        ; SW[11] ; HEX0[3] ;
; N/A   ; None              ; 8.960 ns        ; SW[11] ; HEX0[4] ;
; N/A   ; None              ; 8.931 ns        ; SW[8]  ; HEX6[5] ;
; N/A   ; None              ; 8.815 ns        ; SW[9]  ; HEX6[5] ;
; N/A   ; None              ; 8.756 ns        ; SW[11] ; HEX0[2] ;
; N/A   ; None              ; 8.731 ns        ; SW[11] ; HEX0[0] ;
; N/A   ; None              ; 8.703 ns        ; SW[3]  ; HEX0[6] ;
; N/A   ; None              ; 8.668 ns        ; SW[8]  ; HEX6[4] ;
; N/A   ; None              ; 8.662 ns        ; SW[11] ; HEX0[1] ;
; N/A   ; None              ; 8.585 ns        ; SW[3]  ; HEX0[5] ;
; N/A   ; None              ; 8.559 ns        ; SW[3]  ; HEX0[3] ;
; N/A   ; None              ; 8.552 ns        ; SW[9]  ; HEX6[4] ;
; N/A   ; None              ; 8.528 ns        ; SW[3]  ; HEX0[4] ;
; N/A   ; None              ; 8.497 ns        ; SW[8]  ; HEX6[6] ;
; N/A   ; None              ; 8.381 ns        ; SW[9]  ; HEX6[6] ;
; N/A   ; None              ; 8.340 ns        ; SW[2]  ; HEX4[1] ;
; N/A   ; None              ; 8.324 ns        ; SW[3]  ; HEX0[2] ;
; N/A   ; None              ; 8.316 ns        ; SW[1]  ; HEX4[1] ;
; N/A   ; None              ; 8.299 ns        ; SW[3]  ; HEX0[0] ;
; N/A   ; None              ; 8.230 ns        ; SW[3]  ; HEX0[1] ;
; N/A   ; None              ; 8.147 ns        ; SW[10] ; HEX6[5] ;
; N/A   ; None              ; 8.122 ns        ; SW[0]  ; HEX4[1] ;
; N/A   ; None              ; 8.028 ns        ; SW[8]  ; HEX6[2] ;
; N/A   ; None              ; 7.949 ns        ; SW[11] ; HEX6[5] ;
; N/A   ; None              ; 7.935 ns        ; SW[9]  ; HEX6[2] ;
; N/A   ; None              ; 7.911 ns        ; SW[8]  ; HEX6[3] ;
; N/A   ; None              ; 7.883 ns        ; SW[2]  ; HEX4[4] ;
; N/A   ; None              ; 7.883 ns        ; SW[2]  ; HEX4[6] ;
; N/A   ; None              ; 7.876 ns        ; SW[10] ; HEX6[4] ;
; N/A   ; None              ; 7.872 ns        ; SW[2]  ; HEX4[5] ;
; N/A   ; None              ; 7.865 ns        ; SW[2]  ; HEX4[3] ;
; N/A   ; None              ; 7.860 ns        ; SW[1]  ; HEX4[4] ;
; N/A   ; None              ; 7.859 ns        ; SW[1]  ; HEX4[6] ;
; N/A   ; None              ; 7.851 ns        ; SW[1]  ; HEX4[2] ;
; N/A   ; None              ; 7.849 ns        ; SW[2]  ; HEX4[2] ;
; N/A   ; None              ; 7.849 ns        ; SW[1]  ; HEX4[5] ;
; N/A   ; None              ; 7.842 ns        ; SW[1]  ; HEX4[3] ;
; N/A   ; None              ; 7.789 ns        ; SW[9]  ; HEX6[3] ;
; N/A   ; None              ; 7.776 ns        ; SW[3]  ; HEX4[1] ;
; N/A   ; None              ; 7.712 ns        ; SW[10] ; HEX6[6] ;
; N/A   ; None              ; 7.676 ns        ; SW[0]  ; HEX4[4] ;
; N/A   ; None              ; 7.675 ns        ; SW[11] ; HEX6[4] ;
; N/A   ; None              ; 7.671 ns        ; SW[0]  ; HEX4[2] ;
; N/A   ; None              ; 7.666 ns        ; SW[0]  ; HEX4[5] ;
; N/A   ; None              ; 7.663 ns        ; SW[0]  ; HEX4[6] ;
; N/A   ; None              ; 7.659 ns        ; SW[0]  ; HEX4[3] ;
; N/A   ; None              ; 7.516 ns        ; SW[11] ; HEX6[6] ;
; N/A   ; None              ; 7.452 ns        ; SW[2]  ; HEX4[0] ;
; N/A   ; None              ; 7.429 ns        ; SW[1]  ; HEX4[0] ;
; N/A   ; None              ; 7.389 ns        ; SW[8]  ; HEX6[1] ;
; N/A   ; None              ; 7.320 ns        ; SW[3]  ; HEX4[6] ;
; N/A   ; None              ; 7.316 ns        ; SW[3]  ; HEX4[4] ;
; N/A   ; None              ; 7.309 ns        ; SW[3]  ; HEX4[2] ;
; N/A   ; None              ; 7.305 ns        ; SW[3]  ; HEX4[5] ;
; N/A   ; None              ; 7.298 ns        ; SW[3]  ; HEX4[3] ;
; N/A   ; None              ; 7.273 ns        ; SW[9]  ; HEX6[1] ;
; N/A   ; None              ; 7.270 ns        ; SW[10] ; HEX6[2] ;
; N/A   ; None              ; 7.246 ns        ; SW[0]  ; HEX4[0] ;
; N/A   ; None              ; 7.200 ns        ; SW[8]  ; HEX6[0] ;
; N/A   ; None              ; 7.126 ns        ; SW[10] ; HEX6[3] ;
; N/A   ; None              ; 7.082 ns        ; SW[9]  ; HEX6[0] ;
; N/A   ; None              ; 7.073 ns        ; SW[11] ; HEX6[2] ;
; N/A   ; None              ; 6.928 ns        ; SW[11] ; HEX6[3] ;
; N/A   ; None              ; 6.884 ns        ; SW[3]  ; HEX4[0] ;
; N/A   ; None              ; 6.599 ns        ; SW[10] ; HEX6[1] ;
; N/A   ; None              ; 6.415 ns        ; SW[10] ; HEX6[0] ;
; N/A   ; None              ; 6.402 ns        ; SW[11] ; HEX6[1] ;
; N/A   ; None              ; 6.218 ns        ; SW[11] ; HEX6[0] ;
+-------+-------------------+-----------------+--------+---------+


+--------------------------+
; Timing Analyzer Messages ;
+--------------------------+
Info: *******************************************************************
Info: Running Quartus II Classic Timing Analyzer
    Info: Version 6.1 Build 201 11/27/2006 SJ Web Edition
    Info: Processing started: Thu May 03 11:25:57 2007
Info: Command: quartus_tan --read_settings_files=off --write_settings_files=off part5 -c part5 --timing_analysis_only
Info: Longest tpd from source pin "SW[8]" to destination pin "HEX1[5]" is 15.435 ns
    Info: 1: + IC(0.000 ns) + CELL(0.999 ns) = 0.999 ns; Loc. = PIN_B13; Fanout = 15; PIN Node = 'SW[8]'
    Info: 2: + IC(2.041 ns) + CELL(0.420 ns) = 3.460 ns; Loc. = LCCOMB_X23_Y16_N22; Fanout = 1; COMB Node = 'fa:b1_a1|co~7'
    Info: 3: + IC(0.237 ns) + CELL(0.150 ns) = 3.847 ns; Loc. = LCCOMB_X23_Y16_N20; Fanout = 2; COMB Node = 'fa:b1_a1|co~13'
    Info: 4: + IC(0.282 ns) + CELL(0.438 ns) = 4.567 ns; Loc. = LCCOMB_X23_Y16_N28; Fanout = 2; COMB Node = 'fa:b1_a2|s'
    Info: 5: + IC(0.258 ns) + CELL(0.150 ns) = 4.975 ns; Loc. = LCCOMB_X23_Y16_N18; Fanout = 2; COMB Node = 'fa:b2_a1|co~4'
    Info: 6: + IC(0.451 ns) + CELL(0.419 ns) = 5.845 ns; Loc. = LCCOMB_X24_Y16_N0; Fanout = 2; COMB Node = 'fa:b2_a2|s'
    Info: 7: + IC(0.674 ns) + CELL(0.437 ns) = 6.956 ns; Loc. = LCCOMB_X23_Y16_N14; Fanout = 2; COMB Node = 'fa:b3_a1|co~4'
    Info: 8: + IC(0.416 ns) + CELL(0.438 ns) = 7.810 ns; Loc. = LCCOMB_X24_Y16_N30; Fanout = 2; COMB Node = 'fa:b3_a2|co~4'
    Info: 9: + IC(0.246 ns) + CELL(0.150 ns) = 8.206 ns; Loc. = LCCOMB_X24_Y16_N22; Fanout = 7; COMB Node = 'fa:b3_a3|s~12'
    Info: 10: + IC(0.296 ns) + CELL(0.419 ns) = 8.921 ns; Loc. = LCCOMB_X24_Y16_N28; Fanout = 1; COMB Node = 'hex7seg:digit_1|Mux5~3'
    Info: 11: + IC(3.882 ns) + CELL(2.632 ns) = 15.435 ns; Loc. = PIN_AA23; Fanout = 0; PIN Node = 'HEX1[5]'
    Info: Total cell delay = 6.652 ns ( 43.10 % )
    Info: Total interconnect delay = 8.783 ns ( 56.90 % )
Info: Quartus II Classic Timing Analyzer was successful. 0 errors, 0 warnings
    Info: Allocated 112 megabytes of memory during processing
    Info: Processing ended: Thu May 03 11:25:58 2007
    Info: Elapsed time: 00:00:01


