Analysis & Synthesis report for part5
Thu May 03 11:25:11 2007
Quartus II Version 6.1 Build 201 11/27/2006 SJ Web Edition


---------------------
; Table of Contents ;
---------------------
  1. Legal Notice
  2. Analysis & Synthesis Summary
  3. Analysis & Synthesis Settings
  4. Analysis & Synthesis Source Files Read
  5. Analysis & Synthesis Resource Usage Summary
  6. Analysis & Synthesis Resource Utilization by Entity
  7. General Register Statistics
  8. Analysis & Synthesis Messages



----------------
; Legal Notice ;
----------------
Copyright (C) 1991-2006 Altera Corporation
Your use of Altera Corporation's design tools, logic functions 
and other software and tools, and its AMPP partner logic 
functions, and any output files from any of the foregoing 
(including device programming or simulation files), and any 
associated documentation or information are expressly subject 
to the terms and conditions of the Altera Program License 
Subscription Agreement, Altera MegaCore Function License 
Agreement, or other applicable license agreement, including, 
without limitation, that your use is for the sole purpose of 
programming logic devices manufactured by Altera and sold by 
Altera or its authorized distributors.  Please refer to the 
applicable agreement for further details.



+------------------------------------------------------------------------------+
; Analysis & Synthesis Summary                                                 ;
+------------------------------------+-----------------------------------------+
; Analysis & Synthesis Status        ; Successful - Thu May 03 11:25:11 2007   ;
; Quartus II Version                 ; 6.1 Build 201 11/27/2006 SJ Web Edition ;
; Revision Name                      ; part5                                   ;
; Top-level Entity Name              ; part5                                   ;
; Family                             ; Cyclone II                              ;
; Total logic elements               ; 59                                      ;
;     Total combinational functions  ; 59                                      ;
;     Dedicated logic registers      ; 0                                       ;
; Total registers                    ; 0                                       ;
; Total pins                         ; 72                                      ;
; Total virtual pins                 ; 0                                       ;
; Total memory bits                  ; 0                                       ;
; Embedded Multiplier 9-bit elements ; 0                                       ;
; Total PLLs                         ; 0                                       ;
+------------------------------------+-----------------------------------------+


+--------------------------------------------------------------------------------------------------------------+
; Analysis & Synthesis Settings                                                                                ;
+--------------------------------------------------------------------+--------------------+--------------------+
; Option                                                             ; Setting            ; Default Value      ;
+--------------------------------------------------------------------+--------------------+--------------------+
; Device                                                             ; EP2C35F672C6       ;                    ;
; Top-level entity name                                              ; part5              ; part5              ;
; Family name                                                        ; Cyclone II         ; Stratix            ;
; Restructure Multiplexers                                           ; Auto               ; Auto               ;
; Create Debugging Nodes for IP Cores                                ; Off                ; Off                ;
; Preserve fewer node names                                          ; On                 ; On                 ;
; Disable OpenCore Plus hardware evaluation                          ; Off                ; Off                ;
; Verilog Version                                                    ; Verilog_2001       ; Verilog_2001       ;
; VHDL Version                                                       ; VHDL93             ; VHDL93             ;
; State Machine Processing                                           ; Auto               ; Auto               ;
; Safe State Machine                                                 ; Off                ; Off                ;
; Extract Verilog State Machines                                     ; On                 ; On                 ;
; Extract VHDL State Machines                                        ; On                 ; On                 ;
; Ignore Verilog initial constructs                                  ; Off                ; Off                ;
; Add Pass-Through Logic to Inferred RAMs                            ; On                 ; On                 ;
; DSP Block Balancing                                                ; Auto               ; Auto               ;
; NOT Gate Push-Back                                                 ; On                 ; On                 ;
; Power-Up Don't Care                                                ; On                 ; On                 ;
; Remove Redundant Logic Cells                                       ; Off                ; Off                ;
; Remove Duplicate Registers                                         ; On                 ; On                 ;
; Ignore CARRY Buffers                                               ; Off                ; Off                ;
; Ignore CASCADE Buffers                                             ; Off                ; Off                ;
; Ignore GLOBAL Buffers                                              ; Off                ; Off                ;
; Ignore ROW GLOBAL Buffers                                          ; Off                ; Off                ;
; Ignore LCELL Buffers                                               ; Off                ; Off                ;
; Ignore SOFT Buffers                                                ; On                 ; On                 ;
; Limit AHDL Integers to 32 Bits                                     ; Off                ; Off                ;
; Optimization Technique -- Cyclone II                               ; Balanced           ; Balanced           ;
; Carry Chain Length -- Stratix/Stratix GX/Cyclone/MAX II/Cyclone II ; 70                 ; 70                 ;
; Auto Carry Chains                                                  ; On                 ; On                 ;
; Auto Open-Drain Pins                                               ; On                 ; On                 ;
; Perform WYSIWYG Primitive Resynthesis                              ; Off                ; Off                ;
; Perform gate-level register retiming                               ; Off                ; Off                ;
; Allow register retiming to trade off Tsu/Tco with Fmax             ; On                 ; On                 ;
; Auto ROM Replacement                                               ; On                 ; On                 ;
; Auto RAM Replacement                                               ; On                 ; On                 ;
; Auto Shift Register Replacement                                    ; On                 ; On                 ;
; Auto Clock Enable Replacement                                      ; On                 ; On                 ;
; Allow Synchronous Control Signals                                  ; On                 ; On                 ;
; Force Use of Synchronous Clear Signals                             ; Off                ; Off                ;
; Auto RAM to Logic Cell Conversion                                  ; Off                ; Off                ;
; Auto Resource Sharing                                              ; Off                ; Off                ;
; Allow Any RAM Size For Recognition                                 ; Off                ; Off                ;
; Allow Any ROM Size For Recognition                                 ; Off                ; Off                ;
; Allow Any Shift Register Size For Recognition                      ; Off                ; Off                ;
; Ignore translate_off and synthesis_off directives                  ; Off                ; Off                ;
; Show Parameter Settings Tables in Synthesis Report                 ; On                 ; On                 ;
; Ignore Maximum Fan-Out Assignments                                 ; Off                ; Off                ;
; Retiming Meta-Stability Register Sequence Length                   ; 2                  ; 2                  ;
; PowerPlay Power Optimization                                       ; Normal compilation ; Normal compilation ;
; HDL message level                                                  ; Level2             ; Level2             ;
; Suppress Register Optimization Related Messages                    ; Off                ; Off                ;
; Number of Removed Registers Reported in Synthesis Report           ; 100                ; 100                ;
; Use smart compilation                                              ; Off                ; Off                ;
+--------------------------------------------------------------------+--------------------+--------------------+


+--------------------------------------------------------------------------------------------------------------------------------------------------------------+
; Analysis & Synthesis Source Files Read                                                                                                                       ;
+----------------------------------+-----------------+-----------------+---------------------------------------------------------------------------------------+
; File Name with User-Entered Path ; Used in Netlist ; File Type       ; File Name with Absolute Path                                                          ;
+----------------------------------+-----------------+-----------------+---------------------------------------------------------------------------------------+
; part5.vhd                        ; yes             ; User VHDL File  ; D:/강의관련/디지털공학/DE2/VHDL_source_files/Exercise6/solutions/part5.VHDL/part5.vhd ;
+----------------------------------+-----------------+-----------------+---------------------------------------------------------------------------------------+


+-----------------------------------------------------+
; Analysis & Synthesis Resource Usage Summary         ;
+---------------------------------------------+-------+
; Resource                                    ; Usage ;
+---------------------------------------------+-------+
; Estimated Total logic elements              ; 59    ;
;                                             ;       ;
; Total combinational functions               ; 59    ;
; Logic element usage by number of LUT inputs ;       ;
;     -- 4 input functions                    ; 46    ;
;     -- 3 input functions                    ; 2     ;
;     -- <=2 input functions                  ; 11    ;
;                                             ;       ;
; Logic elements by mode                      ;       ;
;     -- normal mode                          ; 59    ;
;     -- arithmetic mode                      ; 0     ;
;                                             ;       ;
; Total registers                             ; 0     ;
;     -- Dedicated logic registers            ; 0     ;
;     -- I/O registers                        ; 0     ;
;                                             ;       ;
; I/O pins                                    ; 72    ;
; Maximum fan-out node                        ; SW[8] ;
; Maximum fan-out                             ; 15    ;
; Total fan-out                               ; 240   ;
; Average fan-out                             ; 1.83  ;
+---------------------------------------------+-------+


+-----------------------------------------------------------------------------------------------------------------------------------------------------------------+
; Analysis & Synthesis Resource Utilization by Entity                                                                                                             ;
+----------------------------+-------------------+--------------+-------------+--------------+---------+-----------+------+--------------+------------------------+
; Compilation Hierarchy Node ; LC Combinationals ; LC Registers ; Memory Bits ; DSP Elements ; DSP 9x9 ; DSP 18x18 ; Pins ; Virtual Pins ; Full Hierarchy Name    ;
+----------------------------+-------------------+--------------+-------------+--------------+---------+-----------+------+--------------+------------------------+
; |part5                     ; 59 (10)           ; 0 (0)        ; 0           ; 0            ; 0       ; 0         ; 72   ; 0            ; |part5                 ;
;    |fa:b1_a0|              ; 1 (1)             ; 0 (0)        ; 0           ; 0            ; 0       ; 0         ; 0    ; 0            ; |part5|fa:b1_a0        ;
;    |fa:b1_a1|              ; 4 (4)             ; 0 (0)        ; 0           ; 0            ; 0       ; 0         ; 0    ; 0            ; |part5|fa:b1_a1        ;
;    |fa:b1_a2|              ; 2 (2)             ; 0 (0)        ; 0           ; 0            ; 0       ; 0         ; 0    ; 0            ; |part5|fa:b1_a2        ;
;    |fa:b2_a0|              ; 1 (1)             ; 0 (0)        ; 0           ; 0            ; 0       ; 0         ; 0    ; 0            ; |part5|fa:b2_a0        ;
;    |fa:b2_a1|              ; 2 (2)             ; 0 (0)        ; 0           ; 0            ; 0       ; 0         ; 0    ; 0            ; |part5|fa:b2_a1        ;
;    |fa:b2_a2|              ; 2 (2)             ; 0 (0)        ; 0           ; 0            ; 0       ; 0         ; 0    ; 0            ; |part5|fa:b2_a2        ;
;    |fa:b2_a3|              ; 2 (2)             ; 0 (0)        ; 0           ; 0            ; 0       ; 0         ; 0    ; 0            ; |part5|fa:b2_a3        ;
;    |fa:b3_a0|              ; 1 (1)             ; 0 (0)        ; 0           ; 0            ; 0       ; 0         ; 0    ; 0            ; |part5|fa:b3_a0        ;
;    |fa:b3_a1|              ; 2 (2)             ; 0 (0)        ; 0           ; 0            ; 0       ; 0         ; 0    ; 0            ; |part5|fa:b3_a1        ;
;    |fa:b3_a2|              ; 2 (2)             ; 0 (0)        ; 0           ; 0            ; 0       ; 0         ; 0    ; 0            ; |part5|fa:b3_a2        ;
;    |fa:b3_a3|              ; 2 (2)             ; 0 (0)        ; 0           ; 0            ; 0       ; 0         ; 0    ; 0            ; |part5|fa:b3_a3        ;
;    |hex7seg:digit_0|       ; 7 (7)             ; 0 (0)        ; 0           ; 0            ; 0       ; 0         ; 0    ; 0            ; |part5|hex7seg:digit_0 ;
;    |hex7seg:digit_1|       ; 7 (7)             ; 0 (0)        ; 0           ; 0            ; 0       ; 0         ; 0    ; 0            ; |part5|hex7seg:digit_1 ;
;    |hex7seg:digit_4|       ; 7 (7)             ; 0 (0)        ; 0           ; 0            ; 0       ; 0         ; 0    ; 0            ; |part5|hex7seg:digit_4 ;
;    |hex7seg:digit_6|       ; 7 (7)             ; 0 (0)        ; 0           ; 0            ; 0       ; 0         ; 0    ; 0            ; |part5|hex7seg:digit_6 ;
+----------------------------+-------------------+--------------+-------------+--------------+---------+-----------+------+--------------+------------------------+
Note: For table entries with two numbers listed, the numbers in parentheses indicate the number of resources of the given type used by the specific entity alone. The numbers listed outside of parentheses indicate the total resources of the given type used by the specific entity and all of its sub-entities in the hierarchy.


+------------------------------------------------------+
; General Register Statistics                          ;
+----------------------------------------------+-------+
; Statistic                                    ; Value ;
+----------------------------------------------+-------+
; Total registers                              ; 0     ;
; Number of registers using Synchronous Clear  ; 0     ;
; Number of registers using Synchronous Load   ; 0     ;
; Number of registers using Asynchronous Clear ; 0     ;
; Number of registers using Asynchronous Load  ; 0     ;
; Number of registers using Clock Enable       ; 0     ;
; Number of registers using Preset             ; 0     ;
+----------------------------------------------+-------+


+-------------------------------+
; Analysis & Synthesis Messages ;
+-------------------------------+
Info: *******************************************************************
Info: Running Quartus II Analysis & Synthesis
    Info: Version 6.1 Build 201 11/27/2006 SJ Web Edition
    Info: Processing started: Thu May 03 11:25:07 2007
Info: Command: quartus_map --read_settings_files=on --write_settings_files=off part5 -c part5
Info: Found 6 design units, including 3 entities, in source file part5.vhd
    Info: Found design unit 1: part5-Structure
    Info: Found design unit 2: fa-Structure
    Info: Found design unit 3: hex7seg-Behavior
    Info: Found entity 1: part5
    Info: Found entity 2: fa
    Info: Found entity 3: hex7seg
Info: Elaborating entity "part5" for the top level hierarchy
Info: Elaborating entity "fa" for hierarchy "fa:b1_a0"
Info: Elaborating entity "hex7seg" for hierarchy "hex7seg:digit_7"
Warning: Output pins are stuck at VCC or GND
    Warning: Pin "HEX7[6]" stuck at VCC
    Warning: Pin "HEX7[5]" stuck at GND
    Warning: Pin "HEX7[4]" stuck at GND
    Warning: Pin "HEX7[3]" stuck at GND
    Warning: Pin "HEX7[2]" stuck at GND
    Warning: Pin "HEX7[1]" stuck at GND
    Warning: Pin "HEX7[0]" stuck at GND
    Warning: Pin "HEX5[6]" stuck at VCC
    Warning: Pin "HEX5[5]" stuck at GND
    Warning: Pin "HEX5[4]" stuck at GND
    Warning: Pin "HEX5[3]" stuck at GND
    Warning: Pin "HEX5[2]" stuck at GND
    Warning: Pin "HEX5[1]" stuck at GND
    Warning: Pin "HEX5[0]" stuck at GND
    Warning: Pin "HEX3[6]" stuck at VCC
    Warning: Pin "HEX3[5]" stuck at GND
    Warning: Pin "HEX3[4]" stuck at GND
    Warning: Pin "HEX3[3]" stuck at GND
    Warning: Pin "HEX3[2]" stuck at GND
    Warning: Pin "HEX3[1]" stuck at GND
    Warning: Pin "HEX3[0]" stuck at GND
    Warning: Pin "HEX2[6]" stuck at VCC
    Warning: Pin "HEX2[5]" stuck at GND
    Warning: Pin "HEX2[4]" stuck at GND
    Warning: Pin "HEX2[3]" stuck at GND
    Warning: Pin "HEX2[2]" stuck at GND
    Warning: Pin "HEX2[1]" stuck at GND
    Warning: Pin "HEX2[0]" stuck at GND
Warning: Design contains 8 input pin(s) that do not drive logic
    Warning: No output dependent on input pin "SW[4]"
    Warning: No output dependent on input pin "SW[5]"
    Warning: No output dependent on input pin "SW[6]"
    Warning: No output dependent on input pin "SW[7]"
    Warning: No output dependent on input pin "SW[12]"
    Warning: No output dependent on input pin "SW[13]"
    Warning: No output dependent on input pin "SW[14]"
    Warning: No output dependent on input pin "SW[15]"
Info: Implemented 131 device resources after synthesis - the final resource count might be different
    Info: Implemented 16 input pins
    Info: Implemented 56 output pins
    Info: Implemented 59 logic cells
Info: Quartus II Analysis & Synthesis was successful. 0 errors, 38 warnings
    Info: Allocated 142 megabytes of memory during processing
    Info: Processing ended: Thu May 03 11:25:11 2007
    Info: Elapsed time: 00:00:04


